Log file open, 04/07/23 20:29:45
LogWindows: Failed to load 'aqProf.dll' (GetLastError=126)
LogWindows: File 'aqProf.dll' does not exist
LogWindows: Failed to load 'VtuneApi.dll' (GetLastError=126)
LogWindows: File 'VtuneApi.dll' does not exist
LogWindows: Failed to load 'VtuneApi32e.dll' (GetLastError=126)
LogWindows: File 'VtuneApi32e.dll' does not exist
LogConsoleResponse: Display: Failed to find resolution value strings in scalability ini. Falling back to default.
LogConsoleResponse: Display: Failed to find resolution value strings in scalability ini. Falling back to default.
LogInit: Display: Running engine for game: Partial
LogPlatformFile: Not using cached read wrapper
LogTaskGraph: Started task graph with 5 named threads and 20 total threads with 3 sets of task threads.
LogStats: Stats thread started at 6.463326
LogICUInternationalization: ICU TimeZone Detection - Raw Offset: +0:00, Platform Override: ''
LogInit: Display: Loading text-based GConfig....
LogPluginManager: Mounting plugin MeshPainting
LogPluginManager: Mounting plugin XGEController
LogPluginManager: Mounting plugin Paper2D
LogPluginManager: Mounting plugin LiveLink
LogPluginManager: Mounting plugin LightPropagationVolume
LogPluginManager: Mounting plugin EnvironmentQueryEditor
LogPluginManager: Mounting plugin CameraShakePreviewer
LogPluginManager: Mounting plugin GameplayCameras
LogPluginManager: Mounting plugin AnimationSharing
LogPluginManager: Mounting plugin CLionSourceCodeAccess
LogPluginManager: Mounting plugin CodeLiteSourceCodeAccess
LogPluginManager: Mounting plugin GitSourceControl
LogPluginManager: Mounting plugin KDevelopSourceCodeAccess
LogPluginManager: Mounting plugin NullSourceCodeAccess
LogPluginManager: Mounting plugin PerforceSourceControl
LogPluginManager: Mounting plugin PixWinPlugin
LogPluginManager: Mounting plugin PlasticSourceControl
LogPluginManager: Mounting plugin PluginUtils
LogPluginManager: Mounting plugin PropertyAccessNode
LogPluginManager: Mounting plugin RiderSourceCodeAccess
LogPluginManager: Mounting plugin SubversionSourceControl
LogPluginManager: Mounting plugin TextureFormatOodle
LogPluginManager: Mounting plugin OodleData
LogPluginManager: Mounting plugin AISupport
LogPluginManager: Mounting plugin VisualStudioCodeSourceCodeAccess
LogPluginManager: Mounting plugin OodleNetwork
LogPluginManager: Mounting plugin AlembicImporter
LogPluginManager: Mounting plugin XCodeSourceCodeAccess
LogPluginManager: Mounting plugin AutomationUtils
LogPluginManager: Mounting plugin BackChannel
LogPluginManager: Mounting plugin UObjectPlugin
LogPluginManager: Mounting plugin VisualStudioSourceCodeAccess
LogPluginManager: Mounting plugin ChaosCloth
LogPluginManager: Mounting plugin ChaosNiagara
LogPluginManager: Mounting plugin ChaosClothEditor
LogPluginManager: Mounting plugin ChaosSolverPlugin
LogPluginManager: Mounting plugin ChaosEditor
LogPluginManager: Mounting plugin CharacterAI
LogPluginManager: Mounting plugin GeometryCache
LogPluginManager: Mounting plugin GeometryCollectionPlugin
LogPluginManager: Mounting plugin GeometryProcessing
LogPluginManager: Mounting plugin MotoSynth
LogPluginManager: Mounting plugin OpenImageDenoise
LogPluginManager: Mounting plugin PlatformCrypto
LogPluginManager: Mounting plugin ProxyLODPlugin
LogPluginManager: Mounting plugin SkeletalReduction
LogPluginManager: Mounting plugin PythonScriptPlugin
LogPluginManager: Mounting plugin Niagara
LogPluginManager: Mounting plugin PlanarCut
LogPluginManager: Mounting plugin VariantManagerContent
LogPluginManager: Mounting plugin DatasmithContent
LogPluginManager: Mounting plugin AssetManagerEditor
LogPluginManager: Mounting plugin CryptoKeys
LogPluginManager: Mounting plugin CurveEditorTools
LogPluginManager: Mounting plugin DataValidation
LogPluginManager: Mounting plugin FacialAnimation
LogPluginManager: Mounting plugin GameplayTagsEditor
LogPluginManager: Mounting plugin GeometryMode
LogPluginManager: Mounting plugin MacGraphicsSwitching
LogPluginManager: Mounting plugin MaterialAnalyzer
LogPluginManager: Mounting plugin MobileLauncherProfileWizard
LogPluginManager: Mounting plugin PluginBrowser
LogPluginManager: Mounting plugin SpeedTreeImporter
LogPluginManager: Mounting plugin AndroidMedia
LogPluginManager: Mounting plugin ImgMedia
LogPluginManager: Mounting plugin MediaCompositing
LogPluginManager: Mounting plugin AvfMedia
LogPluginManager: Mounting plugin MediaPlayerEditor
LogPluginManager: Mounting plugin WebMMedia
LogPluginManager: Mounting plugin MagicLeap
LogPluginManager: Mounting plugin MagicLeapLightEstimation
LogPluginManager: Mounting plugin LuminPlatformFeatures
LogPluginManager: Mounting plugin MagicLeapMedia
LogPluginManager: Mounting plugin MagicLeapPassableWorld
LogPluginManager: Mounting plugin MLSDK
LogPluginManager: Mounting plugin TcpMessaging
LogPluginManager: Mounting plugin UdpMessaging
LogPluginManager: Mounting plugin ActorSequence
LogPluginManager: Mounting plugin LevelSequenceEditor
LogPluginManager: Mounting plugin MatineeToLevelSequence
LogPluginManager: Mounting plugin TemplateSequence
LogPluginManager: Mounting plugin LauncherChunkInstaller
LogPluginManager: Mounting plugin WmfMedia
LogPluginManager: Mounting plugin ActorLayerUtilities
LogPluginManager: Mounting plugin AndroidDeviceProfileSelector
LogPluginManager: Mounting plugin AndroidPermission
LogPluginManager: Mounting plugin AndroidMoviePlayer
LogPluginManager: Mounting plugin AppleImageUtils
LogPluginManager: Mounting plugin AppleMoviePlayer
LogPluginManager: Mounting plugin ArchVisCharacter
LogPluginManager: Mounting plugin AssetTags
LogPluginManager: Mounting plugin AudioCapture
LogPluginManager: Mounting plugin AudioSynesthesia
LogPluginManager: Mounting plugin CableComponent
LogPluginManager: Mounting plugin ChunkDownloader
LogPluginManager: Mounting plugin CustomMeshComponent
LogPluginManager: Mounting plugin ExampleDeviceProfileSelector
LogPluginManager: Mounting plugin EditableMesh
LogPluginManager: Mounting plugin GooglePAD
LogPluginManager: Mounting plugin GoogleCloudMessaging
LogPluginManager: Mounting plugin IOSDeviceProfileSelector
LogPluginManager: Mounting plugin LinuxDeviceProfileSelector
LogPluginManager: Mounting plugin LocationServicesBPLibrary
LogPluginManager: Mounting plugin MobilePatchingUtils
LogPluginManager: Mounting plugin OpenXR
LogPluginManager: Mounting plugin OpenXREyeTracker
LogPluginManager: Mounting plugin OpenXRHandTracking
LogPluginManager: Mounting plugin PhysXVehicles
LogPluginManager: Mounting plugin PostSplashScreen
LogPluginManager: Mounting plugin PropertyAccessEditor
LogPluginManager: Mounting plugin ProceduralMeshComponent
LogPluginManager: Mounting plugin RuntimePhysXCooking
LogPluginManager: Mounting plugin SignificanceManager
LogPluginManager: Mounting plugin SoundFields
LogPluginManager: Mounting plugin Synthesis
LogPluginManager: Mounting plugin WebMMoviePlayer
LogPluginManager: Mounting plugin WindowsMoviePlayer
LogPluginManager: Mounting plugin ScreenshotTools
LogPluginManager: Mounting plugin OnlineSubsystem
LogPluginManager: Mounting plugin OnlineSubsystemNull
LogPluginManager: Mounting plugin OnlineSubsystemUtils
LogPluginManager: Mounting plugin Takes
LogPluginManager: Mounting plugin ContentBrowserAssetDataSource
LogPluginManager: Mounting plugin ContentBrowserClassDataSource
LogPluginManager: Mounting plugin ContentBrowserFileDataSource
LogPluginManager: Mounting plugin OculusVR
LogPluginManager: Mounting plugin SteamVR
LogPluginManager: Mounting plugin OnlineSubsystemGooglePlay
LogPluginManager: Mounting plugin OnlineSubsystemIOS
PixWinPlugin: PIX capture plugin failed to initialize! Check that the process is launched from PIX.
LogInit: Using libcurl 7.55.1-DEV
LogInit:  - built for x86_64-pc-win32
LogInit:  - supports SSL with OpenSSL/1.1.1
LogInit:  - supports HTTP deflate (compression) using libz 1.2.8
LogInit:  - other features:
LogInit:      CURL_VERSION_SSL
LogInit:      CURL_VERSION_LIBZ
LogInit:      CURL_VERSION_IPV6
LogInit:      CURL_VERSION_ASYNCHDNS
LogInit:      CURL_VERSION_LARGEFILE
LogInit:      CURL_VERSION_IDN
LogInit:  CurlRequestOptions (configurable via config and command line):
LogInit:  - bVerifyPeer = true  - Libcurl will verify peer certificate
LogInit:  - bUseHttpProxy = false  - Libcurl will NOT use HTTP proxy
LogInit:  - bDontReuseConnections = false  - Libcurl will reuse connections
LogInit:  - MaxHostConnections = 16  - Libcurl will limit the number of connections to a host
LogInit:  - LocalHostAddr = Default
LogInit:  - BufferSize = 65536
LogOnline: OSS: Creating online subsystem instance for: NULL
LogInit: WinSock: version 1.1 (2.2), MaxSocks=32767, MaxUdp=65467
LogOnline: OSS: TryLoadSubsystemAndSetDefault: Loaded subsystem for module [NULL]
LogOculusPluginWrapper: OculusPlugin initialized successfully
LogHMD: Failed initializing OVRPlugin 1.59.0
LogInit: Build: ++UE4+Release-4.27-CL-18319896
LogInit: Engine Version: 4.27.2-18319896+++UE4+Release-4.27
LogInit: Compatible Engine Version: 4.27.0-17155196+++UE4+Release-4.27
LogInit: Net CL: 17155196
LogInit: OS: Windows 10 (Release 2009) (), CPU: Intel(R) Core(TM) i5-9400F CPU @ 2.90GHz, GPU: NVIDIA GeForce GTX 1660 SUPER
LogInit: Compiled (64-bit): Nov 30 2021 07:12:08
LogInit: Compiled with Visual C++: 19.24.28315.00
LogInit: Build Configuration: Development
LogInit: Branch Name: ++UE4+Release-4.27
LogInit: Command Line: 
LogInit: Base Directory: D:/UE_4.27/Engine/Binaries/Win64/
LogInit: Allocator: TBB
LogInit: Installed Engine Build: 1
LogDevObjectVersion: Number of dev versions registered: 29
LogDevObjectVersion:   Dev-Blueprints (B0D832E4-1F89-4F0D-ACCF-7EB736FD4AA2): 10
LogDevObjectVersion:   Dev-Build (E1C64328-A22C-4D53-A36C-8E866417BD8C): 0
LogDevObjectVersion:   Dev-Core (375EC13C-06E4-48FB-B500-84F0262A717E): 4
LogDevObjectVersion:   Dev-Editor (E4B068ED-F494-42E9-A231-DA0B2E46BB41): 40
LogDevObjectVersion:   Dev-Framework (CFFC743F-43B0-4480-9391-14DF171D2073): 37
LogDevObjectVersion:   Dev-Mobile (B02B49B5-BB20-44E9-A304-32B752E40360): 3
LogDevObjectVersion:   Dev-Networking (A4E4105C-59A1-49B5-A7C5-40C4547EDFEE): 0
LogDevObjectVersion:   Dev-Online (39C831C9-5AE6-47DC-9A44-9C173E1C8E7C): 0
LogDevObjectVersion:   Dev-Physics (78F01B33-EBEA-4F98-B9B4-84EACCB95AA2): 14
LogDevObjectVersion:   Dev-Platform (6631380F-2D4D-43E0-8009-CF276956A95A): 0
LogDevObjectVersion:   Dev-Rendering (12F88B9F-8875-4AFC-A67C-D90C383ABD29): 45
LogDevObjectVersion:   Dev-Sequencer (7B5AE74C-D270-4C10-A958-57980B212A5A): 13
LogDevObjectVersion:   Dev-VR (D7296918-1DD6-4BDD-9DE2-64A83CC13884): 3
LogDevObjectVersion:   Dev-LoadTimes (C2A15278-BFE7-4AFE-6C17-90FF531DF755): 1
LogDevObjectVersion:   Private-Geometry (6EACA3D4-40EC-4CC1-B786-8BED09428FC5): 3
LogDevObjectVersion:   Dev-AnimPhys (29E575DD-E0A3-4627-9D10-D276232CDCEA): 17
LogDevObjectVersion:   Dev-Anim (AF43A65D-7FD3-4947-9873-3E8ED9C1BB05): 15
LogDevObjectVersion:   Dev-ReflectionCapture (6B266CEC-1EC7-4B8F-A30B-E4D90942FC07): 1
LogDevObjectVersion:   Dev-Automation (0DF73D61-A23F-47EA-B727-89E90C41499A): 1
LogDevObjectVersion:   FortniteMain (601D1886-AC64-4F84-AA16-D3DE0DEAC7D6): 47
LogDevObjectVersion:   FortniteRelease (E7086368-6B23-4C58-8439-1B7016265E91): 1
LogDevObjectVersion:   Dev-Enterprise (9DFFBCD6-494F-0158-E221-12823C92A888): 10
LogDevObjectVersion:   Dev-Niagara (F2AED0AC-9AFE-416F-8664-AA7FFA26D6FC): 1
LogDevObjectVersion:   Dev-Destruction (174F1F0B-B4C6-45A5-B13F-2EE8D0FB917D): 10
LogDevObjectVersion:   Dev-Physics-Ext (35F94A83-E258-406C-A318-09F59610247C): 41
LogDevObjectVersion:   Dev-PhysicsMaterial-Chaos (B68FC16E-8B1B-42E2-B453-215C058844FE): 1
LogDevObjectVersion:   Dev-CineCamera (B2E18506-4273-CFC2-A54E-F4BB758BBA07): 1
LogDevObjectVersion:   Dev-VirtualProduction (64F58936-FD1B-42BA-BA96-7289D5D0FA4E): 1
LogDevObjectVersion:   Dev-MediaFramework (6F0ED827-A609-4895-9C91-998D90180EA4): 2
LogInit: Presizing for max 25165824 objects, including 0 objects not considered by GC, pre-allocating 0 bytes for permanent pool.
LogConfig: Applying CVar settings from Section [/Script/Engine.StreamingSettings] File [D:/Zack's Portfolio (up-to-date)/UnrealPortfolio/Partial/Saved/Config/Windows/Engine.ini]
LogConfig: Setting CVar [[s.MinBulkDataSizeForAsyncLoading:131072]]
LogConfig: Setting CVar [[s.AsyncLoadingThreadEnabled:0]]
LogConfig: Setting CVar [[s.EventDrivenLoaderEnabled:1]]
LogConfig: Setting CVar [[s.WarnIfTimeLimitExceeded:0]]
LogConfig: Setting CVar [[s.TimeLimitExceededMultiplier:1.5]]
LogConfig: Setting CVar [[s.TimeLimitExceededMinTime:0.005]]
LogConfig: Setting CVar [[s.UseBackgroundLevelStreaming:1]]
LogConfig: Setting CVar [[s.PriorityAsyncLoadingExtraTime:15.0]]
LogConfig: Setting CVar [[s.LevelStreamingActorsUpdateTimeLimit:5.0]]
LogConfig: Setting CVar [[s.PriorityLevelStreamingActorsUpdateExtraTime:5.0]]
LogConfig: Setting CVar [[s.LevelStreamingComponentsRegistrationGranularity:10]]
LogConfig: Setting CVar [[s.UnregisterComponentsTimeLimit:1.0]]
LogConfig: Setting CVar [[s.LevelStreamingComponentsUnregistrationGranularity:5]]
LogConfig: Setting CVar [[s.FlushStreamingOnExit:1]]
LogInit: Object subsystem initialized
LogConfig: Setting CVar [[con.DebugEarlyDefault:1]]
LogConfig: Setting CVar [[r.setres:1280x720]]
[2023.04.07-19.29.50:617][  0]LogConfig: Setting CVar [[r.VSync:0]]
[2023.04.07-19.29.50:617][  0]LogConfig: Setting CVar [[r.RHICmdBypass:0]]
[2023.04.07-19.29.50:617][  0]LogConfig: Applying CVar settings from Section [/Script/Engine.RendererSettings] File [D:/Zack's Portfolio (up-to-date)/UnrealPortfolio/Partial/Saved/Config/Windows/Engine.ini]
[2023.04.07-19.29.50:617][  0]LogConfig: Setting CVar [[r.GPUCrashDebugging:0]]
[2023.04.07-19.29.50:617][  0]LogConfig: Applying CVar settings from Section [/Script/Engine.RendererOverrideSettings] File [D:/Zack's Portfolio (up-to-date)/UnrealPortfolio/Partial/Saved/Config/Windows/Engine.ini]
[2023.04.07-19.29.50:617][  0]LogConfig: Applying CVar settings from Section [/Script/Engine.StreamingSettings] File [D:/Zack's Portfolio (up-to-date)/UnrealPortfolio/Partial/Saved/Config/Windows/Engine.ini]
[2023.04.07-19.29.50:617][  0]LogConfig: Setting CVar [[s.MinBulkDataSizeForAsyncLoading:131072]]
[2023.04.07-19.29.50:617][  0]LogConfig: Setting CVar [[s.AsyncLoadingThreadEnabled:0]]
[2023.04.07-19.29.50:617][  0]LogConfig: Setting CVar [[s.EventDrivenLoaderEnabled:1]]
[2023.04.07-19.29.50:617][  0]LogConfig: Setting CVar [[s.WarnIfTimeLimitExceeded:0]]
[2023.04.07-19.29.50:617][  0]LogConfig: Setting CVar [[s.TimeLimitExceededMultiplier:1.5]]
[2023.04.07-19.29.50:617][  0]LogConfig: Setting CVar [[s.TimeLimitExceededMinTime:0.005]]
[2023.04.07-19.29.50:617][  0]LogConfig: Setting CVar [[s.UseBackgroundLevelStreaming:1]]
[2023.04.07-19.29.50:617][  0]LogConfig: Setting CVar [[s.PriorityAsyncLoadingExtraTime:15.0]]
[2023.04.07-19.29.50:617][  0]LogConfig: Setting CVar [[s.LevelStreamingActorsUpdateTimeLimit:5.0]]
[2023.04.07-19.29.50:617][  0]LogConfig: Setting CVar [[s.PriorityLevelStreamingActorsUpdateExtraTime:5.0]]
[2023.04.07-19.29.50:617][  0]LogConfig: Setting CVar [[s.LevelStreamingComponentsRegistrationGranularity:10]]
[2023.04.07-19.29.50:617][  0]LogConfig: Setting CVar [[s.UnregisterComponentsTimeLimit:1.0]]
[2023.04.07-19.29.50:617][  0]LogConfig: Setting CVar [[s.LevelStreamingComponentsUnregistrationGranularity:5]]
[2023.04.07-19.29.50:617][  0]LogConfig: Setting CVar [[s.FlushStreamingOnExit:1]]
[2023.04.07-19.29.50:617][  0]LogConfig: Applying CVar settings from Section [/Script/Engine.GarbageCollectionSettings] File [D:/Zack's Portfolio (up-to-date)/UnrealPortfolio/Partial/Saved/Config/Windows/Engine.ini]
[2023.04.07-19.29.50:617][  0]LogConfig: Setting CVar [[gc.MaxObjectsNotConsideredByGC:1]]
[2023.04.07-19.29.50:617][  0]LogConfig: Setting CVar [[gc.SizeOfPermanentObjectPool:0]]
[2023.04.07-19.29.50:617][  0]LogConfig: Setting CVar [[gc.FlushStreamingOnGC:0]]
[2023.04.07-19.29.50:617][  0]LogConfig: Setting CVar [[gc.NumRetriesBeforeForcingGC:10]]
[2023.04.07-19.29.50:617][  0]LogConfig: Setting CVar [[gc.AllowParallelGC:1]]
[2023.04.07-19.29.50:617][  0]LogConfig: Setting CVar [[gc.TimeBetweenPurgingPendingKillObjects:61.1]]
[2023.04.07-19.29.50:617][  0]LogConfig: Setting CVar [[gc.MaxObjectsInEditor:25165824]]
[2023.04.07-19.29.50:617][  0]LogConfig: Setting CVar [[gc.IncrementalBeginDestroyEnabled:1]]
[2023.04.07-19.29.50:617][  0]LogConfig: Setting CVar [[gc.CreateGCClusters:1]]
[2023.04.07-19.29.50:617][  0]LogConfig: Setting CVar [[gc.MinGCClusterSize:5]]
[2023.04.07-19.29.50:617][  0]LogConfig: Setting CVar [[gc.ActorClusteringEnabled:0]]
[2023.04.07-19.29.50:617][  0]LogConfig: Setting CVar [[gc.BlueprintClusteringEnabled:0]]
[2023.04.07-19.29.50:617][  0]LogConfig: Setting CVar [[gc.UseDisregardForGCOnDedicatedServers:0]]
[2023.04.07-19.29.50:617][  0]LogConfig: Setting CVar [[gc.MultithreadedDestructionEnabled:1]]
[2023.04.07-19.29.50:617][  0]LogConfig: Applying CVar settings from Section [/Script/Engine.NetworkSettings] File [D:/Zack's Portfolio (up-to-date)/UnrealPortfolio/Partial/Saved/Config/Windows/Engine.ini]
[2023.04.07-19.29.50:617][  0]LogConfig: Applying CVar settings from Section [/Script/UnrealEd.CookerSettings] File [D:/Zack's Portfolio (up-to-date)/UnrealPortfolio/Partial/Saved/Config/Windows/Engine.ini]
[2023.04.07-19.29.50:637][  0]LogConfig: Applying CVar settings from Section [ViewDistanceQuality@3] File [D:/Zack's Portfolio (up-to-date)/UnrealPortfolio/Partial/Saved/Config/Windows/Scalability.ini]
[2023.04.07-19.29.50:637][  0]LogConfig: Setting CVar [[r.SkeletalMeshLODBias:0]]
[2023.04.07-19.29.50:637][  0]LogConfig: Setting CVar [[r.ViewDistanceScale:1.0]]
[2023.04.07-19.29.50:637][  0]LogConfig: Applying CVar settings from Section [AntiAliasingQuality@3] File [D:/Zack's Portfolio (up-to-date)/UnrealPortfolio/Partial/Saved/Config/Windows/Scalability.ini]
[2023.04.07-19.29.50:637][  0]LogConfig: Setting CVar [[r.PostProcessAAQuality:4]]
[2023.04.07-19.29.50:637][  0]LogConfig: Applying CVar settings from Section [ShadowQuality@3] File [D:/Zack's Portfolio (up-to-date)/UnrealPortfolio/Partial/Saved/Config/Windows/Scalability.ini]
[2023.04.07-19.29.50:637][  0]LogConfig: Setting CVar [[r.LightFunctionQuality:1]]
[2023.04.07-19.29.50:637][  0]LogConfig: Setting CVar [[r.ShadowQuality:5]]
[2023.04.07-19.29.50:637][  0]LogConfig: Setting CVar [[r.Shadow.CSM.MaxCascades:10]]
[2023.04.07-19.29.50:637][  0]LogConfig: Setting CVar [[r.Shadow.MaxResolution:2048]]
[2023.04.07-19.29.50:637][  0]LogConfig: Setting CVar [[r.Shadow.MaxCSMResolution:2048]]
[2023.04.07-19.29.50:637][  0]LogConfig: Setting CVar [[r.Shadow.RadiusThreshold:0.01]]
[2023.04.07-19.29.50:637][  0]LogConfig: Setting CVar [[r.Shadow.DistanceScale:1.0]]
[2023.04.07-19.29.50:637][  0]LogConfig: Setting CVar [[r.Shadow.CSM.TransitionScale:1.0]]
[2023.04.07-19.29.50:637][  0]LogConfig: Setting CVar [[r.Shadow.PreShadowResolutionFactor:1.0]]
[2023.04.07-19.29.50:637][  0]LogConfig: Setting CVar [[r.DistanceFieldShadowing:1]]
[2023.04.07-19.29.50:637][  0]LogConfig: Setting CVar [[r.DistanceFieldAO:1]]
[2023.04.07-19.29.50:637][  0]LogConfig: Setting CVar [[r.AOQuality:2]]
[2023.04.07-19.29.50:637][  0]LogConfig: Setting CVar [[r.VolumetricFog:1]]
[2023.04.07-19.29.50:637][  0]LogConfig: Setting CVar [[r.VolumetricFog.GridPixelSize:8]]
[2023.04.07-19.29.50:637][  0]LogConfig: Setting CVar [[r.VolumetricFog.GridSizeZ:128]]
[2023.04.07-19.29.50:637][  0]LogConfig: Setting CVar [[r.VolumetricFog.HistoryMissSupersampleCount:4]]
[2023.04.07-19.29.50:637][  0]LogConfig: Setting CVar [[r.LightMaxDrawDistanceScale:1]]
[2023.04.07-19.29.50:637][  0]LogConfig: Setting CVar [[r.CapsuleShadows:1]]
[2023.04.07-19.29.50:637][  0]LogConfig: Applying CVar settings from Section [PostProcessQuality@3] File [D:/Zack's Portfolio (up-to-date)/UnrealPortfolio/Partial/Saved/Config/Windows/Scalability.ini]
[2023.04.07-19.29.50:637][  0]LogConfig: Setting CVar [[r.MotionBlurQuality:4]]
[2023.04.07-19.29.50:637][  0]LogConfig: Setting CVar [[r.AmbientOcclusionMipLevelFactor:0.4]]
[2023.04.07-19.29.50:637][  0]LogConfig: Setting CVar [[r.AmbientOcclusionMaxQuality:100]]
[2023.04.07-19.29.50:637][  0]LogConfig: Setting CVar [[r.AmbientOcclusionLevels:-1]]
[2023.04.07-19.29.50:637][  0]LogConfig: Setting CVar [[r.AmbientOcclusionRadiusScale:1.0]]
[2023.04.07-19.29.50:637][  0]LogConfig: Setting CVar [[r.DepthOfFieldQuality:2]]
[2023.04.07-19.29.50:637][  0]LogConfig: Setting CVar [[r.RenderTargetPoolMin:400]]
[2023.04.07-19.29.50:637][  0]LogConfig: Setting CVar [[r.LensFlareQuality:2]]
[2023.04.07-19.29.50:637][  0]LogConfig: Setting CVar [[r.SceneColorFringeQuality:1]]
[2023.04.07-19.29.50:637][  0]LogConfig: Setting CVar [[r.EyeAdaptationQuality:2]]
[2023.04.07-19.29.50:637][  0]LogConfig: Setting CVar [[r.BloomQuality:5]]
[2023.04.07-19.29.50:637][  0]LogConfig: Setting CVar [[r.FastBlurThreshold:100]]
[2023.04.07-19.29.50:637][  0]LogConfig: Setting CVar [[r.Upscale.Quality:3]]
[2023.04.07-19.29.50:637][  0]LogConfig: Setting CVar [[r.Tonemapper.GrainQuantization:1]]
[2023.04.07-19.29.50:638][  0]LogConfig: Setting CVar [[r.LightShaftQuality:1]]
[2023.04.07-19.29.50:638][  0]LogConfig: Setting CVar [[r.Filter.SizeScale:1]]
[2023.04.07-19.29.50:638][  0]LogConfig: Setting CVar [[r.Tonemapper.Quality:5]]
[2023.04.07-19.29.50:638][  0]LogConfig: Setting CVar [[r.DOF.Gather.AccumulatorQuality:1        ; higher gathering accumulator quality]]
[2023.04.07-19.29.50:638][  0]LogConfig: Setting CVar [[r.DOF.Gather.PostfilterMethod:1          ; Median3x3 postfilering method]]
[2023.04.07-19.29.50:638][  0]LogConfig: Setting CVar [[r.DOF.Gather.EnableBokehSettings:0       ; no bokeh simulation when gathering]]
[2023.04.07-19.29.50:638][  0]LogConfig: Setting CVar [[r.DOF.Gather.RingCount:4                 ; medium number of samples when gathering]]
[2023.04.07-19.29.50:638][  0]LogConfig: Setting CVar [[r.DOF.Scatter.ForegroundCompositing:1    ; additive foreground scattering]]
[2023.04.07-19.29.50:638][  0]LogConfig: Setting CVar [[r.DOF.Scatter.BackgroundCompositing:2    ; additive background scattering]]
[2023.04.07-19.29.50:638][  0]LogConfig: Setting CVar [[r.DOF.Scatter.EnableBokehSettings:1      ; bokeh simulation when scattering]]
[2023.04.07-19.29.50:638][  0]LogConfig: Setting CVar [[r.DOF.Scatter.MaxSpriteRatio:0.1         ; only a maximum of 10% of scattered bokeh]]
[2023.04.07-19.29.50:638][  0]LogConfig: Setting CVar [[r.DOF.Recombine.Quality:1                ; cheap slight out of focus]]
[2023.04.07-19.29.50:638][  0]LogConfig: Setting CVar [[r.DOF.Recombine.EnableBokehSettings:0    ; no bokeh simulation on slight out of focus]]
[2023.04.07-19.29.50:638][  0]LogConfig: Setting CVar [[r.DOF.TemporalAAQuality:1                ; more stable temporal accumulation]]
[2023.04.07-19.29.50:638][  0]LogConfig: Setting CVar [[r.DOF.Kernel.MaxForegroundRadius:0.025]]
[2023.04.07-19.29.50:638][  0]LogConfig: Setting CVar [[r.DOF.Kernel.MaxBackgroundRadius:0.025]]
[2023.04.07-19.29.50:638][  0]LogConfig: Applying CVar settings from Section [TextureQuality@3] File [D:/Zack's Portfolio (up-to-date)/UnrealPortfolio/Partial/Saved/Config/Windows/Scalability.ini]
[2023.04.07-19.29.50:638][  0]LogConfig: Setting CVar [[r.Streaming.MipBias:0]]
[2023.04.07-19.29.50:638][  0]LogConfig: Setting CVar [[r.Streaming.AmortizeCPUToGPUCopy:0]]
[2023.04.07-19.29.50:638][  0]LogConfig: Setting CVar [[r.Streaming.MaxNumTexturesToStreamPerFrame:0]]
[2023.04.07-19.29.50:638][  0]LogConfig: Setting CVar [[r.Streaming.Boost:1]]
[2023.04.07-19.29.50:638][  0]LogConfig: Setting CVar [[r.MaxAnisotropy:8]]
[2023.04.07-19.29.50:638][  0]LogConfig: Setting CVar [[r.VT.MaxAnisotropy:8]]
[2023.04.07-19.29.50:638][  0]LogConfig: Setting CVar [[r.Streaming.LimitPoolSizeToVRAM:0]]
[2023.04.07-19.29.50:638][  0]LogConfig: Setting CVar [[r.Streaming.PoolSize:1000]]
[2023.04.07-19.29.50:638][  0]LogConfig: Setting CVar [[r.Streaming.MaxEffectiveScreenSize:0]]
[2023.04.07-19.29.50:638][  0]LogConfig: Applying CVar settings from Section [EffectsQuality@3] File [D:/Zack's Portfolio (up-to-date)/UnrealPortfolio/Partial/Saved/Config/Windows/Scalability.ini]
[2023.04.07-19.29.50:638][  0]LogConfig: Setting CVar [[r.TranslucencyLightingVolumeDim:64]]
[2023.04.07-19.29.50:638][  0]LogConfig: Setting CVar [[r.RefractionQuality:2]]
[2023.04.07-19.29.50:638][  0]LogConfig: Setting CVar [[r.SSR.Quality:3]]
[2023.04.07-19.29.50:638][  0]LogConfig: Setting CVar [[r.SSR.HalfResSceneColor:0]]
[2023.04.07-19.29.50:638][  0]LogConfig: Setting CVar [[r.SceneColorFormat:4]]
[2023.04.07-19.29.50:638][  0]LogConfig: Setting CVar [[r.DetailMode:2]]
[2023.04.07-19.29.50:638][  0]LogConfig: Setting CVar [[r.TranslucencyVolumeBlur:1]]
[2023.04.07-19.29.50:638][  0]LogConfig: Setting CVar [[r.MaterialQualityLevel:1 ; High quality]]
[2023.04.07-19.29.50:638][  0]LogConfig: Setting CVar [[r.AnisotropicMaterials:1]]
[2023.04.07-19.29.50:638][  0]LogConfig: Setting CVar [[r.SSS.Scale:1]]
[2023.04.07-19.29.50:638][  0]LogConfig: Setting CVar [[r.SSS.SampleSet:2]]
[2023.04.07-19.29.50:638][  0]LogConfig: Setting CVar [[r.SSS.Quality:1]]
[2023.04.07-19.29.50:638][  0]LogConfig: Setting CVar [[r.SSS.HalfRes:0]]
[2023.04.07-19.29.50:638][  0]LogConfig: Setting CVar [[r.SSGI.Quality:3]]
[2023.04.07-19.29.50:638][  0]LogConfig: Setting CVar [[r.EmitterSpawnRateScale:1.0]]
[2023.04.07-19.29.50:638][  0]LogConfig: Setting CVar [[r.ParticleLightQuality:2]]
[2023.04.07-19.29.50:638][  0]LogConfig: Setting CVar [[r.SkyAtmosphere.AerialPerspectiveLUT.FastApplyOnOpaque:1 ; Always have FastSkyLUT 1 in this case to avoid wrong sky]]
[2023.04.07-19.29.50:638][  0]LogConfig: Setting CVar [[r.SkyAtmosphere.AerialPerspectiveLUT.SampleCountMaxPerSlice:4]]
[2023.04.07-19.29.50:638][  0]LogConfig: Setting CVar [[r.SkyAtmosphere.AerialPerspectiveLUT.DepthResolution:16.0]]
[2023.04.07-19.29.50:638][  0]LogConfig: Setting CVar [[r.SkyAtmosphere.FastSkyLUT:1]]
[2023.04.07-19.29.50:638][  0]LogConfig: Setting CVar [[r.SkyAtmosphere.FastSkyLUT.SampleCountMin:4.0]]
[2023.04.07-19.29.50:638][  0]LogConfig: Setting CVar [[r.SkyAtmosphere.FastSkyLUT.SampleCountMax:128.0]]
[2023.04.07-19.29.50:638][  0]LogConfig: Setting CVar [[r.SkyAtmosphere.SampleCountMin:4.0]]
[2023.04.07-19.29.50:638][  0]LogConfig: Setting CVar [[r.SkyAtmosphere.SampleCountMax:128.0]]
[2023.04.07-19.29.50:638][  0]LogConfig: Setting CVar [[r.SkyAtmosphere.TransmittanceLUT.UseSmallFormat:0]]
[2023.04.07-19.29.50:638][  0]LogConfig: Setting CVar [[r.SkyAtmosphere.TransmittanceLUT.SampleCount:10.0]]
[2023.04.07-19.29.50:638][  0]LogConfig: Setting CVar [[r.SkyAtmosphere.MultiScatteringLUT.SampleCount:15.0]]
[2023.04.07-19.29.50:638][  0]LogConfig: Setting CVar [[r.SkyLight.RealTimeReflectionCapture:1]]
[2023.04.07-19.29.50:638][  0]LogConfig: Applying CVar settings from Section [FoliageQuality@3] File [D:/Zack's Portfolio (up-to-date)/UnrealPortfolio/Partial/Saved/Config/Windows/Scalability.ini]
[2023.04.07-19.29.50:638][  0]LogConfig: Setting CVar [[foliage.DensityScale:1.0]]
[2023.04.07-19.29.50:638][  0]LogConfig: Setting CVar [[grass.DensityScale:1.0]]
[2023.04.07-19.29.50:638][  0]LogConfig: Applying CVar settings from Section [ShadingQuality@3] File [D:/Zack's Portfolio (up-to-date)/UnrealPortfolio/Partial/Saved/Config/Windows/Scalability.ini]
[2023.04.07-19.29.50:638][  0]LogConfig: Setting CVar [[r.HairStrands.SkyLighting.IntegrationType:2]]
[2023.04.07-19.29.50:638][  0]LogConfig: Setting CVar [[r.HairStrands.SkyAO.SampleCount:4]]
[2023.04.07-19.29.50:638][  0]LogConfig: Setting CVar [[r.HairStrands.Visibility.MSAA.SamplePerPixel:4]]
[2023.04.07-19.29.50:638][  0]LogInit: Selected Device Profile: [Windows]
[2023.04.07-19.29.50:638][  0]LogInit: Applying CVar settings loaded from the selected device profile: [Windows]
[2023.04.07-19.29.50:643][  0]LogHAL: Display: Platform has ~ 16 GB [17119625216 / 17179869184 / 16], which maps to Larger [LargestMinGB=32, LargerMinGB=12, DefaultMinGB=8, SmallerMinGB=6, SmallestMinGB=0)
[2023.04.07-19.29.50:643][  0]LogInit: Going up to parent DeviceProfile []
[2023.04.07-19.29.50:643][  0]LogConfig: Applying CVar settings from Section [ViewDistanceQuality@3] File [D:/Zack's Portfolio (up-to-date)/UnrealPortfolio/Partial/Saved/Config/Windows/Scalability.ini]
[2023.04.07-19.29.50:643][  0]LogConfig: Setting CVar [[r.SkeletalMeshLODBias:0]]
[2023.04.07-19.29.50:643][  0]LogConfig: Setting CVar [[r.ViewDistanceScale:1.0]]
[2023.04.07-19.29.50:643][  0]LogConfig: Applying CVar settings from Section [AntiAliasingQuality@3] File [D:/Zack's Portfolio (up-to-date)/UnrealPortfolio/Partial/Saved/Config/Windows/Scalability.ini]
[2023.04.07-19.29.50:643][  0]LogConfig: Setting CVar [[r.PostProcessAAQuality:4]]
[2023.04.07-19.29.50:643][  0]LogConfig: Applying CVar settings from Section [ShadowQuality@3] File [D:/Zack's Portfolio (up-to-date)/UnrealPortfolio/Partial/Saved/Config/Windows/Scalability.ini]
[2023.04.07-19.29.50:643][  0]LogConfig: Setting CVar [[r.LightFunctionQuality:1]]
[2023.04.07-19.29.50:643][  0]LogConfig: Setting CVar [[r.ShadowQuality:5]]
[2023.04.07-19.29.50:643][  0]LogConfig: Setting CVar [[r.Shadow.CSM.MaxCascades:10]]
[2023.04.07-19.29.50:643][  0]LogConfig: Setting CVar [[r.Shadow.MaxResolution:2048]]
[2023.04.07-19.29.50:643][  0]LogConfig: Setting CVar [[r.Shadow.MaxCSMResolution:2048]]
[2023.04.07-19.29.50:643][  0]LogConfig: Setting CVar [[r.Shadow.RadiusThreshold:0.01]]
[2023.04.07-19.29.50:643][  0]LogConfig: Setting CVar [[r.Shadow.DistanceScale:1.0]]
[2023.04.07-19.29.50:643][  0]LogConfig: Setting CVar [[r.Shadow.CSM.TransitionScale:1.0]]
[2023.04.07-19.29.50:643][  0]LogConfig: Setting CVar [[r.Shadow.PreShadowResolutionFactor:1.0]]
[2023.04.07-19.29.50:643][  0]LogConfig: Setting CVar [[r.DistanceFieldShadowing:1]]
[2023.04.07-19.29.50:643][  0]LogConfig: Setting CVar [[r.DistanceFieldAO:1]]
[2023.04.07-19.29.50:643][  0]LogConfig: Setting CVar [[r.AOQuality:2]]
[2023.04.07-19.29.50:643][  0]LogConfig: Setting CVar [[r.VolumetricFog:1]]
[2023.04.07-19.29.50:643][  0]LogConfig: Setting CVar [[r.VolumetricFog.GridPixelSize:8]]
[2023.04.07-19.29.50:643][  0]LogConfig: Setting CVar [[r.VolumetricFog.GridSizeZ:128]]
[2023.04.07-19.29.50:643][  0]LogConfig: Setting CVar [[r.VolumetricFog.HistoryMissSupersampleCount:4]]
[2023.04.07-19.29.50:643][  0]LogConfig: Setting CVar [[r.LightMaxDrawDistanceScale:1]]
[2023.04.07-19.29.50:643][  0]LogConfig: Setting CVar [[r.CapsuleShadows:1]]
[2023.04.07-19.29.50:643][  0]LogConfig: Applying CVar settings from Section [PostProcessQuality@3] File [D:/Zack's Portfolio (up-to-date)/UnrealPortfolio/Partial/Saved/Config/Windows/Scalability.ini]
[2023.04.07-19.29.50:643][  0]LogConfig: Setting CVar [[r.MotionBlurQuality:4]]
[2023.04.07-19.29.50:644][  0]LogConfig: Setting CVar [[r.AmbientOcclusionMipLevelFactor:0.4]]
[2023.04.07-19.29.50:644][  0]LogConfig: Setting CVar [[r.AmbientOcclusionMaxQuality:100]]
[2023.04.07-19.29.50:644][  0]LogConfig: Setting CVar [[r.AmbientOcclusionLevels:-1]]
[2023.04.07-19.29.50:644][  0]LogConfig: Setting CVar [[r.AmbientOcclusionRadiusScale:1.0]]
[2023.04.07-19.29.50:644][  0]LogConfig: Setting CVar [[r.DepthOfFieldQuality:2]]
[2023.04.07-19.29.50:644][  0]LogConfig: Setting CVar [[r.RenderTargetPoolMin:400]]
[2023.04.07-19.29.50:644][  0]LogConfig: Setting CVar [[r.LensFlareQuality:2]]
[2023.04.07-19.29.50:644][  0]LogConfig: Setting CVar [[r.SceneColorFringeQuality:1]]
[2023.04.07-19.29.50:644][  0]LogConfig: Setting CVar [[r.EyeAdaptationQuality:2]]
[2023.04.07-19.29.50:644][  0]LogConfig: Setting CVar [[r.BloomQuality:5]]
[2023.04.07-19.29.50:644][  0]LogConfig: Setting CVar [[r.FastBlurThreshold:100]]
[2023.04.07-19.29.50:644][  0]LogConfig: Setting CVar [[r.Upscale.Quality:3]]
[2023.04.07-19.29.50:644][  0]LogConfig: Setting CVar [[r.Tonemapper.GrainQuantization:1]]
[2023.04.07-19.29.50:644][  0]LogConfig: Setting CVar [[r.LightShaftQuality:1]]
[2023.04.07-19.29.50:644][  0]LogConfig: Setting CVar [[r.Filter.SizeScale:1]]
[2023.04.07-19.29.50:644][  0]LogConfig: Setting CVar [[r.Tonemapper.Quality:5]]
[2023.04.07-19.29.50:644][  0]LogConfig: Setting CVar [[r.DOF.Gather.AccumulatorQuality:1        ; higher gathering accumulator quality]]
[2023.04.07-19.29.50:644][  0]LogConfig: Setting CVar [[r.DOF.Gather.PostfilterMethod:1          ; Median3x3 postfilering method]]
[2023.04.07-19.29.50:644][  0]LogConfig: Setting CVar [[r.DOF.Gather.EnableBokehSettings:0       ; no bokeh simulation when gathering]]
[2023.04.07-19.29.50:644][  0]LogConfig: Setting CVar [[r.DOF.Gather.RingCount:4                 ; medium number of samples when gathering]]
[2023.04.07-19.29.50:644][  0]LogConfig: Setting CVar [[r.DOF.Scatter.ForegroundCompositing:1    ; additive foreground scattering]]
[2023.04.07-19.29.50:644][  0]LogConfig: Setting CVar [[r.DOF.Scatter.BackgroundCompositing:2    ; additive background scattering]]
[2023.04.07-19.29.50:644][  0]LogConfig: Setting CVar [[r.DOF.Scatter.EnableBokehSettings:1      ; bokeh simulation when scattering]]
[2023.04.07-19.29.50:644][  0]LogConfig: Setting CVar [[r.DOF.Scatter.MaxSpriteRatio:0.1         ; only a maximum of 10% of scattered bokeh]]
[2023.04.07-19.29.50:644][  0]LogConfig: Setting CVar [[r.DOF.Recombine.Quality:1                ; cheap slight out of focus]]
[2023.04.07-19.29.50:644][  0]LogConfig: Setting CVar [[r.DOF.Recombine.EnableBokehSettings:0    ; no bokeh simulation on slight out of focus]]
[2023.04.07-19.29.50:644][  0]LogConfig: Setting CVar [[r.DOF.TemporalAAQuality:1                ; more stable temporal accumulation]]
[2023.04.07-19.29.50:644][  0]LogConfig: Setting CVar [[r.DOF.Kernel.MaxForegroundRadius:0.025]]
[2023.04.07-19.29.50:644][  0]LogConfig: Setting CVar [[r.DOF.Kernel.MaxBackgroundRadius:0.025]]
[2023.04.07-19.29.50:644][  0]LogConfig: Applying CVar settings from Section [TextureQuality@3] File [D:/Zack's Portfolio (up-to-date)/UnrealPortfolio/Partial/Saved/Config/Windows/Scalability.ini]
[2023.04.07-19.29.50:644][  0]LogConfig: Setting CVar [[r.Streaming.MipBias:0]]
[2023.04.07-19.29.50:644][  0]LogConfig: Setting CVar [[r.Streaming.AmortizeCPUToGPUCopy:0]]
[2023.04.07-19.29.50:644][  0]LogConfig: Setting CVar [[r.Streaming.MaxNumTexturesToStreamPerFrame:0]]
[2023.04.07-19.29.50:644][  0]LogConfig: Setting CVar [[r.Streaming.Boost:1]]
[2023.04.07-19.29.50:644][  0]LogConfig: Setting CVar [[r.MaxAnisotropy:8]]
[2023.04.07-19.29.50:644][  0]LogConfig: Setting CVar [[r.VT.MaxAnisotropy:8]]
[2023.04.07-19.29.50:644][  0]LogConfig: Setting CVar [[r.Streaming.LimitPoolSizeToVRAM:0]]
[2023.04.07-19.29.50:644][  0]LogConfig: Setting CVar [[r.Streaming.PoolSize:1000]]
[2023.04.07-19.29.50:644][  0]LogConfig: Setting CVar [[r.Streaming.MaxEffectiveScreenSize:0]]
[2023.04.07-19.29.50:644][  0]LogConfig: Applying CVar settings from Section [EffectsQuality@3] File [D:/Zack's Portfolio (up-to-date)/UnrealPortfolio/Partial/Saved/Config/Windows/Scalability.ini]
[2023.04.07-19.29.50:644][  0]LogConfig: Setting CVar [[r.TranslucencyLightingVolumeDim:64]]
[2023.04.07-19.29.50:644][  0]LogConfig: Setting CVar [[r.RefractionQuality:2]]
[2023.04.07-19.29.50:644][  0]LogConfig: Setting CVar [[r.SSR.Quality:3]]
[2023.04.07-19.29.50:644][  0]LogConfig: Setting CVar [[r.SSR.HalfResSceneColor:0]]
[2023.04.07-19.29.50:644][  0]LogConfig: Setting CVar [[r.SceneColorFormat:4]]
[2023.04.07-19.29.50:644][  0]LogConfig: Setting CVar [[r.DetailMode:2]]
[2023.04.07-19.29.50:644][  0]LogConfig: Setting CVar [[r.TranslucencyVolumeBlur:1]]
[2023.04.07-19.29.50:644][  0]LogConfig: Setting CVar [[r.MaterialQualityLevel:1 ; High quality]]
[2023.04.07-19.29.50:644][  0]LogConfig: Setting CVar [[r.AnisotropicMaterials:1]]
[2023.04.07-19.29.50:644][  0]LogConfig: Setting CVar [[r.SSS.Scale:1]]
[2023.04.07-19.29.50:644][  0]LogConfig: Setting CVar [[r.SSS.SampleSet:2]]
[2023.04.07-19.29.50:644][  0]LogConfig: Setting CVar [[r.SSS.Quality:1]]
[2023.04.07-19.29.50:644][  0]LogConfig: Setting CVar [[r.SSS.HalfRes:0]]
[2023.04.07-19.29.50:644][  0]LogConfig: Setting CVar [[r.SSGI.Quality:3]]
[2023.04.07-19.29.50:644][  0]LogConfig: Setting CVar [[r.EmitterSpawnRateScale:1.0]]
[2023.04.07-19.29.50:644][  0]LogConfig: Setting CVar [[r.ParticleLightQuality:2]]
[2023.04.07-19.29.50:644][  0]LogConfig: Setting CVar [[r.SkyAtmosphere.AerialPerspectiveLUT.FastApplyOnOpaque:1 ; Always have FastSkyLUT 1 in this case to avoid wrong sky]]
[2023.04.07-19.29.50:644][  0]LogConfig: Setting CVar [[r.SkyAtmosphere.AerialPerspectiveLUT.SampleCountMaxPerSlice:4]]
[2023.04.07-19.29.50:644][  0]LogConfig: Setting CVar [[r.SkyAtmosphere.AerialPerspectiveLUT.DepthResolution:16.0]]
[2023.04.07-19.29.50:644][  0]LogConfig: Setting CVar [[r.SkyAtmosphere.FastSkyLUT:1]]
[2023.04.07-19.29.50:644][  0]LogConfig: Setting CVar [[r.SkyAtmosphere.FastSkyLUT.SampleCountMin:4.0]]
[2023.04.07-19.29.50:644][  0]LogConfig: Setting CVar [[r.SkyAtmosphere.FastSkyLUT.SampleCountMax:128.0]]
[2023.04.07-19.29.50:644][  0]LogConfig: Setting CVar [[r.SkyAtmosphere.SampleCountMin:4.0]]
[2023.04.07-19.29.50:644][  0]LogConfig: Setting CVar [[r.SkyAtmosphere.SampleCountMax:128.0]]
[2023.04.07-19.29.50:644][  0]LogConfig: Setting CVar [[r.SkyAtmosphere.TransmittanceLUT.UseSmallFormat:0]]
[2023.04.07-19.29.50:644][  0]LogConfig: Setting CVar [[r.SkyAtmosphere.TransmittanceLUT.SampleCount:10.0]]
[2023.04.07-19.29.50:644][  0]LogConfig: Setting CVar [[r.SkyAtmosphere.MultiScatteringLUT.SampleCount:15.0]]
[2023.04.07-19.29.50:644][  0]LogConfig: Setting CVar [[r.SkyLight.RealTimeReflectionCapture:1]]
[2023.04.07-19.29.50:644][  0]LogConfig: Applying CVar settings from Section [FoliageQuality@3] File [D:/Zack's Portfolio (up-to-date)/UnrealPortfolio/Partial/Saved/Config/Windows/Scalability.ini]
[2023.04.07-19.29.50:644][  0]LogConfig: Setting CVar [[foliage.DensityScale:1.0]]
[2023.04.07-19.29.50:644][  0]LogConfig: Setting CVar [[grass.DensityScale:1.0]]
[2023.04.07-19.29.50:644][  0]LogConfig: Applying CVar settings from Section [ShadingQuality@3] File [D:/Zack's Portfolio (up-to-date)/UnrealPortfolio/Partial/Saved/Config/Windows/Scalability.ini]
[2023.04.07-19.29.50:644][  0]LogConfig: Setting CVar [[r.HairStrands.SkyLighting.IntegrationType:2]]
[2023.04.07-19.29.50:644][  0]LogConfig: Setting CVar [[r.HairStrands.SkyAO.SampleCount:4]]
[2023.04.07-19.29.50:644][  0]LogConfig: Setting CVar [[r.HairStrands.Visibility.MSAA.SamplePerPixel:4]]
[2023.04.07-19.29.50:644][  0]LogConfig: Applying CVar settings from Section [Startup] File [../../../Engine/Config/ConsoleVariables.ini]
[2023.04.07-19.29.50:649][  0]LogConfig: Setting CVar [[net.UseAdaptiveNetUpdateFrequency:0]]
[2023.04.07-19.29.50:649][  0]LogConfig: Setting CVar [[p.chaos.AllowCreatePhysxBodies:1]]
[2023.04.07-19.29.50:649][  0]LogConfig: Setting CVar [[fx.SkipVectorVMBackendOptimizations:1]]
[2023.04.07-19.29.50:649][  0]LogConfig: Applying CVar settings from Section [ConsoleVariables] File [D:/Zack's Portfolio (up-to-date)/UnrealPortfolio/Partial/Saved/Config/Windows/Engine.ini]
[2023.04.07-19.29.50:649][  0]LogConfig: Applying CVar settings from Section [ConsoleVariables] File [D:/Zack's Portfolio (up-to-date)/UnrealPortfolio/Partial/Saved/Config/Windows/Editor.ini]
[2023.04.07-19.29.50:650][  0]LogInit: Computer: DESKTOP-R57RUMI
[2023.04.07-19.29.50:650][  0]LogInit: User: beyon
[2023.04.07-19.29.50:650][  0]LogInit: CPU Page size=4096, Cores=6
[2023.04.07-19.29.50:650][  0]LogInit: High frequency timer resolution =10.000000 MHz
[2023.04.07-19.29.50:650][  0]LogMemory: Memory total: Physical=15.9GB (16GB approx)
[2023.04.07-19.29.50:650][  0]LogMemory: Platform Memory Stats for Windows
[2023.04.07-19.29.50:650][  0]LogMemory: Process Physical Memory: 143.70 MB used, 143.70 MB peak
[2023.04.07-19.29.50:650][  0]LogMemory: Process Virtual Memory: 112.18 MB used, 112.18 MB peak
[2023.04.07-19.29.50:650][  0]LogMemory: Physical Memory: 8037.30 MB used,  8289.24 MB free, 16326.55 MB total
[2023.04.07-19.29.50:650][  0]LogMemory: Virtual Memory: 134209456.00 MB used,  8270.63 MB free, 134217728.00 MB total
[2023.04.07-19.29.50:656][  0]LogWindows: WindowsPlatformFeatures enabled
[2023.04.07-19.29.51:504][  0]LogInit: Physics initialised using underlying interface: PhysX
[2023.04.07-19.29.51:554][  0]LogInit: Using OS detected language (en-GB).
[2023.04.07-19.29.51:554][  0]LogInit: Using OS detected locale (en-GB).
[2023.04.07-19.29.51:670][  0]LogTextLocalizationManager: No specific localization for 'en-GB' exists, so the 'en' localization will be used.
[2023.04.07-19.29.52:300][  0]LogInit: Setting process to per monitor DPI aware
[2023.04.07-19.29.52:449][  0]LogWindowsTextInputMethodSystem: Display: IME system deactivated.
[2023.04.07-19.29.52:873][  0]LogSlate: New Slate User Created.  User Index 0, Is Virtual User: 0
[2023.04.07-19.29.52:873][  0]LogSlate: Slate User Registered.  User Index 0, Is Virtual User: 0
[2023.04.07-19.29.58:629][  0]LogD3D11RHI: Loaded GFSDK_Aftermath_Lib.x64.dll
[2023.04.07-19.29.58:686][  0]LogHMD: Failed to initialize OpenVR with code 110
[2023.04.07-19.29.58:686][  0]LogD3D11RHI: D3D11 min allowed feature level: 11_0
[2023.04.07-19.29.58:686][  0]LogD3D11RHI: D3D11 max allowed feature level: 11_0
[2023.04.07-19.29.58:686][  0]LogD3D11RHI: D3D11 adapters:
[2023.04.07-19.29.58:864][  0]LogD3D11RHI:    0. 'NVIDIA GeForce GTX 1660 SUPER' (Feature Level 11_0)
[2023.04.07-19.29.58:878][  0]LogD3D11RHI:       5980/0/8163 MB DedicatedVideo/DedicatedSystem/SharedSystem, Outputs:2, VendorId:0x10de
[2023.04.07-19.29.58:884][  0]LogD3D11RHI:    1. 'Microsoft Basic Render Driver' (Feature Level 11_0)
[2023.04.07-19.29.58:884][  0]LogD3D11RHI:       0/0/8163 MB DedicatedVideo/DedicatedSystem/SharedSystem, Outputs:0, VendorId:0x1414
[2023.04.07-19.29.58:884][  0]LogD3D11RHI: Chosen D3D11 Adapter:
[2023.04.07-19.29.58:884][  0]LogD3D11RHI:     Description : NVIDIA GeForce GTX 1660 SUPER
[2023.04.07-19.29.58:884][  0]LogD3D11RHI:     VendorId    : 10de
[2023.04.07-19.29.58:884][  0]LogD3D11RHI:     DeviceId    : 21c4
[2023.04.07-19.29.58:884][  0]LogD3D11RHI:     SubSysId    : 40121458
[2023.04.07-19.29.58:884][  0]LogD3D11RHI:     Revision    : 00a1
[2023.04.07-19.29.58:884][  0]LogD3D11RHI:     DedicatedVideoMemory : 6270484480 bytes
[2023.04.07-19.29.58:884][  0]LogD3D11RHI:     DedicatedSystemMemory : 0 bytes
[2023.04.07-19.29.58:884][  0]LogD3D11RHI:     SharedSystemMemory : 8559812608 bytes
[2023.04.07-19.29.58:884][  0]LogD3D11RHI:     AdapterLuid : 0 51531
[2023.04.07-19.29.58:889][  0]LogD3D11RHI: Creating new Direct3DDevice
[2023.04.07-19.29.58:889][  0]LogD3D11RHI:     GPU DeviceId: 0x21c4 (for the marketing name, search the web for "GPU Device Id")
[2023.04.07-19.29.58:889][  0]LogWindows: EnumDisplayDevices:
[2023.04.07-19.29.58:889][  0]LogWindows:    0. 'NVIDIA GeForce GTX 1660 SUPER' (P:1 D:1)
[2023.04.07-19.29.58:889][  0]LogWindows:    1. 'NVIDIA GeForce GTX 1660 SUPER' (P:0 D:1)
[2023.04.07-19.29.58:889][  0]LogWindows:    2. 'NVIDIA GeForce GTX 1660 SUPER' (P:0 D:0)
[2023.04.07-19.29.58:889][  0]LogWindows:    3. 'NVIDIA GeForce GTX 1660 SUPER' (P:0 D:0)
[2023.04.07-19.29.58:890][  0]LogWindows: DebugString: FoundDriverCount:4 
[2023.04.07-19.29.58:890][  0]LogD3D11RHI:     Adapter Name: NVIDIA GeForce GTX 1660 SUPER
[2023.04.07-19.29.58:890][  0]LogD3D11RHI:   Driver Version: 531.41 (internal:31.0.15.3141, unified:531.41)
[2023.04.07-19.29.58:890][  0]LogD3D11RHI:      Driver Date: 3-16-2023
[2023.04.07-19.29.58:890][  0]LogRHI: Texture pool is 4186 MB (70% of 5980 MB)
[2023.04.07-19.29.58:909][  0]LogD3D11RHI: Creating D3DDevice using adapter:
[2023.04.07-19.29.58:909][  0]LogD3D11RHI:     Description : NVIDIA GeForce GTX 1660 SUPER
[2023.04.07-19.29.58:909][  0]LogD3D11RHI:     VendorId    : 10de
[2023.04.07-19.29.58:909][  0]LogD3D11RHI:     DeviceId    : 21c4
[2023.04.07-19.29.58:909][  0]LogD3D11RHI:     SubSysId    : 40121458
[2023.04.07-19.29.58:909][  0]LogD3D11RHI:     Revision    : 00a1
[2023.04.07-19.29.58:909][  0]LogD3D11RHI:     DedicatedVideoMemory : 6270484480 bytes
[2023.04.07-19.29.58:909][  0]LogD3D11RHI:     DedicatedSystemMemory : 0 bytes
[2023.04.07-19.29.58:909][  0]LogD3D11RHI:     SharedSystemMemory : 8559812608 bytes
[2023.04.07-19.29.58:909][  0]LogD3D11RHI:     AdapterLuid : 0 51531
[2023.04.07-19.29.59:045][  0]LogD3D11RHI: RHI has support for 64 bit atomics
[2023.04.07-19.29.59:045][  0]LogD3D11RHI: Async texture creation enabled
[2023.04.07-19.29.59:045][  0]LogD3D11RHI: Array index from any shader is supported
[2023.04.07-19.29.59:351][  0]LogD3D11RHI: GPU Timing Frequency: 1000.000000 (Debug: 2 1)
[2023.04.07-19.30.01:733][  0]LogRHI: GeForceNow SDK initialized: 1
[2023.04.07-19.30.02:457][  0]LogTargetPlatformManager: Display: Loaded TargetPlatform 'AllDesktop'
[2023.04.07-19.30.03:270][  0]LogTargetPlatformManager: Display: Loaded TargetPlatform 'Android'
[2023.04.07-19.30.03:270][  0]LogTargetPlatformManager: Display: Loaded TargetPlatform 'Android_ASTC'
[2023.04.07-19.30.03:270][  0]LogTargetPlatformManager: Display: Loaded TargetPlatform 'Android_DXT'
[2023.04.07-19.30.03:270][  0]LogTargetPlatformManager: Display: Loaded TargetPlatform 'Android_ETC2'
[2023.04.07-19.30.03:270][  0]LogTargetPlatformManager: Display: Loaded TargetPlatform 'AndroidClient'
[2023.04.07-19.30.03:270][  0]LogTargetPlatformManager: Display: Loaded TargetPlatform 'Android_ASTCClient'
[2023.04.07-19.30.03:270][  0]LogTargetPlatformManager: Display: Loaded TargetPlatform 'Android_DXTClient'
[2023.04.07-19.30.03:270][  0]LogTargetPlatformManager: Display: Loaded TargetPlatform 'Android_ETC2Client'
[2023.04.07-19.30.03:270][  0]LogTargetPlatformManager: Display: Loaded TargetPlatform 'Android_Multi'
[2023.04.07-19.30.03:270][  0]LogTargetPlatformManager: Display: Loaded TargetPlatform 'Android_MultiClient'
[2023.04.07-19.30.03:722][  0]LogTargetPlatformManager: Display: Loaded TargetPlatform 'IOSClient'
[2023.04.07-19.30.03:722][  0]LogTargetPlatformManager: Display: Loaded TargetPlatform 'IOS'
[2023.04.07-19.30.04:298][  0]LogTargetPlatformManager: Display: Loaded TargetPlatform 'Linux'
[2023.04.07-19.30.04:473][  0]LogTargetPlatformManager: Display: Loaded TargetPlatform 'LinuxNoEditor'
[2023.04.07-19.30.04:749][  0]LogTargetPlatformManager: Display: Loaded TargetPlatform 'LinuxClient'
[2023.04.07-19.30.04:962][  0]LogTargetPlatformManager: Display: Loaded TargetPlatform 'LinuxServer'
[2023.04.07-19.30.05:070][  0]LogTargetPlatformManager: Display: Loaded TargetPlatform 'LinuxAArch64NoEditor'
[2023.04.07-19.30.05:314][  0]LogTargetPlatformManager: Display: Loaded TargetPlatform 'LinuxAArch64Client'
[2023.04.07-19.30.05:444][  0]LogTargetPlatformManager: Display: Loaded TargetPlatform 'LinuxAArch64Server'
[2023.04.07-19.30.05:521][  0]LogTargetPlatformManager: Display: Loaded TargetPlatform 'Lumin'
[2023.04.07-19.30.05:521][  0]LogTargetPlatformManager: Display: Loaded TargetPlatform 'LuminClient'
[2023.04.07-19.30.05:849][  0]LogTargetPlatformManager: Display: Loaded TargetPlatform 'MacNoEditor'
[2023.04.07-19.30.05:892][  0]LogTargetPlatformManager: Display: Loaded TargetPlatform 'Mac'
[2023.04.07-19.30.05:926][  0]LogTargetPlatformManager: Display: Loaded TargetPlatform 'MacClient'
[2023.04.07-19.30.06:124][  0]LogTargetPlatformManager: Display: Loaded TargetPlatform 'MacServer'
[2023.04.07-19.30.06:223][  0]LogTargetPlatformManager: Display: Loaded TargetPlatform 'TVOSClient'
[2023.04.07-19.30.06:223][  0]LogTargetPlatformManager: Display: Loaded TargetPlatform 'TVOS'
[2023.04.07-19.30.06:291][  0]LogTargetPlatformManager: Display: Loaded TargetPlatform 'WindowsNoEditor'
[2023.04.07-19.30.06:322][  0]LogTargetPlatformManager: Display: Loaded TargetPlatform 'Windows'
[2023.04.07-19.30.06:503][  0]LogTargetPlatformManager: Display: Loaded TargetPlatform 'WindowsClient'
[2023.04.07-19.30.07:098][  0]LogTargetPlatformManager: Display: Loaded TargetPlatform 'WindowsServer'
[2023.04.07-19.30.07:098][  0]LogTargetPlatformManager: Display: Building Assets For Windows
[2023.04.07-19.30.07:540][  0]LogAudioDebug: Display: Lib vorbis DLL was dynamically loaded.
[2023.04.07-19.30.08:486][  0]LogTextureFormatOodle: Display: Oodle Texture 2.9.0 init RDO Off
[2023.04.07-19.30.11:704][  0]LogRendererCore: Ray tracing is disabled. Reason: r.RayTracing=0.
[2023.04.07-19.30.11:704][  0]LogShaderCompilers: Guid format shader working directory is -20 characters bigger than the processId version (../../../../Zack's Portfolio (up-to-date)/UnrealPortfolio/Partial/Intermediate/Shaders/WorkingDirectory/10356/).
[2023.04.07-19.30.11:704][  0]LogShaderCompilers: Cleaned the shader compiler working directory 'C:/Users/beyon/AppData/Local/Temp/UnrealShaderWorkingDir/9A60646644E8D20200039AA900B3B916/'.
[2023.04.07-19.30.11:704][  0]LogXGEController: Cannot use XGE Controller as Incredibuild is not installed on this machine.
[2023.04.07-19.30.11:704][  0]LogShaderCompilers: Cannot use XGE Shader Compiler as Incredibuild is not installed on this machine.
[2023.04.07-19.30.11:704][  0]LogShaderCompilers: Display: Using Local Shader Compiler.
[2023.04.07-19.30.22:308][  0]LogDerivedDataCache: Display: Max Cache Size: 512 MB
[2023.04.07-19.30.22:528][  0]LogDerivedDataCache: Loaded boot cache 0.22s 103MB C:/Users/beyon/AppData/Local/UnrealEngine/4.27/DerivedDataCache/Boot.ddc.
[2023.04.07-19.30.22:528][  0]LogDerivedDataCache: Display: Loaded Boot cache: C:/Users/beyon/AppData/Local/UnrealEngine/4.27/DerivedDataCache/Boot.ddc
[2023.04.07-19.30.22:528][  0]LogDerivedDataCache: FDerivedDataBackendGraph:  Pak pak cache file ../../../../Zack's Portfolio (up-to-date)/UnrealPortfolio/Partial/DerivedDataCache/DDC.ddp not found, will not use a pak cache.
[2023.04.07-19.30.22:528][  0]LogDerivedDataCache: Unable to find inner node Pak for hierarchical cache Hierarchy.
[2023.04.07-19.30.22:528][  0]LogDerivedDataCache: FDerivedDataBackendGraph:  CompressedPak pak cache file ../../../../Zack's Portfolio (up-to-date)/UnrealPortfolio/Partial/DerivedDataCache/Compressed.ddp not found, will not use a pak cache.
[2023.04.07-19.30.22:528][  0]LogDerivedDataCache: Unable to find inner node CompressedPak for hierarchical cache Hierarchy.
[2023.04.07-19.30.22:597][  0]LogDerivedDataCache: Display: Pak cache opened for reading ../../../Engine/DerivedDataCache/Compressed.ddp.
[2023.04.07-19.30.22:598][  0]LogDerivedDataCache: FDerivedDataBackendGraph:  EnterprisePak pak cache file ../../../Enterprise/DerivedDataCache/Compressed.ddp not found, will not use a pak cache.
[2023.04.07-19.30.22:598][  0]LogDerivedDataCache: Unable to find inner node EnterprisePak for hierarchical cache Hierarchy.
[2023.04.07-19.30.22:660][  0]LogDerivedDataCache: Speed tests for C:/Users/beyon/AppData/Local/UnrealEngine/Common/DerivedDataCache took 0.05 seconds
[2023.04.07-19.30.22:660][  0]LogDerivedDataCache: Display: Performance to C:/Users/beyon/AppData/Local/UnrealEngine/Common/DerivedDataCache: Latency=0.02ms. RandomReadSpeed=19.83MBs, RandomWriteSpeed=240.47MBs. Assigned SpeedClass 'Local'
[2023.04.07-19.30.22:662][  0]LogDerivedDataCache: Using Local data cache path C:/Users/beyon/AppData/Local/UnrealEngine/Common/DerivedDataCache: Writable
[2023.04.07-19.30.22:662][  0]LogDerivedDataCache: Shared data cache path not found in *engine.ini, will not use an Shared cache.
[2023.04.07-19.30.22:662][  0]LogDerivedDataCache: Unable to find inner node Shared for hierarchical cache Hierarchy.
[2023.04.07-19.30.22:798][  0]LogSlate: Using FreeType 2.10.0
[2023.04.07-19.30.22:915][  0]LogSlate: SlateFontServices - WITH_FREETYPE: 1, WITH_HARFBUZZ: 1
[2023.04.07-19.30.24:541][  0]LogAssetRegistry: FAssetRegistry took 0.0492 seconds to start up
[2023.04.07-19.30.28:472][  0]LogInit: Selected Device Profile: [Windows]
[2023.04.07-19.30.28:472][  0]LogInit: Active device profile: [000001A97DC25400][000001A97CB18540 49] Windows
[2023.04.07-19.30.28:472][  0]LogInit: Profiles: [000001A97DC25400][000001A97CB18540 49] Windows, [000001A97DBE3F00][000001A97D4726C0 49] WindowsNoEditor, [000001A97DBCFE00][000001A97CB1C800 49] WindowsServer, [000001A97DBE1500][000001A97D476940 49] WindowsClient, [000001A97DBCD800][000001A97D47AA80 49] IOS, [000001A97DBE1000][000001A97D47EBC0 49] iPadAir, [000001A97DBCCC00][000001A97D486D40 49] iPadAir2, [000001A97DB7C100][000001A97D48F000 49] IPadPro, [000001A97DB7C200][000001A97D48B040 49] iPadAir3, [000001A97DBE1600][000001A97D4931C0 49] iPadAir4, [000001A97DB7EC00][000001A97D497340 49] iPadMini2, [000001A97DBE1300][000001A97D49B4C0 49] iPadMini3, [000001A97DBCC100][000001A97D49F640 49] iPadMini4, [000001A97DBE1700][000001A97D4A37C0 49] iPadMini5, [000001A97DB7B900][000001A97D4ABA80 49] iPhone6, [000001A97DB7BA00][000001A97D4A7AC0 49] iPodTouch6, [000001A97DBCD200][000001A97D4B2200 49] iPhone7, [000001A97DBCD100][000001A97D4AE240 49] iPodTouch7, [000001A97DB78400][000001A97D4B63C0 49] iPhone5S, [000001A97DB7FD00][000001A97D4BA540 49] iPhone6Plus, [000001A97DB79F00][000001A97D4BE6C0 49] iPhone6S, [000001A97DBCD600][000001A97D4C2840 49] iPhone6SPlus, [000001A97DB79300][000001A97D482980 49] iPhone7Plus, [000001A97DBCC200][000001A97D4C6AC0 49] iPhoneSE, [000001A97DB78D00][000001A97D4CAC00 49] iPhone8, [000001A97DBCCA00][000001A97D4CED40 49] iPhone8Plus, [000001A97DB7BC00][000001A97D4D6EC0 49] iPhoneX, [000001A97DBCF700][000001A97D4DB040 49] iPhoneXS, [000001A97DB7A800][000001A97D4DF1C0 49] iPhoneXSMax, [000001A97DBCF000][000001A97D4E3340 49] iPhoneXR, [000001A97DB7AA00][000001A97D4E74C0 49] iPhone11, [000001A97DBCEE00][000001A97D4EB640 49] iPhone11Pro, [000001A97DB7B300][000001A97D4EF7C0 49] iPhone11ProMax, [000001A97DBCE100][000001A97D4F3940 49] iPhoneSE2, [000001A97DB7AF00][000001A97D4F7AC0 49] iPhone12Mini, [000001A97DBCEB00][000001A97D4FA0C0 49] iPhone12, [000001A97DB7B800][000001A97D4FE240 49] iPhone12Pro, [000001A97DBCFA00][000001A97D5023C0 49] iPhone12ProMax, [000001A97DB79D00][000001A97D506540 49] iPadPro105, [000001A97DBCE700][000001A97D50A6C0 49] iPadPro129, [000001A97DB7A200][000001A97D50E840 49] iPadPro97, [000001A97DBCD000][000001A97D5129C0 49] iPadPro2_129, [000001A97DB78F00][000001A97D516B40 49] iPad5, [000001A97DBCC900][000001A97D4D2C80 49] iPad6, [000001A97DB78300][000001A97D51ADC0 49] iPad7, [000001A97DBCE500][000001A97D51EF00 49] iPad8, [000001A97DB78800][000001A97D527080 49] iPadPro11, [000001A97DBCF500][000001A97D52B200 49] iPadPro2_11, [000001A97DB78600][000001A97D52F380 49] iPadPro3_129, [000001A97DBCD700][000001A97D533500 49] iPadPro4_129, [000001A97DB78200][000001A97D537680 49] AppleTV, [000001A97DBCC800][000001A97D53B800 49] AppleTV4K, [000001A97DB79200][000001A97D53F980 49] TVOS, [000001A97DBCDA00][000001A97D543B00 49] Mac, [000001A97DB7A700][000001A97D546100 49] MacClient, [000001A97DBCEC00][000001A97D54A280 49] MacNoEditor, [000001A97DB7AB00][000001A97D54E400 49] MacServer, [000001A97DBCC700][000001A97D552580 49] Linux, [000001A97DB78500][000001A97D556700 49] LinuxAArch64, [000001A97DBCE300][000001A97D55A880 49] LinuxNoEditor, [000001A97DB79000][000001A97D55EA00 49] LinuxAArch64NoEditor, [000001A97DBCE900][000001A97D562B80 49] LinuxClient, [000001A97DB7BB00][000001A97D566D00 49] LinuxAArch64Client, [000001A97DBCF400][000001A97D522E40 49] LinuxServer, [000001A97DB7B600][000001A97D56AF80 49] LinuxAArch64Server, [000001A97DBCF800][000001A97D56F0C0 49] Android, [000001A97DC27000][000001A97D577240 49] Android_Low, [000001A97DB7E700][000001A97D57B3C0 49] Android_Mid, [000001A97DC26D00][000001A97D57F540 49] Android_High, [000001A97DB7CA00][000001A97D5836C0 49] Android_Default, [000001A97DC24200][000001A97D587840 49] Android_Adreno4xx, [000001A97DB7D200][000001A97D58B9C0 49] Android_Adreno5xx_Low, [000001A97DC25000][000001A97D58FB40 49] Android_Adreno5xx, [000001A97DB7C300][000001A97D592140 49] Android_Adreno6xx, [000001A97DC27700][000001A97D5962C0 49] Android_Adreno6xx_Vulkan, [000001A97DB7E300][000001A97D59A440 49] Android_Mali_T6xx, [000001A97DC27400][000001A97D59E5C0 49] Android_Mali_T7xx, [000001A97DB7EF00][000001A97D5A2740 49] Android_Mali_T8xx, [000001A97DC27600][000001A97D5A68C0 49] Android_Mali_G71, [000001A97DB7C500][000001A97D5AAA40 49] Android_Mali_G72, [000001A97DC24600][000001A97D5AEBC0 49] Android_Mali_G72_Vulkan, [000001A97DB7D500][000001A97D5B2D40 49] Android_Mali_G76, [000001A97DC27300][000001A97D5B6EC0 49] Android_Mali_G76_Vulkan, [000001A97DB7FB00][000001A97D573000 49] Android_Mali_G77, [000001A97DC25900][000001A97D5BB140 49] Android_Mali_G77_Vulkan, [000001A97DB7FA00][000001A97D5BF280 49] Android_Mali_G78, [000001A97DC26300][000001A97D5C33C0 49] Android_Mali_G78_Vulkan, [000001A97DB7EB00][000001A97D5CB540 49] Android_Mali_G710, [000001A97DC26F00][000001A97D5CF6C0 49] Android_Mali_G710_Vulkan, [000001A97DB7CF00][000001A97D5D3840 49] Android_Vulkan_SM5, [000001A97DC24900][000001A97D5D79C0 49] Android_PowerVR_G6xxx, [000001A97DBCCE00][000001A97D5DBB40 49] Android_PowerVR_GT7xxx, [000001A97DC25300][000001A97D5DE140 49] Android_PowerVR_GE8xxx, [000001A97DBCCB00][000001A97D5E22C0 49] Android_PowerVR_GM9xxx, [000001A97DC24800][000001A97D5E6440 49] Android_PowerVR_GM9xxx_Vulkan, [000001A97DBCF600][000001A97D5EA5C0 49] Android_TegraK1, [000001A97DC26C00][000001A97D5EE740 49] Android_Unknown_Vulkan, [000001A97DBCD400][000001A97D5F28C0 49] Lumin, [000001A97DC24F00][000001A97D5F6A40 49] Lumin_Desktop, [000001A97DBCED00][000001A97D5FABC0 49] HoloLens, 
[2023.04.07-19.30.31:195][  0]LogMeshReduction: Using QuadricMeshReduction for automatic static mesh reduction
[2023.04.07-19.30.31:195][  0]LogMeshReduction: Using SimplygonMeshReduction for automatic skeletal mesh reduction
[2023.04.07-19.30.31:195][  0]LogMeshReduction: Using ProxyLODMeshReduction for automatic mesh merging
[2023.04.07-19.30.31:195][  0]LogMeshReduction: No distributed automatic mesh merging module available
[2023.04.07-19.30.31:196][  0]LogMeshMerging: No distributed automatic mesh merging module available
[2023.04.07-19.30.33:102][  0]LogNetVersion: Partial 1.0.0, NetCL: 17155196, EngineNetVer: 17, GameNetVer: 0 (Checksum: 881287503)
[2023.04.07-19.30.50:919][  0]LogTexture: Default maximum texture size for cubemaps generated from long-lat sources has been changed from 512 to unlimited. In order to preserve old behaiour for '/Engine/MapTemplates/Sky/DaylightAmbientCubemap.DaylightAmbientCubemap', its maximum texture size has been explicitly set to 512.
[2023.04.07-19.30.51:422][  0]LogHMD: PokeAHoleMaterial loaded successfully
[2023.04.07-19.30.51:457][  0]LogUObjectArray: 17178 objects as part of root set at end of initial load.
[2023.04.07-19.30.51:457][  0]LogUObjectAllocator: 4302048 out of 0 bytes used by permanent object pool.
[2023.04.07-19.30.51:457][  0]LogUObjectArray: CloseDisregardForGC: 0/0 objects in disregard for GC pool
[2023.04.07-19.30.54:905][  0]LogPython: Using Python 3.7.7
[2023.04.07-19.30.57:393][  0]LogNiagaraDebuggerClient: Niagara Debugger Client Initialized | Session: D16A56234D34981E066DB083EED94405 | Instance: 6FE0E9554F114687AC060FADB330FC49 (DESKTOP-R57RUMI-10356).
[2023.04.07-19.31.04:321][  0]LogTcpMessaging: Initializing TcpMessaging bridge
[2023.04.07-19.31.04:413][  0]LogUdpMessaging: Initializing bridge on interface 0.0.0.0:0 to multicast group 230.0.0.1:6666.
[2023.04.07-19.31.09:106][  0]SourceControl: Source control is disabled
[2023.04.07-19.31.09:106][  0]SourceControl: Source control is disabled
[2023.04.07-19.31.09:423][  0]SourceControl: Source control is disabled
[2023.04.07-19.31.09:578][  0]SourceControl: Source control is disabled
[2023.04.07-19.31.09:882][  0]SourceControl: Source control is disabled
[2023.04.07-19.31.09:939][  0]LogUProjectInfo: Found projects:
[2023.04.07-19.31.13:662][  0]LogOpenImageDenoise: OIDN starting up
[2023.04.07-19.31.15:594][  0]LogAndroidPermission: UAndroidPermissionCallbackProxy::GetInstance
[2023.04.07-19.31.15:919][  0]LogAudioCaptureCore: Display: No Audio Capture implementations found. Audio input will be silent.
[2023.04.07-19.31.15:919][  0]LogAudioCaptureCore: Display: No Audio Capture implementations found. Audio input will be silent.
[2023.04.07-19.31.19:976][  0]LogCollectionManager: Loaded 0 collections in 0.000933 seconds
[2023.04.07-19.31.20:050][  0]LogFileCache: Scanning file cache for directory 'D:/Zack's Portfolio (up-to-date)/UnrealPortfolio/Partial/Saved/Collections/' took 0.04s
[2023.04.07-19.31.20:050][  0]LogFileCache: Scanning file cache for directory 'D:/Zack's Portfolio (up-to-date)/UnrealPortfolio/Partial/Content/Developers/beyon/Collections/' took 0.04s
[2023.04.07-19.31.20:050][  0]LogFileCache: Scanning file cache for directory 'D:/Zack's Portfolio (up-to-date)/UnrealPortfolio/Partial/Content/Collections/' took 0.04s
[2023.04.07-19.31.20:770][  0]LogOcInput: OculusInput pre-init called
[2023.04.07-19.31.25:961][  0]LogEngine: Initializing Engine...
[2023.04.07-19.31.26:236][  0]LogHMD: Failed to enumerate extensions. Please check that you have a valid OpenXR runtime installed.
[2023.04.07-19.31.26:242][  0]LogHMD: Failed to initialize OpenVR with code 110
[2023.04.07-19.31.26:253][  0]LogMagicLeap: Warning: VR disabled because ZI is not enabled.  To enable, in the editor, Edit -> Project Settings -> Plugins -> Magic Leap Plugin -> Enable Zero Iteration
[2023.04.07-19.31.26:280][  0]LogStats: UGameplayTagsManager::InitializeManager -  0.003 s
[2023.04.07-19.31.27:481][  0]LogInit: Initializing FReadOnlyCVARCache
[2023.04.07-19.31.27:794][  0]LogAIModule: Creating AISystem for world Untitled
[2023.04.07-19.31.27:795][  0]LogAudio: Display: Initializing Audio Device Manager...
[2023.04.07-19.31.27:872][  0]LogAudio: Display: Loading Default Audio Settings Objects...
[2023.04.07-19.31.27:902][  0]LogAudio: Display: No default SoundConcurrencyObject specified (or failed to load).
[2023.04.07-19.31.27:930][  0]LogAudio: Display: Audio Device Manager Initialized
[2023.04.07-19.31.27:930][  0]LogAudio: Display: Creating Audio Device:                 Id: 1, Scope: Shared, Realtime: True
[2023.04.07-19.31.27:930][  0]LogAudioMixer: Display: Audio Mixer Platform Settings:
[2023.04.07-19.31.27:930][  0]LogAudioMixer: Display: 	Sample Rate:						  48000
[2023.04.07-19.31.27:930][  0]LogAudioMixer: Display: 	Callback Buffer Frame Size Requested: 1024
[2023.04.07-19.31.27:930][  0]LogAudioMixer: Display: 	Callback Buffer Frame Size To Use:	  1024
[2023.04.07-19.31.27:930][  0]LogAudioMixer: Display: 	Number of buffers to queue:			  2
[2023.04.07-19.31.27:930][  0]LogAudioMixer: Display: 	Max Channels (voices):				  32
[2023.04.07-19.31.27:930][  0]LogAudioMixer: Display: 	Number of Async Source Workers:		  0
[2023.04.07-19.31.27:930][  0]LogAudio: Display: AudioDevice MaxSources: 32
[2023.04.07-19.31.27:930][  0]LogAudio: Display: Audio Spatialization Plugin: None (built-in).
[2023.04.07-19.31.27:930][  0]LogAudio: Display: Audio Reverb Plugin: None (built-in).
[2023.04.07-19.31.27:930][  0]LogAudio: Display: Audio Occlusion Plugin: None (built-in).
[2023.04.07-19.31.27:930][  0]LogAudioMixer: Display: Initializing audio mixer.
[2023.04.07-19.31.28:020][  0]LogAudioMixer: Display: 0: FrontLeft
[2023.04.07-19.31.28:020][  0]LogAudioMixer: Display: 1: FrontRight
[2023.04.07-19.31.28:042][  0]LogAudioMixer: Display: Using Audio Device Speakers (Realtek(R) Audio)
[2023.04.07-19.31.28:055][  0]LogAudioMixer: Display: Initializing Sound Submixes...
[2023.04.07-19.31.28:107][  0]LogAudioMixer: Display: Creating Master Submix 'MasterSubmixDefault'
[2023.04.07-19.31.28:107][  0]LogAudioMixer: Display: Creating Master Submix 'MasterReverbSubmixDefault'
[2023.04.07-19.31.28:108][  0]LogAudioMixer: Display: Creating Master Submix 'MasterEQSubmixDefault'
[2023.04.07-19.31.28:108][  0]LogAudioMixer: FMixerPlatformXAudio2::StartAudioStream() called
[2023.04.07-19.31.28:108][  0]LogAudioMixer: Display: Output buffers initialized: Frames=1024, Channels=2, Samples=2048
[2023.04.07-19.31.28:109][  0]LogAudioMixer: Display: Starting AudioMixerPlatformInterface::RunInternal()
[2023.04.07-19.31.28:109][  0]LogAudioMixer: Display: FMixerPlatformXAudio2::SubmitBuffer() called for the first time
[2023.04.07-19.31.28:109][  0]LogInit: FAudioDevice initialized.
[2023.04.07-19.31.28:116][  0]LogAudio: Display: Audio Device (ID: 1) registered with world 'Untitled'.
[2023.04.07-19.31.28:116][  0]LogNetVersion: Set ProjectVersion to 1.0.0.0. Version Checksum will be recalculated on next use.
[2023.04.07-19.31.28:218][  0]LogDerivedDataCache: Saved boot cache 0.10s 103MB C:/Users/beyon/AppData/Local/UnrealEngine/4.27/DerivedDataCache/Boot.ddc.
[2023.04.07-19.31.28:219][  0]LogInit: Texture streaming: Enabled
[2023.04.07-19.31.28:459][  0]LogAnalytics: Display: [UEEditor.Rocket.Release] APIServer = https://datarouter.ol.epicgames.com/. AppVersion = 4.27.2-18319896+++UE4+Release-4.27
[2023.04.07-19.31.28:533][  0]LogEngineSessionManager: EngineSessionManager initialized
[2023.04.07-19.31.28:533][  0]LogEditorSessionSummary: Verbose: Initializing EditorSessionSummaryWriter for editor session tracking
[2023.04.07-19.31.28:555][  0]LogEditorSessionSummary: EditorSessionSummaryWriter initialized
[2023.04.07-19.31.28:999][  0]LogInit: Transaction tracking system initialized
[2023.04.07-19.31.30:019][  0]BlueprintLog: New page: Editor Load
[2023.04.07-19.31.31:506][  0]LocalizationService: Localization service is disabled
[2023.04.07-19.31.32:208][  0]TimingProfiler: Initialize
[2023.04.07-19.31.32:210][  0]TimingProfiler: OnSessionChanged
[2023.04.07-19.31.32:210][  0]LoadingProfiler: Initialize
[2023.04.07-19.31.32:210][  0]LoadingProfiler: OnSessionChanged
[2023.04.07-19.31.32:210][  0]NetworkingProfiler: Initialize
[2023.04.07-19.31.32:211][  0]NetworkingProfiler: OnSessionChanged
[2023.04.07-19.31.32:211][  0]MemoryProfiler: Initialize
[2023.04.07-19.31.32:211][  0]MemoryProfiler: OnSessionChanged
[2023.04.07-19.31.35:128][  0]LogFileCache: Scanning file cache for directory 'D:/Zack's Portfolio (up-to-date)/UnrealPortfolio/Partial/Content/' took 0.01s
[2023.04.07-19.31.35:128][  0]LogCook: Display: CookSettings for Memory: MemoryMaxUsedVirtual 0MiB, MemoryMaxUsedPhysical 16384MiB, MemoryMinFreeVirtual 0MiB, MemoryMinFreePhysical 1024MiB
[2023.04.07-19.31.35:128][  0]LogCook: Display: Mobile HDR setting 1
[2023.04.07-19.31.39:977][  0]LogInit: Display: Engine is initialized. Leaving FEngineLoop::Init()
[2023.04.07-19.31.40:256][  0]SourceControl: Source control is disabled
[2023.04.07-19.31.40:256][  0]LogUnrealEdMisc: Loading editor; pre map load, took 125.033
[2023.04.07-19.31.40:283][  0]Cmd: MAP LOAD FILE="../../../../Zack's Portfolio (up-to-date)/UnrealPortfolio/Partial/Content/ThirdPersonCPP/Maps/ThirdPersonExampleMap.umap" TEMPLATE=0 SHOWPROGRESS=1 FEATURELEVEL=3
[2023.04.07-19.31.40:318][  0]LightingResults: New page: Lighting Build
[2023.04.07-19.31.40:348][  0]LogWorld: UWorld::CleanupWorld for Untitled, bSessionEnded=true, bCleanupResources=true
[2023.04.07-19.31.40:348][  0]LogSlate: InvalidateAllWidgets triggered.  All widgets were invalidated
[2023.04.07-19.31.40:349][  0]MapCheck: New page: Map Check
[2023.04.07-19.31.40:349][  0]LightingResults: New page: Lighting Build
[2023.04.07-19.31.40:354][  0]LogAudio: Display: Audio Device unregistered from world 'None'.
[2023.04.07-19.31.40:357][  0]LogUObjectHash: Compacting FUObjectHashTables data took   0.84ms
[2023.04.07-19.31.41:321][  0]LogAudio: Display: Audio Device (ID: 1) registered with world 'ThirdPersonExampleMap'.
[2023.04.07-19.31.41:322][  0]LogAIModule: Creating AISystem for world ThirdPersonExampleMap
[2023.04.07-19.31.41:464][  0]LogEditorServer: Finished looking for orphan Actors (0.000 secs)
[2023.04.07-19.31.41:488][  0]LogUObjectHash: Compacting FUObjectHashTables data took   0.78ms
[2023.04.07-19.31.41:499][  0]Cmd: MAP CHECKDEP NOCLEARLOG
[2023.04.07-19.31.41:499][  0]MapCheck: Map check complete: 0 Error(s), 0 Warning(s), took 0.102ms to complete.
[2023.04.07-19.31.41:499][  0]LogFileHelpers: Loading map 'ThirdPersonExampleMap' took 1.223
[2023.04.07-19.31.41:522][  0]LogUnrealEdMisc: Total Editor Startup Time, took 126.299
[2023.04.07-19.31.42:209][  0]LogSlate: Updating window title bar state: overlay mode, drag disabled, window buttons hidden, title bar hidden
[2023.04.07-19.31.42:229][  0]LogSlate: Updating window title bar state: overlay mode, drag disabled, window buttons hidden, title bar hidden
[2023.04.07-19.31.42:236][  0]LogSlate: Updating window title bar state: overlay mode, drag disabled, window buttons hidden, title bar hidden
[2023.04.07-19.31.42:242][  0]LogSlate: Updating window title bar state: overlay mode, drag disabled, window buttons hidden, title bar hidden
[2023.04.07-19.31.42:455][  0]LogNativeClassHierarchy: Verbose: Native class hierarchy populated in 0.0093 seconds. Added 3826 classes and 930 folders.
[2023.04.07-19.31.42:658][  0]LogNativeClassHierarchy: Verbose: Native class hierarchy updated for 'WidgetCarousel' in 0.0003 seconds. Added 0 classes and 0 folders.
[2023.04.07-19.31.43:060][  0]LogPakFile: PakFile PrimaryIndexSize=187
[2023.04.07-19.31.43:060][  0]LogPakFile: PakFile PathHashIndexSize=101
[2023.04.07-19.31.43:060][  0]LogPakFile: PakFile FullDirectoryIndexSize=148
[2023.04.07-19.31.43:182][  0]LogShaderLibrary: Display: ShaderCodeLibraryPakFileMountedCallback: PakFile 'D:/UE_4.27/FeaturePacks/FP_FirstPerson.upack' (chunk index -1, root 'root:/') mounted
[2023.04.07-19.31.43:182][  0]LogShaderLibrary: Display: ShaderCodeLibraryPakFileMountedCallback: pending pak file info (ChunkID:-1 Root:root:/ File:D:/UE_4.27/FeaturePacks/FP_FirstPerson.upack)
[2023.04.07-19.31.43:182][  0]LogPakFile: OnPakFileMounted2Time == 0.121799
[2023.04.07-19.31.43:231][  0]LogPakFile: PakFile PrimaryIndexSize=189
[2023.04.07-19.31.43:231][  0]LogPakFile: PakFile PathHashIndexSize=101
[2023.04.07-19.31.43:231][  0]LogPakFile: PakFile FullDirectoryIndexSize=152
[2023.04.07-19.31.43:231][  0]LogShaderLibrary: Display: ShaderCodeLibraryPakFileMountedCallback: PakFile 'D:/UE_4.27/FeaturePacks/FP_FirstPersonBP.upack' (chunk index -1, root 'root:/') mounted
[2023.04.07-19.31.43:231][  0]LogShaderLibrary: Display: ShaderCodeLibraryPakFileMountedCallback: pending pak file info (ChunkID:-1 Root:root:/ File:D:/UE_4.27/FeaturePacks/FP_FirstPersonBP.upack)
[2023.04.07-19.31.43:231][  0]LogPakFile: OnPakFileMounted2Time == 0.000047
[2023.04.07-19.31.43:262][  0]LogPakFile: PakFile PrimaryIndexSize=191
[2023.04.07-19.31.43:262][  0]LogPakFile: PakFile PathHashIndexSize=101
[2023.04.07-19.31.43:262][  0]LogPakFile: PakFile FullDirectoryIndexSize=160
[2023.04.07-19.31.43:262][  0]LogShaderLibrary: Display: ShaderCodeLibraryPakFileMountedCallback: PakFile 'D:/UE_4.27/FeaturePacks/MobileStarterContent.upack' (chunk index -1, root 'root:/') mounted
[2023.04.07-19.31.43:262][  0]LogShaderLibrary: Display: ShaderCodeLibraryPakFileMountedCallback: pending pak file info (ChunkID:-1 Root:root:/ File:D:/UE_4.27/FeaturePacks/MobileStarterContent.upack)
[2023.04.07-19.31.43:262][  0]LogPakFile: OnPakFileMounted2Time == 0.000039
[2023.04.07-19.31.43:272][  0]LogPakFile: PakFile PrimaryIndexSize=185
[2023.04.07-19.31.43:272][  0]LogPakFile: PakFile PathHashIndexSize=101
[2023.04.07-19.31.43:272][  0]LogPakFile: PakFile FullDirectoryIndexSize=148
[2023.04.07-19.31.43:272][  0]LogShaderLibrary: Display: ShaderCodeLibraryPakFileMountedCallback: PakFile 'D:/UE_4.27/FeaturePacks/StarterContent.upack' (chunk index -1, root 'root:/') mounted
[2023.04.07-19.31.43:272][  0]LogShaderLibrary: Display: ShaderCodeLibraryPakFileMountedCallback: pending pak file info (ChunkID:-1 Root:root:/ File:D:/UE_4.27/FeaturePacks/StarterContent.upack)
[2023.04.07-19.31.43:272][  0]LogPakFile: OnPakFileMounted2Time == 0.000040
[2023.04.07-19.31.43:288][  0]LogPakFile: PakFile PrimaryIndexSize=190
[2023.04.07-19.31.43:288][  0]LogPakFile: PakFile PathHashIndexSize=101
[2023.04.07-19.31.43:288][  0]LogPakFile: PakFile FullDirectoryIndexSize=154
[2023.04.07-19.31.43:288][  0]LogShaderLibrary: Display: ShaderCodeLibraryPakFileMountedCallback: PakFile 'D:/UE_4.27/FeaturePacks/TP_2DSideScroller.upack' (chunk index -1, root 'root:/') mounted
[2023.04.07-19.31.43:288][  0]LogShaderLibrary: Display: ShaderCodeLibraryPakFileMountedCallback: pending pak file info (ChunkID:-1 Root:root:/ File:D:/UE_4.27/FeaturePacks/TP_2DSideScroller.upack)
[2023.04.07-19.31.43:288][  0]LogPakFile: OnPakFileMounted2Time == 0.000038
[2023.04.07-19.31.43:302][  0]LogPakFile: PakFile PrimaryIndexSize=192
[2023.04.07-19.31.43:302][  0]LogPakFile: PakFile PathHashIndexSize=101
[2023.04.07-19.31.43:302][  0]LogPakFile: PakFile FullDirectoryIndexSize=158
[2023.04.07-19.31.43:302][  0]LogShaderLibrary: Display: ShaderCodeLibraryPakFileMountedCallback: PakFile 'D:/UE_4.27/FeaturePacks/TP_2DSideScrollerBP.upack' (chunk index -1, root 'root:/') mounted
[2023.04.07-19.31.43:302][  0]LogShaderLibrary: Display: ShaderCodeLibraryPakFileMountedCallback: pending pak file info (ChunkID:-1 Root:root:/ File:D:/UE_4.27/FeaturePacks/TP_2DSideScrollerBP.upack)
[2023.04.07-19.31.43:302][  0]LogPakFile: OnPakFileMounted2Time == 0.000050
[2023.04.07-19.31.43:321][  0]LogPakFile: PakFile PrimaryIndexSize=182
[2023.04.07-19.31.43:321][  0]LogPakFile: PakFile PathHashIndexSize=101
[2023.04.07-19.31.43:321][  0]LogPakFile: PakFile FullDirectoryIndexSize=138
[2023.04.07-19.31.43:321][  0]LogShaderLibrary: Display: ShaderCodeLibraryPakFileMountedCallback: PakFile 'D:/UE_4.27/FeaturePacks/TP_Flying.upack' (chunk index -1, root 'root:/') mounted
[2023.04.07-19.31.43:321][  0]LogShaderLibrary: Display: ShaderCodeLibraryPakFileMountedCallback: pending pak file info (ChunkID:-1 Root:root:/ File:D:/UE_4.27/FeaturePacks/TP_Flying.upack)
[2023.04.07-19.31.43:321][  0]LogPakFile: OnPakFileMounted2Time == 0.000037
[2023.04.07-19.31.43:339][  0]LogPakFile: PakFile PrimaryIndexSize=184
[2023.04.07-19.31.43:339][  0]LogPakFile: PakFile PathHashIndexSize=101
[2023.04.07-19.31.43:339][  0]LogPakFile: PakFile FullDirectoryIndexSize=142
[2023.04.07-19.31.43:339][  0]LogShaderLibrary: Display: ShaderCodeLibraryPakFileMountedCallback: PakFile 'D:/UE_4.27/FeaturePacks/TP_FlyingBP.upack' (chunk index -1, root 'root:/') mounted
[2023.04.07-19.31.43:339][  0]LogShaderLibrary: Display: ShaderCodeLibraryPakFileMountedCallback: pending pak file info (ChunkID:-1 Root:root:/ File:D:/UE_4.27/FeaturePacks/TP_FlyingBP.upack)
[2023.04.07-19.31.43:339][  0]LogPakFile: OnPakFileMounted2Time == 0.000037
[2023.04.07-19.31.43:400][  0]LogPakFile: PakFile PrimaryIndexSize=188
[2023.04.07-19.31.43:400][  0]LogPakFile: PakFile PathHashIndexSize=101
[2023.04.07-19.31.43:400][  0]LogPakFile: PakFile FullDirectoryIndexSize=150
[2023.04.07-19.31.43:400][  0]LogShaderLibrary: Display: ShaderCodeLibraryPakFileMountedCallback: PakFile 'D:/UE_4.27/FeaturePacks/TP_HandheldARBP.upack' (chunk index -1, root 'root:/') mounted
[2023.04.07-19.31.43:400][  0]LogShaderLibrary: Display: ShaderCodeLibraryPakFileMountedCallback: pending pak file info (ChunkID:-1 Root:root:/ File:D:/UE_4.27/FeaturePacks/TP_HandheldARBP.upack)
[2023.04.07-19.31.43:400][  0]LogPakFile: OnPakFileMounted2Time == 0.000037
[2023.04.07-19.31.43:436][  0]LogPakFile: PakFile PrimaryIndexSize=182
[2023.04.07-19.31.43:436][  0]LogPakFile: PakFile PathHashIndexSize=101
[2023.04.07-19.31.43:436][  0]LogPakFile: PakFile FullDirectoryIndexSize=138
[2023.04.07-19.31.43:436][  0]LogShaderLibrary: Display: ShaderCodeLibraryPakFileMountedCallback: PakFile 'D:/UE_4.27/FeaturePacks/TP_Puzzle.upack' (chunk index -1, root 'root:/') mounted
[2023.04.07-19.31.43:436][  0]LogShaderLibrary: Display: ShaderCodeLibraryPakFileMountedCallback: pending pak file info (ChunkID:-1 Root:root:/ File:D:/UE_4.27/FeaturePacks/TP_Puzzle.upack)
[2023.04.07-19.31.43:436][  0]LogPakFile: OnPakFileMounted2Time == 0.000041
[2023.04.07-19.31.43:467][  0]LogPakFile: PakFile PrimaryIndexSize=184
[2023.04.07-19.31.43:467][  0]LogPakFile: PakFile PathHashIndexSize=101
[2023.04.07-19.31.43:467][  0]LogPakFile: PakFile FullDirectoryIndexSize=142
[2023.04.07-19.31.43:467][  0]LogShaderLibrary: Display: ShaderCodeLibraryPakFileMountedCallback: PakFile 'D:/UE_4.27/FeaturePacks/TP_PuzzleBP.upack' (chunk index -1, root 'root:/') mounted
[2023.04.07-19.31.43:467][  0]LogShaderLibrary: Display: ShaderCodeLibraryPakFileMountedCallback: pending pak file info (ChunkID:-1 Root:root:/ File:D:/UE_4.27/FeaturePacks/TP_PuzzleBP.upack)
[2023.04.07-19.31.43:467][  0]LogPakFile: OnPakFileMounted2Time == 0.000038
[2023.04.07-19.31.43:553][  0]LogPakFile: PakFile PrimaryIndexSize=183
[2023.04.07-19.31.43:553][  0]LogPakFile: PakFile PathHashIndexSize=101
[2023.04.07-19.31.43:553][  0]LogPakFile: PakFile FullDirectoryIndexSize=140
[2023.04.07-19.31.43:553][  0]LogShaderLibrary: Display: ShaderCodeLibraryPakFileMountedCallback: PakFile 'D:/UE_4.27/FeaturePacks/TP_Rolling.upack' (chunk index -1, root 'root:/') mounted
[2023.04.07-19.31.43:553][  0]LogShaderLibrary: Display: ShaderCodeLibraryPakFileMountedCallback: pending pak file info (ChunkID:-1 Root:root:/ File:D:/UE_4.27/FeaturePacks/TP_Rolling.upack)
[2023.04.07-19.31.43:553][  0]LogPakFile: OnPakFileMounted2Time == 0.000042
[2023.04.07-19.31.43:602][  0]LogPakFile: PakFile PrimaryIndexSize=185
[2023.04.07-19.31.43:602][  0]LogPakFile: PakFile PathHashIndexSize=101
[2023.04.07-19.31.43:602][  0]LogPakFile: PakFile FullDirectoryIndexSize=144
[2023.04.07-19.31.43:602][  0]LogShaderLibrary: Display: ShaderCodeLibraryPakFileMountedCallback: PakFile 'D:/UE_4.27/FeaturePacks/TP_RollingBP.upack' (chunk index -1, root 'root:/') mounted
[2023.04.07-19.31.43:602][  0]LogShaderLibrary: Display: ShaderCodeLibraryPakFileMountedCallback: pending pak file info (ChunkID:-1 Root:root:/ File:D:/UE_4.27/FeaturePacks/TP_RollingBP.upack)
[2023.04.07-19.31.43:602][  0]LogPakFile: OnPakFileMounted2Time == 0.000041
[2023.04.07-19.31.43:678][  0]LogPakFile: PakFile PrimaryIndexSize=188
[2023.04.07-19.31.43:678][  0]LogPakFile: PakFile PathHashIndexSize=101
[2023.04.07-19.31.43:678][  0]LogPakFile: PakFile FullDirectoryIndexSize=150
[2023.04.07-19.31.43:678][  0]LogShaderLibrary: Display: ShaderCodeLibraryPakFileMountedCallback: PakFile 'D:/UE_4.27/FeaturePacks/TP_SideScroller.upack' (chunk index -1, root 'root:/') mounted
[2023.04.07-19.31.43:678][  0]LogShaderLibrary: Display: ShaderCodeLibraryPakFileMountedCallback: pending pak file info (ChunkID:-1 Root:root:/ File:D:/UE_4.27/FeaturePacks/TP_SideScroller.upack)
[2023.04.07-19.31.43:678][  0]LogPakFile: OnPakFileMounted2Time == 0.000038
[2023.04.07-19.31.43:683][  0]LogPakFile: PakFile PrimaryIndexSize=190
[2023.04.07-19.31.43:683][  0]LogPakFile: PakFile PathHashIndexSize=101
[2023.04.07-19.31.43:683][  0]LogPakFile: PakFile FullDirectoryIndexSize=154
[2023.04.07-19.31.43:683][  0]LogShaderLibrary: Display: ShaderCodeLibraryPakFileMountedCallback: PakFile 'D:/UE_4.27/FeaturePacks/TP_SideScrollerBP.upack' (chunk index -1, root 'root:/') mounted
[2023.04.07-19.31.43:683][  0]LogShaderLibrary: Display: ShaderCodeLibraryPakFileMountedCallback: pending pak file info (ChunkID:-1 Root:root:/ File:D:/UE_4.27/FeaturePacks/TP_SideScrollerBP.upack)
[2023.04.07-19.31.43:684][  0]LogPakFile: OnPakFileMounted2Time == 0.000039
[2023.04.07-19.31.43:690][  0]LogPakFile: PakFile PrimaryIndexSize=187
[2023.04.07-19.31.43:691][  0]LogPakFile: PakFile PathHashIndexSize=101
[2023.04.07-19.31.43:691][  0]LogPakFile: PakFile FullDirectoryIndexSize=148
[2023.04.07-19.31.43:691][  0]LogShaderLibrary: Display: ShaderCodeLibraryPakFileMountedCallback: PakFile 'D:/UE_4.27/FeaturePacks/TP_ThirdPerson.upack' (chunk index -1, root 'root:/') mounted
[2023.04.07-19.31.43:691][  0]LogShaderLibrary: Display: ShaderCodeLibraryPakFileMountedCallback: pending pak file info (ChunkID:-1 Root:root:/ File:D:/UE_4.27/FeaturePacks/TP_ThirdPerson.upack)
[2023.04.07-19.31.43:691][  0]LogPakFile: OnPakFileMounted2Time == 0.000045
[2023.04.07-19.31.43:697][  0]LogPakFile: PakFile PrimaryIndexSize=189
[2023.04.07-19.31.43:697][  0]LogPakFile: PakFile PathHashIndexSize=101
[2023.04.07-19.31.43:697][  0]LogPakFile: PakFile FullDirectoryIndexSize=152
[2023.04.07-19.31.43:697][  0]LogShaderLibrary: Display: ShaderCodeLibraryPakFileMountedCallback: PakFile 'D:/UE_4.27/FeaturePacks/TP_ThirdPersonBP.upack' (chunk index -1, root 'root:/') mounted
[2023.04.07-19.31.43:697][  0]LogShaderLibrary: Display: ShaderCodeLibraryPakFileMountedCallback: pending pak file info (ChunkID:-1 Root:root:/ File:D:/UE_4.27/FeaturePacks/TP_ThirdPersonBP.upack)
[2023.04.07-19.31.43:697][  0]LogPakFile: OnPakFileMounted2Time == 0.000038
[2023.04.07-19.31.43:705][  0]LogPakFile: PakFile PrimaryIndexSize=183
[2023.04.07-19.31.43:705][  0]LogPakFile: PakFile PathHashIndexSize=101
[2023.04.07-19.31.43:705][  0]LogPakFile: PakFile FullDirectoryIndexSize=140
[2023.04.07-19.31.43:705][  0]LogShaderLibrary: Display: ShaderCodeLibraryPakFileMountedCallback: PakFile 'D:/UE_4.27/FeaturePacks/TP_TopDown.upack' (chunk index -1, root 'root:/') mounted
[2023.04.07-19.31.43:705][  0]LogShaderLibrary: Display: ShaderCodeLibraryPakFileMountedCallback: pending pak file info (ChunkID:-1 Root:root:/ File:D:/UE_4.27/FeaturePacks/TP_TopDown.upack)
[2023.04.07-19.31.43:705][  0]LogPakFile: OnPakFileMounted2Time == 0.000043
[2023.04.07-19.31.43:711][  0]LogPakFile: PakFile PrimaryIndexSize=185
[2023.04.07-19.31.43:711][  0]LogPakFile: PakFile PathHashIndexSize=101
[2023.04.07-19.31.43:711][  0]LogPakFile: PakFile FullDirectoryIndexSize=144
[2023.04.07-19.31.43:711][  0]LogShaderLibrary: Display: ShaderCodeLibraryPakFileMountedCallback: PakFile 'D:/UE_4.27/FeaturePacks/TP_TopDownBP.upack' (chunk index -1, root 'root:/') mounted
[2023.04.07-19.31.43:711][  0]LogShaderLibrary: Display: ShaderCodeLibraryPakFileMountedCallback: pending pak file info (ChunkID:-1 Root:root:/ File:D:/UE_4.27/FeaturePacks/TP_TopDownBP.upack)
[2023.04.07-19.31.43:711][  0]LogPakFile: OnPakFileMounted2Time == 0.000045
[2023.04.07-19.31.43:721][  0]LogPakFile: PakFile PrimaryIndexSize=185
[2023.04.07-19.31.43:721][  0]LogPakFile: PakFile PathHashIndexSize=101
[2023.04.07-19.31.43:721][  0]LogPakFile: PakFile FullDirectoryIndexSize=144
[2023.04.07-19.31.43:721][  0]LogShaderLibrary: Display: ShaderCodeLibraryPakFileMountedCallback: PakFile 'D:/UE_4.27/FeaturePacks/TP_TwinStick.upack' (chunk index -1, root 'root:/') mounted
[2023.04.07-19.31.43:721][  0]LogShaderLibrary: Display: ShaderCodeLibraryPakFileMountedCallback: pending pak file info (ChunkID:-1 Root:root:/ File:D:/UE_4.27/FeaturePacks/TP_TwinStick.upack)
[2023.04.07-19.31.43:721][  0]LogPakFile: OnPakFileMounted2Time == 0.000037
[2023.04.07-19.31.43:727][  0]LogPakFile: PakFile PrimaryIndexSize=187
[2023.04.07-19.31.43:728][  0]LogPakFile: PakFile PathHashIndexSize=101
[2023.04.07-19.31.43:728][  0]LogPakFile: PakFile FullDirectoryIndexSize=148
[2023.04.07-19.31.43:728][  0]LogShaderLibrary: Display: ShaderCodeLibraryPakFileMountedCallback: PakFile 'D:/UE_4.27/FeaturePacks/TP_TwinStickBP.upack' (chunk index -1, root 'root:/') mounted
[2023.04.07-19.31.43:728][  0]LogShaderLibrary: Display: ShaderCodeLibraryPakFileMountedCallback: pending pak file info (ChunkID:-1 Root:root:/ File:D:/UE_4.27/FeaturePacks/TP_TwinStickBP.upack)
[2023.04.07-19.31.43:728][  0]LogPakFile: OnPakFileMounted2Time == 0.000043
[2023.04.07-19.31.43:734][  0]LogPakFile: PakFile PrimaryIndexSize=183
[2023.04.07-19.31.43:734][  0]LogPakFile: PakFile PathHashIndexSize=101
[2023.04.07-19.31.43:734][  0]LogPakFile: PakFile FullDirectoryIndexSize=140
[2023.04.07-19.31.43:734][  0]LogShaderLibrary: Display: ShaderCodeLibraryPakFileMountedCallback: PakFile 'D:/UE_4.27/FeaturePacks/TP_Vehicle.upack' (chunk index -1, root 'root:/') mounted
[2023.04.07-19.31.43:734][  0]LogShaderLibrary: Display: ShaderCodeLibraryPakFileMountedCallback: pending pak file info (ChunkID:-1 Root:root:/ File:D:/UE_4.27/FeaturePacks/TP_Vehicle.upack)
[2023.04.07-19.31.43:734][  0]LogPakFile: OnPakFileMounted2Time == 0.000038
[2023.04.07-19.31.43:764][  0]LogPakFile: PakFile PrimaryIndexSize=186
[2023.04.07-19.31.43:764][  0]LogPakFile: PakFile PathHashIndexSize=101
[2023.04.07-19.31.43:764][  0]LogPakFile: PakFile FullDirectoryIndexSize=146
[2023.04.07-19.31.43:764][  0]LogShaderLibrary: Display: ShaderCodeLibraryPakFileMountedCallback: PakFile 'D:/UE_4.27/FeaturePacks/TP_VehicleAdv.upack' (chunk index -1, root 'root:/') mounted
[2023.04.07-19.31.43:764][  0]LogShaderLibrary: Display: ShaderCodeLibraryPakFileMountedCallback: pending pak file info (ChunkID:-1 Root:root:/ File:D:/UE_4.27/FeaturePacks/TP_VehicleAdv.upack)
[2023.04.07-19.31.43:764][  0]LogPakFile: OnPakFileMounted2Time == 0.000038
[2023.04.07-19.31.43:783][  0]LogPakFile: PakFile PrimaryIndexSize=188
[2023.04.07-19.31.43:783][  0]LogPakFile: PakFile PathHashIndexSize=101
[2023.04.07-19.31.43:783][  0]LogPakFile: PakFile FullDirectoryIndexSize=150
[2023.04.07-19.31.43:784][  0]LogShaderLibrary: Display: ShaderCodeLibraryPakFileMountedCallback: PakFile 'D:/UE_4.27/FeaturePacks/TP_VehicleAdvBP.upack' (chunk index -1, root 'root:/') mounted
[2023.04.07-19.31.43:784][  0]LogShaderLibrary: Display: ShaderCodeLibraryPakFileMountedCallback: pending pak file info (ChunkID:-1 Root:root:/ File:D:/UE_4.27/FeaturePacks/TP_VehicleAdvBP.upack)
[2023.04.07-19.31.43:784][  0]LogPakFile: OnPakFileMounted2Time == 0.000041
[2023.04.07-19.31.43:790][  0]LogPakFile: PakFile PrimaryIndexSize=185
[2023.04.07-19.31.43:790][  0]LogPakFile: PakFile PathHashIndexSize=101
[2023.04.07-19.31.43:790][  0]LogPakFile: PakFile FullDirectoryIndexSize=144
[2023.04.07-19.31.43:790][  0]LogShaderLibrary: Display: ShaderCodeLibraryPakFileMountedCallback: PakFile 'D:/UE_4.27/FeaturePacks/TP_VehicleBP.upack' (chunk index -1, root 'root:/') mounted
[2023.04.07-19.31.43:790][  0]LogShaderLibrary: Display: ShaderCodeLibraryPakFileMountedCallback: pending pak file info (ChunkID:-1 Root:root:/ File:D:/UE_4.27/FeaturePacks/TP_VehicleBP.upack)
[2023.04.07-19.31.43:790][  0]LogPakFile: OnPakFileMounted2Time == 0.000041
[2023.04.07-19.31.43:796][  0]LogPakFile: PakFile PrimaryIndexSize=192
[2023.04.07-19.31.43:796][  0]LogPakFile: PakFile PathHashIndexSize=101
[2023.04.07-19.31.43:796][  0]LogPakFile: PakFile FullDirectoryIndexSize=158
[2023.04.07-19.31.43:796][  0]LogShaderLibrary: Display: ShaderCodeLibraryPakFileMountedCallback: PakFile 'D:/UE_4.27/FeaturePacks/TP_VirtualRealityBP.upack' (chunk index -1, root 'root:/') mounted
[2023.04.07-19.31.43:797][  0]LogShaderLibrary: Display: ShaderCodeLibraryPakFileMountedCallback: pending pak file info (ChunkID:-1 Root:root:/ File:D:/UE_4.27/FeaturePacks/TP_VirtualRealityBP.upack)
[2023.04.07-19.31.43:797][  0]LogPakFile: OnPakFileMounted2Time == 0.000043
[2023.04.07-19.31.45:318][  0]LogNativeClassHierarchy: Verbose: Native class hierarchy updated for 'AddContentDialog' in 0.0002 seconds. Added 0 classes and 0 folders.
[2023.04.07-19.31.45:479][  0]LogNativeClassHierarchy: Verbose: Native class hierarchy updated for 'SceneOutliner' in 0.0002 seconds. Added 2 classes and 0 folders.
[2023.04.07-19.31.48:375][  0]LogSlate: Only BGRA pngs, bmps or icos are supported in by External Image Picker
[2023.04.07-19.31.49:002][  0]LogSlate: Took 0.022597 seconds to synchronously load lazily loaded font '../../../Engine/Content/Slate/Fonts/Roboto-Regular.ttf' (155K)
[2023.04.07-19.31.49:023][  0]LogSlate: Took 0.019671 seconds to synchronously load lazily loaded font '../../../Engine/Content/Editor/Slate/Fonts/FontAwesome.ttf' (139K)
[2023.04.07-19.31.49:047][  0]LogSlate: Took 0.013059 seconds to synchronously load lazily loaded font '../../../Engine/Content/Slate/Fonts/Roboto-Bold.ttf' (160K)
[2023.04.07-19.31.50:042][  0]LogRenderer: Reallocating scene render targets to support 1208x572 Format 10 NumSamples 1 (Frame:1).
[2023.04.07-19.31.50:647][  0]LogSlate: Took 0.253016 seconds to synchronously load lazily loaded font '../../../Engine/Content/Slate/Fonts/Roboto-Light.ttf' (167K)
[2023.04.07-19.31.51:147][  0]LogNativeClassHierarchy: Verbose: Native class hierarchy updated for 'HierarchicalLODOutliner' in 0.0003 seconds. Added 0 classes and 0 folders.
[2023.04.07-19.31.51:154][  0]LogInput: Warning: Action Jump uses invalid key OculusGo_Left_Trigger_Click.
[2023.04.07-19.31.51:154][  0]LogInput: Warning: Action ResetVR uses invalid key OculusGo_Left_Trackpad_Click.
[2023.04.07-19.31.51:154][  0]LogInput: Warning: Use -RemoveInvalidKeys to remove instances of these keys from the action mapping.
[2023.04.07-19.31.51:154][  0]LogLoad: (Engine Initialization) Total time: 135.93 seconds
[2023.04.07-19.31.51:154][  0]LogLoad: (Engine Initialization) Total Blueprint compile time: 0.00 seconds
[2023.04.07-19.31.51:677][  0]LogContentStreaming: Texture pool size now 1000 MB
[2023.04.07-19.31.52:100][  1]LogAssetRegistry: Asset discovery search completed in 87.5898 seconds
[2023.04.07-19.31.52:332][  1]LogCollectionManager: Fixed up redirectors for 0 collections in 0.000003 seconds (updated 0 objects)
[2023.04.07-19.31.52:748][  3]LogSlate: Took 0.000199 seconds to synchronously load lazily loaded font '../../../Engine/Content/Slate/Fonts/Roboto-Light.ttf' (167K)
