Log file open, 03/02/23 19:58:27
LogWindows: Failed to load 'aqProf.dll' (GetLastError=126)
LogWindows: File 'aqProf.dll' does not exist
LogWindows: Failed to load 'VtuneApi.dll' (GetLastError=126)
LogWindows: File 'VtuneApi.dll' does not exist
LogWindows: Failed to load 'VtuneApi32e.dll' (GetLastError=126)
LogWindows: File 'VtuneApi32e.dll' does not exist
LogConsoleResponse: Display: Failed to find resolution value strings in scalability ini. Falling back to default.
LogConsoleResponse: Display: Failed to find resolution value strings in scalability ini. Falling back to default.
LogInit: Display: Running engine for game: Breaker
LogPlatformFile: Not using cached read wrapper
LogTaskGraph: Started task graph with 5 named threads and 20 total threads with 3 sets of task threads.
LogStats: Stats thread started at 0.234996
LogICUInternationalization: ICU TimeZone Detection - Raw Offset: +0:00, Platform Override: ''
LogInit: Display: Loading text-based GConfig....
LogPluginManager: Mounting plugin MeshPainting
LogPluginManager: Mounting plugin XGEController
LogPluginManager: Mounting plugin Paper2D
LogPluginManager: Mounting plugin EnvironmentQueryEditor
LogPluginManager: Mounting plugin AISupport
LogPluginManager: Mounting plugin LiveLink
LogPluginManager: Mounting plugin LightPropagationVolume
LogPluginManager: Mounting plugin CameraShakePreviewer
LogPluginManager: Mounting plugin OodleData
LogPluginManager: Mounting plugin OodleNetwork
LogPluginManager: Mounting plugin GameplayCameras
LogPluginManager: Mounting plugin AnimationSharing
LogPluginManager: Mounting plugin CLionSourceCodeAccess
LogPluginManager: Mounting plugin CodeLiteSourceCodeAccess
LogPluginManager: Mounting plugin GitSourceControl
LogPluginManager: Mounting plugin NullSourceCodeAccess
LogPluginManager: Mounting plugin KDevelopSourceCodeAccess
LogPluginManager: Mounting plugin PixWinPlugin
LogPluginManager: Mounting plugin PerforceSourceControl
LogPluginManager: Mounting plugin PlasticSourceControl
LogPluginManager: Mounting plugin PluginUtils
LogPluginManager: Mounting plugin PropertyAccessNode
LogPluginManager: Mounting plugin RiderSourceCodeAccess
LogPluginManager: Mounting plugin SubversionSourceControl
LogPluginManager: Mounting plugin TextureFormatOodle
LogPluginManager: Mounting plugin UObjectPlugin
LogPluginManager: Mounting plugin VisualStudioCodeSourceCodeAccess
LogPluginManager: Mounting plugin VisualStudioSourceCodeAccess
LogPluginManager: Mounting plugin XCodeSourceCodeAccess
LogPluginManager: Mounting plugin AssetManagerEditor
LogPluginManager: Mounting plugin CurveEditorTools
LogPluginManager: Mounting plugin CryptoKeys
LogPluginManager: Mounting plugin DataValidation
LogPluginManager: Mounting plugin GameplayTagsEditor
LogPluginManager: Mounting plugin FacialAnimation
LogPluginManager: Mounting plugin GeometryMode
LogPluginManager: Mounting plugin MacGraphicsSwitching
LogPluginManager: Mounting plugin MaterialAnalyzer
LogPluginManager: Mounting plugin MobileLauncherProfileWizard
LogPluginManager: Mounting plugin PluginBrowser
LogPluginManager: Mounting plugin AlembicImporter
LogPluginManager: Mounting plugin SpeedTreeImporter
LogPluginManager: Mounting plugin AutomationUtils
LogPluginManager: Mounting plugin BackChannel
LogPluginManager: Mounting plugin ChaosCloth
LogPluginManager: Mounting plugin ChaosClothEditor
LogPluginManager: Mounting plugin ChaosEditor
LogPluginManager: Mounting plugin ChaosSolverPlugin
LogPluginManager: Mounting plugin ChaosNiagara
LogPluginManager: Mounting plugin CharacterAI
LogPluginManager: Mounting plugin GeometryCache
LogPluginManager: Mounting plugin GeometryCollectionPlugin
LogPluginManager: Mounting plugin GeometryProcessing
LogPluginManager: Mounting plugin MotoSynth
LogPluginManager: Mounting plugin OpenImageDenoise
LogPluginManager: Mounting plugin PlanarCut
LogPluginManager: Mounting plugin PlatformCrypto
LogPluginManager: Mounting plugin ProxyLODPlugin
LogPluginManager: Mounting plugin PythonScriptPlugin
LogPluginManager: Mounting plugin SkeletalReduction
LogPluginManager: Mounting plugin DatasmithContent
LogPluginManager: Mounting plugin VariantManagerContent
LogPluginManager: Mounting plugin Niagara
LogPluginManager: Mounting plugin LuminPlatformFeatures
LogPluginManager: Mounting plugin MagicLeap
LogPluginManager: Mounting plugin MagicLeapLightEstimation
LogPluginManager: Mounting plugin MagicLeapMedia
LogPluginManager: Mounting plugin MagicLeapPassableWorld
LogPluginManager: Mounting plugin MLSDK
LogPluginManager: Mounting plugin AndroidMedia
LogPluginManager: Mounting plugin AvfMedia
LogPluginManager: Mounting plugin ImgMedia
LogPluginManager: Mounting plugin MediaCompositing
LogPluginManager: Mounting plugin MediaPlayerEditor
LogPluginManager: Mounting plugin WebMMedia
LogPluginManager: Mounting plugin WmfMedia
LogPluginManager: Mounting plugin TcpMessaging
LogPluginManager: Mounting plugin UdpMessaging
LogPluginManager: Mounting plugin ActorSequence
LogPluginManager: Mounting plugin LevelSequenceEditor
LogPluginManager: Mounting plugin MatineeToLevelSequence
LogPluginManager: Mounting plugin TemplateSequence
LogPluginManager: Mounting plugin OnlineSubsystem
LogPluginManager: Mounting plugin OnlineSubsystemNull
LogPluginManager: Mounting plugin OnlineSubsystemUtils
LogPluginManager: Mounting plugin LauncherChunkInstaller
LogPluginManager: Mounting plugin ActorLayerUtilities
LogPluginManager: Mounting plugin AndroidDeviceProfileSelector
LogPluginManager: Mounting plugin AndroidMoviePlayer
LogPluginManager: Mounting plugin AndroidPermission
LogPluginManager: Mounting plugin AppleImageUtils
LogPluginManager: Mounting plugin AppleMoviePlayer
LogPluginManager: Mounting plugin ArchVisCharacter
LogPluginManager: Mounting plugin AssetTags
LogPluginManager: Mounting plugin AudioCapture
LogPluginManager: Mounting plugin AudioSynesthesia
LogPluginManager: Mounting plugin ChunkDownloader
LogPluginManager: Mounting plugin CableComponent
LogPluginManager: Mounting plugin CustomMeshComponent
LogPluginManager: Mounting plugin EditableMesh
LogPluginManager: Mounting plugin ExampleDeviceProfileSelector
LogPluginManager: Mounting plugin GoogleCloudMessaging
LogPluginManager: Mounting plugin GooglePAD
LogPluginManager: Mounting plugin IOSDeviceProfileSelector
LogPluginManager: Mounting plugin LinuxDeviceProfileSelector
LogPluginManager: Mounting plugin LocationServicesBPLibrary
LogPluginManager: Mounting plugin MobilePatchingUtils
LogPluginManager: Mounting plugin OpenXR
LogPluginManager: Mounting plugin OpenXREyeTracker
LogPluginManager: Mounting plugin OpenXRHandTracking
LogPluginManager: Mounting plugin PhysXVehicles
LogPluginManager: Mounting plugin PostSplashScreen
LogPluginManager: Mounting plugin ProceduralMeshComponent
LogPluginManager: Mounting plugin PropertyAccessEditor
LogPluginManager: Mounting plugin RuntimePhysXCooking
LogPluginManager: Mounting plugin SignificanceManager
LogPluginManager: Mounting plugin SoundFields
LogPluginManager: Mounting plugin Synthesis
LogPluginManager: Mounting plugin WebMMoviePlayer
LogPluginManager: Mounting plugin WindowsMoviePlayer
LogPluginManager: Mounting plugin ScreenshotTools
LogPluginManager: Mounting plugin Takes
LogPluginManager: Mounting plugin ContentBrowserAssetDataSource
LogPluginManager: Mounting plugin ContentBrowserClassDataSource
LogPluginManager: Mounting plugin ContentBrowserFileDataSource
LogPluginManager: Mounting plugin OnlineSubsystemGooglePlay
LogPluginManager: Mounting plugin OnlineSubsystemIOS
LogPluginManager: Mounting plugin OculusVR
LogPluginManager: Mounting plugin SteamVR
PixWinPlugin: PIX capture plugin failed to initialize! Check that the process is launched from PIX.
LogInit: Using libcurl 7.55.1-DEV
LogInit:  - built for x86_64-pc-win32
LogInit:  - supports SSL with OpenSSL/1.1.1
LogInit:  - supports HTTP deflate (compression) using libz 1.2.8
LogInit:  - other features:
LogInit:      CURL_VERSION_SSL
LogInit:      CURL_VERSION_LIBZ
LogInit:      CURL_VERSION_IPV6
LogInit:      CURL_VERSION_ASYNCHDNS
LogInit:      CURL_VERSION_LARGEFILE
LogInit:      CURL_VERSION_IDN
LogInit:  CurlRequestOptions (configurable via config and command line):
LogInit:  - bVerifyPeer = true  - Libcurl will verify peer certificate
LogInit:  - bUseHttpProxy = false  - Libcurl will NOT use HTTP proxy
LogInit:  - bDontReuseConnections = false  - Libcurl will reuse connections
LogInit:  - MaxHostConnections = 16  - Libcurl will limit the number of connections to a host
LogInit:  - LocalHostAddr = Default
LogInit:  - BufferSize = 65536
LogOnline: OSS: Creating online subsystem instance for: NULL
LogInit: WinSock: version 1.1 (2.2), MaxSocks=32767, MaxUdp=65467
LogOnline: OSS: TryLoadSubsystemAndSetDefault: Loaded subsystem for module [NULL]
LogOculusPluginWrapper: OculusPlugin initialized successfully
LogHMD: Failed initializing OVRPlugin 1.59.0
LogInit: Build: ++UE4+Release-4.27-CL-18319896
LogInit: Engine Version: 4.27.2-18319896+++UE4+Release-4.27
LogInit: Compatible Engine Version: 4.27.0-17155196+++UE4+Release-4.27
LogInit: Net CL: 17155196
LogInit: OS: Windows 10 (Release 2009) (), CPU: Intel(R) Core(TM) i5-9400F CPU @ 2.90GHz, GPU: NVIDIA GeForce GTX 1660 SUPER
LogInit: Compiled (64-bit): Nov 30 2021 07:12:08
LogInit: Compiled with Visual C++: 19.24.28315.00
LogInit: Build Configuration: Development
LogInit: Branch Name: ++UE4+Release-4.27
LogInit: Command Line: 
LogInit: Base Directory: D:/UE_4.27/Engine/Binaries/Win64/
LogInit: Allocator: TBB
LogInit: Installed Engine Build: 1
LogDevObjectVersion: Number of dev versions registered: 29
LogDevObjectVersion:   Dev-Blueprints (B0D832E4-1F89-4F0D-ACCF-7EB736FD4AA2): 10
LogDevObjectVersion:   Dev-Build (E1C64328-A22C-4D53-A36C-8E866417BD8C): 0
LogDevObjectVersion:   Dev-Core (375EC13C-06E4-48FB-B500-84F0262A717E): 4
LogDevObjectVersion:   Dev-Editor (E4B068ED-F494-42E9-A231-DA0B2E46BB41): 40
LogDevObjectVersion:   Dev-Framework (CFFC743F-43B0-4480-9391-14DF171D2073): 37
LogDevObjectVersion:   Dev-Mobile (B02B49B5-BB20-44E9-A304-32B752E40360): 3
LogDevObjectVersion:   Dev-Networking (A4E4105C-59A1-49B5-A7C5-40C4547EDFEE): 0
LogDevObjectVersion:   Dev-Online (39C831C9-5AE6-47DC-9A44-9C173E1C8E7C): 0
LogDevObjectVersion:   Dev-Physics (78F01B33-EBEA-4F98-B9B4-84EACCB95AA2): 14
LogDevObjectVersion:   Dev-Platform (6631380F-2D4D-43E0-8009-CF276956A95A): 0
LogDevObjectVersion:   Dev-Rendering (12F88B9F-8875-4AFC-A67C-D90C383ABD29): 45
LogDevObjectVersion:   Dev-Sequencer (7B5AE74C-D270-4C10-A958-57980B212A5A): 13
LogDevObjectVersion:   Dev-VR (D7296918-1DD6-4BDD-9DE2-64A83CC13884): 3
LogDevObjectVersion:   Dev-LoadTimes (C2A15278-BFE7-4AFE-6C17-90FF531DF755): 1
LogDevObjectVersion:   Private-Geometry (6EACA3D4-40EC-4CC1-B786-8BED09428FC5): 3
LogDevObjectVersion:   Dev-AnimPhys (29E575DD-E0A3-4627-9D10-D276232CDCEA): 17
LogDevObjectVersion:   Dev-Anim (AF43A65D-7FD3-4947-9873-3E8ED9C1BB05): 15
LogDevObjectVersion:   Dev-ReflectionCapture (6B266CEC-1EC7-4B8F-A30B-E4D90942FC07): 1
LogDevObjectVersion:   Dev-Automation (0DF73D61-A23F-47EA-B727-89E90C41499A): 1
LogDevObjectVersion:   FortniteMain (601D1886-AC64-4F84-AA16-D3DE0DEAC7D6): 47
LogDevObjectVersion:   FortniteRelease (E7086368-6B23-4C58-8439-1B7016265E91): 1
LogDevObjectVersion:   Dev-Enterprise (9DFFBCD6-494F-0158-E221-12823C92A888): 10
LogDevObjectVersion:   Dev-Niagara (F2AED0AC-9AFE-416F-8664-AA7FFA26D6FC): 1
LogDevObjectVersion:   Dev-Destruction (174F1F0B-B4C6-45A5-B13F-2EE8D0FB917D): 10
LogDevObjectVersion:   Dev-Physics-Ext (35F94A83-E258-406C-A318-09F59610247C): 41
LogDevObjectVersion:   Dev-PhysicsMaterial-Chaos (B68FC16E-8B1B-42E2-B453-215C058844FE): 1
LogDevObjectVersion:   Dev-CineCamera (B2E18506-4273-CFC2-A54E-F4BB758BBA07): 1
LogDevObjectVersion:   Dev-VirtualProduction (64F58936-FD1B-42BA-BA96-7289D5D0FA4E): 1
LogDevObjectVersion:   Dev-MediaFramework (6F0ED827-A609-4895-9C91-998D90180EA4): 2
LogInit: Presizing for max 25165824 objects, including 0 objects not considered by GC, pre-allocating 0 bytes for permanent pool.
LogConfig: Applying CVar settings from Section [/Script/Engine.StreamingSettings] File [D:/Zack's Portfolio (up-to-date)/Breaker/Saved/Config/Windows/Engine.ini]
LogConfig: Setting CVar [[s.MinBulkDataSizeForAsyncLoading:131072]]
LogConfig: Setting CVar [[s.AsyncLoadingThreadEnabled:0]]
LogConfig: Setting CVar [[s.EventDrivenLoaderEnabled:1]]
LogConfig: Setting CVar [[s.WarnIfTimeLimitExceeded:0]]
LogConfig: Setting CVar [[s.TimeLimitExceededMultiplier:1.5]]
LogConfig: Setting CVar [[s.TimeLimitExceededMinTime:0.005]]
LogConfig: Setting CVar [[s.UseBackgroundLevelStreaming:1]]
LogConfig: Setting CVar [[s.PriorityAsyncLoadingExtraTime:15.0]]
LogConfig: Setting CVar [[s.LevelStreamingActorsUpdateTimeLimit:5.0]]
LogConfig: Setting CVar [[s.PriorityLevelStreamingActorsUpdateExtraTime:5.0]]
LogConfig: Setting CVar [[s.LevelStreamingComponentsRegistrationGranularity:10]]
LogConfig: Setting CVar [[s.UnregisterComponentsTimeLimit:1.0]]
LogConfig: Setting CVar [[s.LevelStreamingComponentsUnregistrationGranularity:5]]
LogConfig: Setting CVar [[s.FlushStreamingOnExit:1]]
LogInit: Object subsystem initialized
LogConfig: Setting CVar [[con.DebugEarlyDefault:1]]
LogConfig: Setting CVar [[r.setres:1280x720]]
[2023.03.02-19.58.27:862][  0]LogConfig: Setting CVar [[r.VSync:0]]
[2023.03.02-19.58.27:862][  0]LogConfig: Setting CVar [[r.RHICmdBypass:0]]
[2023.03.02-19.58.27:862][  0]LogConfig: Applying CVar settings from Section [/Script/Engine.RendererSettings] File [D:/Zack's Portfolio (up-to-date)/Breaker/Saved/Config/Windows/Engine.ini]
[2023.03.02-19.58.27:862][  0]LogConfig: Setting CVar [[r.GPUCrashDebugging:0]]
[2023.03.02-19.58.27:862][  0]LogConfig: Applying CVar settings from Section [/Script/Engine.RendererOverrideSettings] File [D:/Zack's Portfolio (up-to-date)/Breaker/Saved/Config/Windows/Engine.ini]
[2023.03.02-19.58.27:862][  0]LogConfig: Applying CVar settings from Section [/Script/Engine.StreamingSettings] File [D:/Zack's Portfolio (up-to-date)/Breaker/Saved/Config/Windows/Engine.ini]
[2023.03.02-19.58.27:862][  0]LogConfig: Setting CVar [[s.MinBulkDataSizeForAsyncLoading:131072]]
[2023.03.02-19.58.27:862][  0]LogConfig: Setting CVar [[s.AsyncLoadingThreadEnabled:0]]
[2023.03.02-19.58.27:862][  0]LogConfig: Setting CVar [[s.EventDrivenLoaderEnabled:1]]
[2023.03.02-19.58.27:862][  0]LogConfig: Setting CVar [[s.WarnIfTimeLimitExceeded:0]]
[2023.03.02-19.58.27:862][  0]LogConfig: Setting CVar [[s.TimeLimitExceededMultiplier:1.5]]
[2023.03.02-19.58.27:862][  0]LogConfig: Setting CVar [[s.TimeLimitExceededMinTime:0.005]]
[2023.03.02-19.58.27:862][  0]LogConfig: Setting CVar [[s.UseBackgroundLevelStreaming:1]]
[2023.03.02-19.58.27:862][  0]LogConfig: Setting CVar [[s.PriorityAsyncLoadingExtraTime:15.0]]
[2023.03.02-19.58.27:862][  0]LogConfig: Setting CVar [[s.LevelStreamingActorsUpdateTimeLimit:5.0]]
[2023.03.02-19.58.27:862][  0]LogConfig: Setting CVar [[s.PriorityLevelStreamingActorsUpdateExtraTime:5.0]]
[2023.03.02-19.58.27:862][  0]LogConfig: Setting CVar [[s.LevelStreamingComponentsRegistrationGranularity:10]]
[2023.03.02-19.58.27:862][  0]LogConfig: Setting CVar [[s.UnregisterComponentsTimeLimit:1.0]]
[2023.03.02-19.58.27:862][  0]LogConfig: Setting CVar [[s.LevelStreamingComponentsUnregistrationGranularity:5]]
[2023.03.02-19.58.27:862][  0]LogConfig: Setting CVar [[s.FlushStreamingOnExit:1]]
[2023.03.02-19.58.27:862][  0]LogConfig: Applying CVar settings from Section [/Script/Engine.GarbageCollectionSettings] File [D:/Zack's Portfolio (up-to-date)/Breaker/Saved/Config/Windows/Engine.ini]
[2023.03.02-19.58.27:862][  0]LogConfig: Setting CVar [[gc.MaxObjectsNotConsideredByGC:1]]
[2023.03.02-19.58.27:862][  0]LogConfig: Setting CVar [[gc.SizeOfPermanentObjectPool:0]]
[2023.03.02-19.58.27:862][  0]LogConfig: Setting CVar [[gc.FlushStreamingOnGC:0]]
[2023.03.02-19.58.27:862][  0]LogConfig: Setting CVar [[gc.NumRetriesBeforeForcingGC:10]]
[2023.03.02-19.58.27:862][  0]LogConfig: Setting CVar [[gc.AllowParallelGC:1]]
[2023.03.02-19.58.27:862][  0]LogConfig: Setting CVar [[gc.TimeBetweenPurgingPendingKillObjects:61.1]]
[2023.03.02-19.58.27:862][  0]LogConfig: Setting CVar [[gc.MaxObjectsInEditor:25165824]]
[2023.03.02-19.58.27:862][  0]LogConfig: Setting CVar [[gc.IncrementalBeginDestroyEnabled:1]]
[2023.03.02-19.58.27:862][  0]LogConfig: Setting CVar [[gc.CreateGCClusters:1]]
[2023.03.02-19.58.27:862][  0]LogConfig: Setting CVar [[gc.MinGCClusterSize:5]]
[2023.03.02-19.58.27:862][  0]LogConfig: Setting CVar [[gc.ActorClusteringEnabled:0]]
[2023.03.02-19.58.27:862][  0]LogConfig: Setting CVar [[gc.BlueprintClusteringEnabled:0]]
[2023.03.02-19.58.27:862][  0]LogConfig: Setting CVar [[gc.UseDisregardForGCOnDedicatedServers:0]]
[2023.03.02-19.58.27:863][  0]LogConfig: Setting CVar [[gc.MultithreadedDestructionEnabled:1]]
[2023.03.02-19.58.27:863][  0]LogConfig: Applying CVar settings from Section [/Script/Engine.NetworkSettings] File [D:/Zack's Portfolio (up-to-date)/Breaker/Saved/Config/Windows/Engine.ini]
[2023.03.02-19.58.27:863][  0]LogConfig: Applying CVar settings from Section [/Script/UnrealEd.CookerSettings] File [D:/Zack's Portfolio (up-to-date)/Breaker/Saved/Config/Windows/Engine.ini]
[2023.03.02-19.58.27:871][  0]LogConfig: Applying CVar settings from Section [ViewDistanceQuality@3] File [D:/Zack's Portfolio (up-to-date)/Breaker/Saved/Config/Windows/Scalability.ini]
[2023.03.02-19.58.27:871][  0]LogConfig: Setting CVar [[r.SkeletalMeshLODBias:0]]
[2023.03.02-19.58.27:871][  0]LogConfig: Setting CVar [[r.ViewDistanceScale:1.0]]
[2023.03.02-19.58.27:871][  0]LogConfig: Applying CVar settings from Section [AntiAliasingQuality@3] File [D:/Zack's Portfolio (up-to-date)/Breaker/Saved/Config/Windows/Scalability.ini]
[2023.03.02-19.58.27:871][  0]LogConfig: Setting CVar [[r.PostProcessAAQuality:4]]
[2023.03.02-19.58.27:871][  0]LogConfig: Applying CVar settings from Section [ShadowQuality@3] File [D:/Zack's Portfolio (up-to-date)/Breaker/Saved/Config/Windows/Scalability.ini]
[2023.03.02-19.58.27:871][  0]LogConfig: Setting CVar [[r.LightFunctionQuality:1]]
[2023.03.02-19.58.27:871][  0]LogConfig: Setting CVar [[r.ShadowQuality:5]]
[2023.03.02-19.58.27:871][  0]LogConfig: Setting CVar [[r.Shadow.CSM.MaxCascades:10]]
[2023.03.02-19.58.27:871][  0]LogConfig: Setting CVar [[r.Shadow.MaxResolution:2048]]
[2023.03.02-19.58.27:871][  0]LogConfig: Setting CVar [[r.Shadow.MaxCSMResolution:2048]]
[2023.03.02-19.58.27:871][  0]LogConfig: Setting CVar [[r.Shadow.RadiusThreshold:0.01]]
[2023.03.02-19.58.27:871][  0]LogConfig: Setting CVar [[r.Shadow.DistanceScale:1.0]]
[2023.03.02-19.58.27:871][  0]LogConfig: Setting CVar [[r.Shadow.CSM.TransitionScale:1.0]]
[2023.03.02-19.58.27:871][  0]LogConfig: Setting CVar [[r.Shadow.PreShadowResolutionFactor:1.0]]
[2023.03.02-19.58.27:871][  0]LogConfig: Setting CVar [[r.DistanceFieldShadowing:1]]
[2023.03.02-19.58.27:871][  0]LogConfig: Setting CVar [[r.DistanceFieldAO:1]]
[2023.03.02-19.58.27:871][  0]LogConfig: Setting CVar [[r.AOQuality:2]]
[2023.03.02-19.58.27:871][  0]LogConfig: Setting CVar [[r.VolumetricFog:1]]
[2023.03.02-19.58.27:871][  0]LogConfig: Setting CVar [[r.VolumetricFog.GridPixelSize:8]]
[2023.03.02-19.58.27:871][  0]LogConfig: Setting CVar [[r.VolumetricFog.GridSizeZ:128]]
[2023.03.02-19.58.27:871][  0]LogConfig: Setting CVar [[r.VolumetricFog.HistoryMissSupersampleCount:4]]
[2023.03.02-19.58.27:871][  0]LogConfig: Setting CVar [[r.LightMaxDrawDistanceScale:1]]
[2023.03.02-19.58.27:871][  0]LogConfig: Setting CVar [[r.CapsuleShadows:1]]
[2023.03.02-19.58.27:871][  0]LogConfig: Applying CVar settings from Section [PostProcessQuality@3] File [D:/Zack's Portfolio (up-to-date)/Breaker/Saved/Config/Windows/Scalability.ini]
[2023.03.02-19.58.27:871][  0]LogConfig: Setting CVar [[r.MotionBlurQuality:4]]
[2023.03.02-19.58.27:871][  0]LogConfig: Setting CVar [[r.AmbientOcclusionMipLevelFactor:0.4]]
[2023.03.02-19.58.27:871][  0]LogConfig: Setting CVar [[r.AmbientOcclusionMaxQuality:100]]
[2023.03.02-19.58.27:871][  0]LogConfig: Setting CVar [[r.AmbientOcclusionLevels:-1]]
[2023.03.02-19.58.27:871][  0]LogConfig: Setting CVar [[r.AmbientOcclusionRadiusScale:1.0]]
[2023.03.02-19.58.27:871][  0]LogConfig: Setting CVar [[r.DepthOfFieldQuality:2]]
[2023.03.02-19.58.27:871][  0]LogConfig: Setting CVar [[r.RenderTargetPoolMin:400]]
[2023.03.02-19.58.27:871][  0]LogConfig: Setting CVar [[r.LensFlareQuality:2]]
[2023.03.02-19.58.27:871][  0]LogConfig: Setting CVar [[r.SceneColorFringeQuality:1]]
[2023.03.02-19.58.27:871][  0]LogConfig: Setting CVar [[r.EyeAdaptationQuality:2]]
[2023.03.02-19.58.27:871][  0]LogConfig: Setting CVar [[r.BloomQuality:5]]
[2023.03.02-19.58.27:871][  0]LogConfig: Setting CVar [[r.FastBlurThreshold:100]]
[2023.03.02-19.58.27:871][  0]LogConfig: Setting CVar [[r.Upscale.Quality:3]]
[2023.03.02-19.58.27:871][  0]LogConfig: Setting CVar [[r.Tonemapper.GrainQuantization:1]]
[2023.03.02-19.58.27:871][  0]LogConfig: Setting CVar [[r.LightShaftQuality:1]]
[2023.03.02-19.58.27:871][  0]LogConfig: Setting CVar [[r.Filter.SizeScale:1]]
[2023.03.02-19.58.27:871][  0]LogConfig: Setting CVar [[r.Tonemapper.Quality:5]]
[2023.03.02-19.58.27:871][  0]LogConfig: Setting CVar [[r.DOF.Gather.AccumulatorQuality:1        ; higher gathering accumulator quality]]
[2023.03.02-19.58.27:871][  0]LogConfig: Setting CVar [[r.DOF.Gather.PostfilterMethod:1          ; Median3x3 postfilering method]]
[2023.03.02-19.58.27:871][  0]LogConfig: Setting CVar [[r.DOF.Gather.EnableBokehSettings:0       ; no bokeh simulation when gathering]]
[2023.03.02-19.58.27:871][  0]LogConfig: Setting CVar [[r.DOF.Gather.RingCount:4                 ; medium number of samples when gathering]]
[2023.03.02-19.58.27:871][  0]LogConfig: Setting CVar [[r.DOF.Scatter.ForegroundCompositing:1    ; additive foreground scattering]]
[2023.03.02-19.58.27:871][  0]LogConfig: Setting CVar [[r.DOF.Scatter.BackgroundCompositing:2    ; additive background scattering]]
[2023.03.02-19.58.27:871][  0]LogConfig: Setting CVar [[r.DOF.Scatter.EnableBokehSettings:1      ; bokeh simulation when scattering]]
[2023.03.02-19.58.27:871][  0]LogConfig: Setting CVar [[r.DOF.Scatter.MaxSpriteRatio:0.1         ; only a maximum of 10% of scattered bokeh]]
[2023.03.02-19.58.27:871][  0]LogConfig: Setting CVar [[r.DOF.Recombine.Quality:1                ; cheap slight out of focus]]
[2023.03.02-19.58.27:872][  0]LogConfig: Setting CVar [[r.DOF.Recombine.EnableBokehSettings:0    ; no bokeh simulation on slight out of focus]]
[2023.03.02-19.58.27:872][  0]LogConfig: Setting CVar [[r.DOF.TemporalAAQuality:1                ; more stable temporal accumulation]]
[2023.03.02-19.58.27:872][  0]LogConfig: Setting CVar [[r.DOF.Kernel.MaxForegroundRadius:0.025]]
[2023.03.02-19.58.27:872][  0]LogConfig: Setting CVar [[r.DOF.Kernel.MaxBackgroundRadius:0.025]]
[2023.03.02-19.58.27:872][  0]LogConfig: Applying CVar settings from Section [TextureQuality@3] File [D:/Zack's Portfolio (up-to-date)/Breaker/Saved/Config/Windows/Scalability.ini]
[2023.03.02-19.58.27:872][  0]LogConfig: Setting CVar [[r.Streaming.MipBias:0]]
[2023.03.02-19.58.27:872][  0]LogConfig: Setting CVar [[r.Streaming.AmortizeCPUToGPUCopy:0]]
[2023.03.02-19.58.27:872][  0]LogConfig: Setting CVar [[r.Streaming.MaxNumTexturesToStreamPerFrame:0]]
[2023.03.02-19.58.27:872][  0]LogConfig: Setting CVar [[r.Streaming.Boost:1]]
[2023.03.02-19.58.27:872][  0]LogConfig: Setting CVar [[r.MaxAnisotropy:8]]
[2023.03.02-19.58.27:872][  0]LogConfig: Setting CVar [[r.VT.MaxAnisotropy:8]]
[2023.03.02-19.58.27:872][  0]LogConfig: Setting CVar [[r.Streaming.LimitPoolSizeToVRAM:0]]
[2023.03.02-19.58.27:872][  0]LogConfig: Setting CVar [[r.Streaming.PoolSize:1000]]
[2023.03.02-19.58.27:872][  0]LogConfig: Setting CVar [[r.Streaming.MaxEffectiveScreenSize:0]]
[2023.03.02-19.58.27:872][  0]LogConfig: Applying CVar settings from Section [EffectsQuality@3] File [D:/Zack's Portfolio (up-to-date)/Breaker/Saved/Config/Windows/Scalability.ini]
[2023.03.02-19.58.27:872][  0]LogConfig: Setting CVar [[r.TranslucencyLightingVolumeDim:64]]
[2023.03.02-19.58.27:872][  0]LogConfig: Setting CVar [[r.RefractionQuality:2]]
[2023.03.02-19.58.27:872][  0]LogConfig: Setting CVar [[r.SSR.Quality:3]]
[2023.03.02-19.58.27:872][  0]LogConfig: Setting CVar [[r.SSR.HalfResSceneColor:0]]
[2023.03.02-19.58.27:872][  0]LogConfig: Setting CVar [[r.SceneColorFormat:4]]
[2023.03.02-19.58.27:872][  0]LogConfig: Setting CVar [[r.DetailMode:2]]
[2023.03.02-19.58.27:872][  0]LogConfig: Setting CVar [[r.TranslucencyVolumeBlur:1]]
[2023.03.02-19.58.27:872][  0]LogConfig: Setting CVar [[r.MaterialQualityLevel:1 ; High quality]]
[2023.03.02-19.58.27:872][  0]LogConfig: Setting CVar [[r.AnisotropicMaterials:1]]
[2023.03.02-19.58.27:872][  0]LogConfig: Setting CVar [[r.SSS.Scale:1]]
[2023.03.02-19.58.27:872][  0]LogConfig: Setting CVar [[r.SSS.SampleSet:2]]
[2023.03.02-19.58.27:872][  0]LogConfig: Setting CVar [[r.SSS.Quality:1]]
[2023.03.02-19.58.27:872][  0]LogConfig: Setting CVar [[r.SSS.HalfRes:0]]
[2023.03.02-19.58.27:872][  0]LogConfig: Setting CVar [[r.SSGI.Quality:3]]
[2023.03.02-19.58.27:872][  0]LogConfig: Setting CVar [[r.EmitterSpawnRateScale:1.0]]
[2023.03.02-19.58.27:872][  0]LogConfig: Setting CVar [[r.ParticleLightQuality:2]]
[2023.03.02-19.58.27:872][  0]LogConfig: Setting CVar [[r.SkyAtmosphere.AerialPerspectiveLUT.FastApplyOnOpaque:1 ; Always have FastSkyLUT 1 in this case to avoid wrong sky]]
[2023.03.02-19.58.27:872][  0]LogConfig: Setting CVar [[r.SkyAtmosphere.AerialPerspectiveLUT.SampleCountMaxPerSlice:4]]
[2023.03.02-19.58.27:872][  0]LogConfig: Setting CVar [[r.SkyAtmosphere.AerialPerspectiveLUT.DepthResolution:16.0]]
[2023.03.02-19.58.27:872][  0]LogConfig: Setting CVar [[r.SkyAtmosphere.FastSkyLUT:1]]
[2023.03.02-19.58.27:872][  0]LogConfig: Setting CVar [[r.SkyAtmosphere.FastSkyLUT.SampleCountMin:4.0]]
[2023.03.02-19.58.27:872][  0]LogConfig: Setting CVar [[r.SkyAtmosphere.FastSkyLUT.SampleCountMax:128.0]]
[2023.03.02-19.58.27:872][  0]LogConfig: Setting CVar [[r.SkyAtmosphere.SampleCountMin:4.0]]
[2023.03.02-19.58.27:872][  0]LogConfig: Setting CVar [[r.SkyAtmosphere.SampleCountMax:128.0]]
[2023.03.02-19.58.27:872][  0]LogConfig: Setting CVar [[r.SkyAtmosphere.TransmittanceLUT.UseSmallFormat:0]]
[2023.03.02-19.58.27:872][  0]LogConfig: Setting CVar [[r.SkyAtmosphere.TransmittanceLUT.SampleCount:10.0]]
[2023.03.02-19.58.27:872][  0]LogConfig: Setting CVar [[r.SkyAtmosphere.MultiScatteringLUT.SampleCount:15.0]]
[2023.03.02-19.58.27:872][  0]LogConfig: Setting CVar [[r.SkyLight.RealTimeReflectionCapture:1]]
[2023.03.02-19.58.27:872][  0]LogConfig: Applying CVar settings from Section [FoliageQuality@3] File [D:/Zack's Portfolio (up-to-date)/Breaker/Saved/Config/Windows/Scalability.ini]
[2023.03.02-19.58.27:872][  0]LogConfig: Setting CVar [[foliage.DensityScale:1.0]]
[2023.03.02-19.58.27:872][  0]LogConfig: Setting CVar [[grass.DensityScale:1.0]]
[2023.03.02-19.58.27:872][  0]LogConfig: Applying CVar settings from Section [ShadingQuality@3] File [D:/Zack's Portfolio (up-to-date)/Breaker/Saved/Config/Windows/Scalability.ini]
[2023.03.02-19.58.27:872][  0]LogConfig: Setting CVar [[r.HairStrands.SkyLighting.IntegrationType:2]]
[2023.03.02-19.58.27:872][  0]LogConfig: Setting CVar [[r.HairStrands.SkyAO.SampleCount:4]]
[2023.03.02-19.58.27:872][  0]LogConfig: Setting CVar [[r.HairStrands.Visibility.MSAA.SamplePerPixel:4]]
[2023.03.02-19.58.27:872][  0]LogInit: Selected Device Profile: [Windows]
[2023.03.02-19.58.27:872][  0]LogInit: Applying CVar settings loaded from the selected device profile: [Windows]
[2023.03.02-19.58.27:872][  0]LogHAL: Display: Platform has ~ 16 GB [17119625216 / 17179869184 / 16], which maps to Larger [LargestMinGB=32, LargerMinGB=12, DefaultMinGB=8, SmallerMinGB=6, SmallestMinGB=0)
[2023.03.02-19.58.27:872][  0]LogInit: Going up to parent DeviceProfile []
[2023.03.02-19.58.27:872][  0]LogConfig: Applying CVar settings from Section [ViewDistanceQuality@3] File [D:/Zack's Portfolio (up-to-date)/Breaker/Saved/Config/Windows/Scalability.ini]
[2023.03.02-19.58.27:872][  0]LogConfig: Setting CVar [[r.SkeletalMeshLODBias:0]]
[2023.03.02-19.58.27:872][  0]LogConfig: Setting CVar [[r.ViewDistanceScale:1.0]]
[2023.03.02-19.58.27:872][  0]LogConfig: Applying CVar settings from Section [AntiAliasingQuality@3] File [D:/Zack's Portfolio (up-to-date)/Breaker/Saved/Config/Windows/Scalability.ini]
[2023.03.02-19.58.27:872][  0]LogConfig: Setting CVar [[r.PostProcessAAQuality:4]]
[2023.03.02-19.58.27:872][  0]LogConfig: Applying CVar settings from Section [ShadowQuality@3] File [D:/Zack's Portfolio (up-to-date)/Breaker/Saved/Config/Windows/Scalability.ini]
[2023.03.02-19.58.27:872][  0]LogConfig: Setting CVar [[r.LightFunctionQuality:1]]
[2023.03.02-19.58.27:872][  0]LogConfig: Setting CVar [[r.ShadowQuality:5]]
[2023.03.02-19.58.27:872][  0]LogConfig: Setting CVar [[r.Shadow.CSM.MaxCascades:10]]
[2023.03.02-19.58.27:872][  0]LogConfig: Setting CVar [[r.Shadow.MaxResolution:2048]]
[2023.03.02-19.58.27:872][  0]LogConfig: Setting CVar [[r.Shadow.MaxCSMResolution:2048]]
[2023.03.02-19.58.27:872][  0]LogConfig: Setting CVar [[r.Shadow.RadiusThreshold:0.01]]
[2023.03.02-19.58.27:872][  0]LogConfig: Setting CVar [[r.Shadow.DistanceScale:1.0]]
[2023.03.02-19.58.27:872][  0]LogConfig: Setting CVar [[r.Shadow.CSM.TransitionScale:1.0]]
[2023.03.02-19.58.27:872][  0]LogConfig: Setting CVar [[r.Shadow.PreShadowResolutionFactor:1.0]]
[2023.03.02-19.58.27:872][  0]LogConfig: Setting CVar [[r.DistanceFieldShadowing:1]]
[2023.03.02-19.58.27:872][  0]LogConfig: Setting CVar [[r.DistanceFieldAO:1]]
[2023.03.02-19.58.27:872][  0]LogConfig: Setting CVar [[r.AOQuality:2]]
[2023.03.02-19.58.27:872][  0]LogConfig: Setting CVar [[r.VolumetricFog:1]]
[2023.03.02-19.58.27:872][  0]LogConfig: Setting CVar [[r.VolumetricFog.GridPixelSize:8]]
[2023.03.02-19.58.27:872][  0]LogConfig: Setting CVar [[r.VolumetricFog.GridSizeZ:128]]
[2023.03.02-19.58.27:872][  0]LogConfig: Setting CVar [[r.VolumetricFog.HistoryMissSupersampleCount:4]]
[2023.03.02-19.58.27:872][  0]LogConfig: Setting CVar [[r.LightMaxDrawDistanceScale:1]]
[2023.03.02-19.58.27:872][  0]LogConfig: Setting CVar [[r.CapsuleShadows:1]]
[2023.03.02-19.58.27:872][  0]LogConfig: Applying CVar settings from Section [PostProcessQuality@3] File [D:/Zack's Portfolio (up-to-date)/Breaker/Saved/Config/Windows/Scalability.ini]
[2023.03.02-19.58.27:872][  0]LogConfig: Setting CVar [[r.MotionBlurQuality:4]]
[2023.03.02-19.58.27:872][  0]LogConfig: Setting CVar [[r.AmbientOcclusionMipLevelFactor:0.4]]
[2023.03.02-19.58.27:872][  0]LogConfig: Setting CVar [[r.AmbientOcclusionMaxQuality:100]]
[2023.03.02-19.58.27:872][  0]LogConfig: Setting CVar [[r.AmbientOcclusionLevels:-1]]
[2023.03.02-19.58.27:872][  0]LogConfig: Setting CVar [[r.AmbientOcclusionRadiusScale:1.0]]
[2023.03.02-19.58.27:872][  0]LogConfig: Setting CVar [[r.DepthOfFieldQuality:2]]
[2023.03.02-19.58.27:873][  0]LogConfig: Setting CVar [[r.RenderTargetPoolMin:400]]
[2023.03.02-19.58.27:873][  0]LogConfig: Setting CVar [[r.LensFlareQuality:2]]
[2023.03.02-19.58.27:873][  0]LogConfig: Setting CVar [[r.SceneColorFringeQuality:1]]
[2023.03.02-19.58.27:873][  0]LogConfig: Setting CVar [[r.EyeAdaptationQuality:2]]
[2023.03.02-19.58.27:873][  0]LogConfig: Setting CVar [[r.BloomQuality:5]]
[2023.03.02-19.58.27:873][  0]LogConfig: Setting CVar [[r.FastBlurThreshold:100]]
[2023.03.02-19.58.27:873][  0]LogConfig: Setting CVar [[r.Upscale.Quality:3]]
[2023.03.02-19.58.27:873][  0]LogConfig: Setting CVar [[r.Tonemapper.GrainQuantization:1]]
[2023.03.02-19.58.27:873][  0]LogConfig: Setting CVar [[r.LightShaftQuality:1]]
[2023.03.02-19.58.27:873][  0]LogConfig: Setting CVar [[r.Filter.SizeScale:1]]
[2023.03.02-19.58.27:873][  0]LogConfig: Setting CVar [[r.Tonemapper.Quality:5]]
[2023.03.02-19.58.27:873][  0]LogConfig: Setting CVar [[r.DOF.Gather.AccumulatorQuality:1        ; higher gathering accumulator quality]]
[2023.03.02-19.58.27:873][  0]LogConfig: Setting CVar [[r.DOF.Gather.PostfilterMethod:1          ; Median3x3 postfilering method]]
[2023.03.02-19.58.27:873][  0]LogConfig: Setting CVar [[r.DOF.Gather.EnableBokehSettings:0       ; no bokeh simulation when gathering]]
[2023.03.02-19.58.27:873][  0]LogConfig: Setting CVar [[r.DOF.Gather.RingCount:4                 ; medium number of samples when gathering]]
[2023.03.02-19.58.27:873][  0]LogConfig: Setting CVar [[r.DOF.Scatter.ForegroundCompositing:1    ; additive foreground scattering]]
[2023.03.02-19.58.27:873][  0]LogConfig: Setting CVar [[r.DOF.Scatter.BackgroundCompositing:2    ; additive background scattering]]
[2023.03.02-19.58.27:873][  0]LogConfig: Setting CVar [[r.DOF.Scatter.EnableBokehSettings:1      ; bokeh simulation when scattering]]
[2023.03.02-19.58.27:873][  0]LogConfig: Setting CVar [[r.DOF.Scatter.MaxSpriteRatio:0.1         ; only a maximum of 10% of scattered bokeh]]
[2023.03.02-19.58.27:873][  0]LogConfig: Setting CVar [[r.DOF.Recombine.Quality:1                ; cheap slight out of focus]]
[2023.03.02-19.58.27:873][  0]LogConfig: Setting CVar [[r.DOF.Recombine.EnableBokehSettings:0    ; no bokeh simulation on slight out of focus]]
[2023.03.02-19.58.27:873][  0]LogConfig: Setting CVar [[r.DOF.TemporalAAQuality:1                ; more stable temporal accumulation]]
[2023.03.02-19.58.27:873][  0]LogConfig: Setting CVar [[r.DOF.Kernel.MaxForegroundRadius:0.025]]
[2023.03.02-19.58.27:873][  0]LogConfig: Setting CVar [[r.DOF.Kernel.MaxBackgroundRadius:0.025]]
[2023.03.02-19.58.27:873][  0]LogConfig: Applying CVar settings from Section [TextureQuality@3] File [D:/Zack's Portfolio (up-to-date)/Breaker/Saved/Config/Windows/Scalability.ini]
[2023.03.02-19.58.27:873][  0]LogConfig: Setting CVar [[r.Streaming.MipBias:0]]
[2023.03.02-19.58.27:873][  0]LogConfig: Setting CVar [[r.Streaming.AmortizeCPUToGPUCopy:0]]
[2023.03.02-19.58.27:873][  0]LogConfig: Setting CVar [[r.Streaming.MaxNumTexturesToStreamPerFrame:0]]
[2023.03.02-19.58.27:873][  0]LogConfig: Setting CVar [[r.Streaming.Boost:1]]
[2023.03.02-19.58.27:873][  0]LogConfig: Setting CVar [[r.MaxAnisotropy:8]]
[2023.03.02-19.58.27:873][  0]LogConfig: Setting CVar [[r.VT.MaxAnisotropy:8]]
[2023.03.02-19.58.27:873][  0]LogConfig: Setting CVar [[r.Streaming.LimitPoolSizeToVRAM:0]]
[2023.03.02-19.58.27:873][  0]LogConfig: Setting CVar [[r.Streaming.PoolSize:1000]]
[2023.03.02-19.58.27:873][  0]LogConfig: Setting CVar [[r.Streaming.MaxEffectiveScreenSize:0]]
[2023.03.02-19.58.27:873][  0]LogConfig: Applying CVar settings from Section [EffectsQuality@3] File [D:/Zack's Portfolio (up-to-date)/Breaker/Saved/Config/Windows/Scalability.ini]
[2023.03.02-19.58.27:873][  0]LogConfig: Setting CVar [[r.TranslucencyLightingVolumeDim:64]]
[2023.03.02-19.58.27:873][  0]LogConfig: Setting CVar [[r.RefractionQuality:2]]
[2023.03.02-19.58.27:873][  0]LogConfig: Setting CVar [[r.SSR.Quality:3]]
[2023.03.02-19.58.27:873][  0]LogConfig: Setting CVar [[r.SSR.HalfResSceneColor:0]]
[2023.03.02-19.58.27:873][  0]LogConfig: Setting CVar [[r.SceneColorFormat:4]]
[2023.03.02-19.58.27:873][  0]LogConfig: Setting CVar [[r.DetailMode:2]]
[2023.03.02-19.58.27:873][  0]LogConfig: Setting CVar [[r.TranslucencyVolumeBlur:1]]
[2023.03.02-19.58.27:873][  0]LogConfig: Setting CVar [[r.MaterialQualityLevel:1 ; High quality]]
[2023.03.02-19.58.27:873][  0]LogConfig: Setting CVar [[r.AnisotropicMaterials:1]]
[2023.03.02-19.58.27:873][  0]LogConfig: Setting CVar [[r.SSS.Scale:1]]
[2023.03.02-19.58.27:873][  0]LogConfig: Setting CVar [[r.SSS.SampleSet:2]]
[2023.03.02-19.58.27:873][  0]LogConfig: Setting CVar [[r.SSS.Quality:1]]
[2023.03.02-19.58.27:873][  0]LogConfig: Setting CVar [[r.SSS.HalfRes:0]]
[2023.03.02-19.58.27:873][  0]LogConfig: Setting CVar [[r.SSGI.Quality:3]]
[2023.03.02-19.58.27:873][  0]LogConfig: Setting CVar [[r.EmitterSpawnRateScale:1.0]]
[2023.03.02-19.58.27:873][  0]LogConfig: Setting CVar [[r.ParticleLightQuality:2]]
[2023.03.02-19.58.27:873][  0]LogConfig: Setting CVar [[r.SkyAtmosphere.AerialPerspectiveLUT.FastApplyOnOpaque:1 ; Always have FastSkyLUT 1 in this case to avoid wrong sky]]
[2023.03.02-19.58.27:873][  0]LogConfig: Setting CVar [[r.SkyAtmosphere.AerialPerspectiveLUT.SampleCountMaxPerSlice:4]]
[2023.03.02-19.58.27:873][  0]LogConfig: Setting CVar [[r.SkyAtmosphere.AerialPerspectiveLUT.DepthResolution:16.0]]
[2023.03.02-19.58.27:873][  0]LogConfig: Setting CVar [[r.SkyAtmosphere.FastSkyLUT:1]]
[2023.03.02-19.58.27:873][  0]LogConfig: Setting CVar [[r.SkyAtmosphere.FastSkyLUT.SampleCountMin:4.0]]
[2023.03.02-19.58.27:873][  0]LogConfig: Setting CVar [[r.SkyAtmosphere.FastSkyLUT.SampleCountMax:128.0]]
[2023.03.02-19.58.27:873][  0]LogConfig: Setting CVar [[r.SkyAtmosphere.SampleCountMin:4.0]]
[2023.03.02-19.58.27:873][  0]LogConfig: Setting CVar [[r.SkyAtmosphere.SampleCountMax:128.0]]
[2023.03.02-19.58.27:873][  0]LogConfig: Setting CVar [[r.SkyAtmosphere.TransmittanceLUT.UseSmallFormat:0]]
[2023.03.02-19.58.27:873][  0]LogConfig: Setting CVar [[r.SkyAtmosphere.TransmittanceLUT.SampleCount:10.0]]
[2023.03.02-19.58.27:873][  0]LogConfig: Setting CVar [[r.SkyAtmosphere.MultiScatteringLUT.SampleCount:15.0]]
[2023.03.02-19.58.27:873][  0]LogConfig: Setting CVar [[r.SkyLight.RealTimeReflectionCapture:1]]
[2023.03.02-19.58.27:873][  0]LogConfig: Applying CVar settings from Section [FoliageQuality@3] File [D:/Zack's Portfolio (up-to-date)/Breaker/Saved/Config/Windows/Scalability.ini]
[2023.03.02-19.58.27:873][  0]LogConfig: Setting CVar [[foliage.DensityScale:1.0]]
[2023.03.02-19.58.27:873][  0]LogConfig: Setting CVar [[grass.DensityScale:1.0]]
[2023.03.02-19.58.27:873][  0]LogConfig: Applying CVar settings from Section [ShadingQuality@3] File [D:/Zack's Portfolio (up-to-date)/Breaker/Saved/Config/Windows/Scalability.ini]
[2023.03.02-19.58.27:873][  0]LogConfig: Setting CVar [[r.HairStrands.SkyLighting.IntegrationType:2]]
[2023.03.02-19.58.27:873][  0]LogConfig: Setting CVar [[r.HairStrands.SkyAO.SampleCount:4]]
[2023.03.02-19.58.27:873][  0]LogConfig: Setting CVar [[r.HairStrands.Visibility.MSAA.SamplePerPixel:4]]
[2023.03.02-19.58.27:873][  0]LogConfig: Applying CVar settings from Section [Startup] File [../../../Engine/Config/ConsoleVariables.ini]
[2023.03.02-19.58.27:874][  0]LogConfig: Setting CVar [[net.UseAdaptiveNetUpdateFrequency:0]]
[2023.03.02-19.58.27:874][  0]LogConfig: Setting CVar [[p.chaos.AllowCreatePhysxBodies:1]]
[2023.03.02-19.58.27:874][  0]LogConfig: Setting CVar [[fx.SkipVectorVMBackendOptimizations:1]]
[2023.03.02-19.58.27:874][  0]LogConfig: Applying CVar settings from Section [ConsoleVariables] File [D:/Zack's Portfolio (up-to-date)/Breaker/Saved/Config/Windows/Engine.ini]
[2023.03.02-19.58.27:874][  0]LogConfig: Applying CVar settings from Section [ConsoleVariables] File [D:/Zack's Portfolio (up-to-date)/Breaker/Saved/Config/Windows/Editor.ini]
[2023.03.02-19.58.27:874][  0]LogInit: Computer: DESKTOP-R57RUMI
[2023.03.02-19.58.27:874][  0]LogInit: User: beyon
[2023.03.02-19.58.27:874][  0]LogInit: CPU Page size=4096, Cores=6
[2023.03.02-19.58.27:874][  0]LogInit: High frequency timer resolution =10.000000 MHz
[2023.03.02-19.58.27:874][  0]LogMemory: Memory total: Physical=15.9GB (16GB approx)
[2023.03.02-19.58.27:874][  0]LogMemory: Platform Memory Stats for Windows
[2023.03.02-19.58.27:874][  0]LogMemory: Process Physical Memory: 141.23 MB used, 141.24 MB peak
[2023.03.02-19.58.27:874][  0]LogMemory: Process Virtual Memory: 121.89 MB used, 121.89 MB peak
[2023.03.02-19.58.27:874][  0]LogMemory: Physical Memory: 12537.10 MB used,  3789.45 MB free, 16326.55 MB total
[2023.03.02-19.58.27:874][  0]LogMemory: Virtual Memory: 134214016.00 MB used,  3708.62 MB free, 134217728.00 MB total
[2023.03.02-19.58.27:878][  0]LogWindows: WindowsPlatformFeatures enabled
[2023.03.02-19.58.27:913][  0]LogInit: Physics initialised using underlying interface: PhysX
[2023.03.02-19.58.27:914][  0]LogInit: Using OS detected language (en-GB).
[2023.03.02-19.58.27:914][  0]LogInit: Using OS detected locale (en-GB).
[2023.03.02-19.58.27:916][  0]LogTextLocalizationManager: No specific localization for 'en-GB' exists, so the 'en' localization will be used.
[2023.03.02-19.58.28:086][  0]LogInit: Setting process to per monitor DPI aware
[2023.03.02-19.58.28:097][  0]LogWindowsTextInputMethodSystem: Display: IME system deactivated.
[2023.03.02-19.58.28:109][  0]LogSlate: New Slate User Created.  User Index 0, Is Virtual User: 0
[2023.03.02-19.58.28:109][  0]LogSlate: Slate User Registered.  User Index 0, Is Virtual User: 0
[2023.03.02-19.58.28:272][  0]LogD3D11RHI: Loaded GFSDK_Aftermath_Lib.x64.dll
[2023.03.02-19.58.28:275][  0]LogHMD: Failed to initialize OpenVR with code 110
[2023.03.02-19.58.28:275][  0]LogD3D11RHI: D3D11 min allowed feature level: 11_0
[2023.03.02-19.58.28:275][  0]LogD3D11RHI: D3D11 max allowed feature level: 11_0
[2023.03.02-19.58.28:275][  0]LogD3D11RHI: D3D11 adapters:
[2023.03.02-19.58.28:388][  0]LogD3D11RHI:    0. 'NVIDIA GeForce GTX 1660 SUPER' (Feature Level 11_0)
[2023.03.02-19.58.28:388][  0]LogD3D11RHI:       5980/0/8163 MB DedicatedVideo/DedicatedSystem/SharedSystem, Outputs:2, VendorId:0x10de
[2023.03.02-19.58.28:391][  0]LogD3D11RHI:    1. 'Microsoft Basic Render Driver' (Feature Level 11_0)
[2023.03.02-19.58.28:391][  0]LogD3D11RHI:       0/0/8163 MB DedicatedVideo/DedicatedSystem/SharedSystem, Outputs:0, VendorId:0x1414
[2023.03.02-19.58.28:391][  0]LogD3D11RHI: Chosen D3D11 Adapter:
[2023.03.02-19.58.28:391][  0]LogD3D11RHI:     Description : NVIDIA GeForce GTX 1660 SUPER
[2023.03.02-19.58.28:391][  0]LogD3D11RHI:     VendorId    : 10de
[2023.03.02-19.58.28:391][  0]LogD3D11RHI:     DeviceId    : 21c4
[2023.03.02-19.58.28:391][  0]LogD3D11RHI:     SubSysId    : 40121458
[2023.03.02-19.58.28:391][  0]LogD3D11RHI:     Revision    : 00a1
[2023.03.02-19.58.28:391][  0]LogD3D11RHI:     DedicatedVideoMemory : 6270484480 bytes
[2023.03.02-19.58.28:391][  0]LogD3D11RHI:     DedicatedSystemMemory : 0 bytes
[2023.03.02-19.58.28:391][  0]LogD3D11RHI:     SharedSystemMemory : 8559812608 bytes
[2023.03.02-19.58.28:391][  0]LogD3D11RHI:     AdapterLuid : 0 51510
[2023.03.02-19.58.28:395][  0]LogD3D11RHI: Creating new Direct3DDevice
[2023.03.02-19.58.28:395][  0]LogD3D11RHI:     GPU DeviceId: 0x21c4 (for the marketing name, search the web for "GPU Device Id")
[2023.03.02-19.58.28:395][  0]LogWindows: EnumDisplayDevices:
[2023.03.02-19.58.28:395][  0]LogWindows:    0. 'NVIDIA GeForce GTX 1660 SUPER' (P:1 D:1)
[2023.03.02-19.58.28:396][  0]LogWindows:    1. 'NVIDIA GeForce GTX 1660 SUPER' (P:0 D:1)
[2023.03.02-19.58.28:396][  0]LogWindows:    2. 'NVIDIA GeForce GTX 1660 SUPER' (P:0 D:0)
[2023.03.02-19.58.28:396][  0]LogWindows:    3. 'NVIDIA GeForce GTX 1660 SUPER' (P:0 D:0)
[2023.03.02-19.58.28:396][  0]LogWindows: DebugString: FoundDriverCount:4 
[2023.03.02-19.58.28:396][  0]LogD3D11RHI:     Adapter Name: NVIDIA GeForce GTX 1660 SUPER
[2023.03.02-19.58.28:396][  0]LogD3D11RHI:   Driver Version: 528.24 (internal:31.0.15.2824, unified:528.24)
[2023.03.02-19.58.28:396][  0]LogD3D11RHI:      Driver Date: 1-15-2023
[2023.03.02-19.58.28:396][  0]LogRHI: Texture pool is 4186 MB (70% of 5980 MB)
[2023.03.02-19.58.28:396][  0]LogD3D11RHI: Creating D3DDevice using adapter:
[2023.03.02-19.58.28:396][  0]LogD3D11RHI:     Description : NVIDIA GeForce GTX 1660 SUPER
[2023.03.02-19.58.28:396][  0]LogD3D11RHI:     VendorId    : 10de
[2023.03.02-19.58.28:396][  0]LogD3D11RHI:     DeviceId    : 21c4
[2023.03.02-19.58.28:396][  0]LogD3D11RHI:     SubSysId    : 40121458
[2023.03.02-19.58.28:396][  0]LogD3D11RHI:     Revision    : 00a1
[2023.03.02-19.58.28:396][  0]LogD3D11RHI:     DedicatedVideoMemory : 6270484480 bytes
[2023.03.02-19.58.28:396][  0]LogD3D11RHI:     DedicatedSystemMemory : 0 bytes
[2023.03.02-19.58.28:396][  0]LogD3D11RHI:     SharedSystemMemory : 8559812608 bytes
[2023.03.02-19.58.28:396][  0]LogD3D11RHI:     AdapterLuid : 0 51510
[2023.03.02-19.58.28:465][  0]LogD3D11RHI: RHI has support for 64 bit atomics
[2023.03.02-19.58.28:465][  0]LogD3D11RHI: Async texture creation enabled
[2023.03.02-19.58.28:465][  0]LogD3D11RHI: Array index from any shader is supported
[2023.03.02-19.58.28:480][  0]LogD3D11RHI: GPU Timing Frequency: 1000.000000 (Debug: 2 1)
[2023.03.02-19.58.28:515][  0]LogRHI: GeForceNow SDK initialized: 1
[2023.03.02-19.58.28:843][  0]LogTargetPlatformManager: Display: Loaded TargetPlatform 'AllDesktop'
[2023.03.02-19.58.28:861][  0]LogTargetPlatformManager: Display: Loaded TargetPlatform 'Android'
[2023.03.02-19.58.28:861][  0]LogTargetPlatformManager: Display: Loaded TargetPlatform 'Android_ASTC'
[2023.03.02-19.58.28:861][  0]LogTargetPlatformManager: Display: Loaded TargetPlatform 'Android_DXT'
[2023.03.02-19.58.28:861][  0]LogTargetPlatformManager: Display: Loaded TargetPlatform 'Android_ETC2'
[2023.03.02-19.58.28:861][  0]LogTargetPlatformManager: Display: Loaded TargetPlatform 'AndroidClient'
[2023.03.02-19.58.28:861][  0]LogTargetPlatformManager: Display: Loaded TargetPlatform 'Android_ASTCClient'
[2023.03.02-19.58.28:861][  0]LogTargetPlatformManager: Display: Loaded TargetPlatform 'Android_DXTClient'
[2023.03.02-19.58.28:861][  0]LogTargetPlatformManager: Display: Loaded TargetPlatform 'Android_ETC2Client'
[2023.03.02-19.58.28:861][  0]LogTargetPlatformManager: Display: Loaded TargetPlatform 'Android_Multi'
[2023.03.02-19.58.28:861][  0]LogTargetPlatformManager: Display: Loaded TargetPlatform 'Android_MultiClient'
[2023.03.02-19.58.28:876][  0]LogTargetPlatformManager: Display: Loaded TargetPlatform 'IOSClient'
[2023.03.02-19.58.28:876][  0]LogTargetPlatformManager: Display: Loaded TargetPlatform 'IOS'
[2023.03.02-19.58.28:883][  0]LogTargetPlatformManager: Display: Loaded TargetPlatform 'Linux'
[2023.03.02-19.58.28:887][  0]LogTargetPlatformManager: Display: Loaded TargetPlatform 'LinuxNoEditor'
[2023.03.02-19.58.28:891][  0]LogTargetPlatformManager: Display: Loaded TargetPlatform 'LinuxClient'
[2023.03.02-19.58.28:895][  0]LogTargetPlatformManager: Display: Loaded TargetPlatform 'LinuxServer'
[2023.03.02-19.58.28:903][  0]LogTargetPlatformManager: Display: Loaded TargetPlatform 'LinuxAArch64NoEditor'
[2023.03.02-19.58.28:907][  0]LogTargetPlatformManager: Display: Loaded TargetPlatform 'LinuxAArch64Client'
[2023.03.02-19.58.28:910][  0]LogTargetPlatformManager: Display: Loaded TargetPlatform 'LinuxAArch64Server'
[2023.03.02-19.58.28:931][  0]LogTargetPlatformManager: Display: Loaded TargetPlatform 'Lumin'
[2023.03.02-19.58.28:931][  0]LogTargetPlatformManager: Display: Loaded TargetPlatform 'LuminClient'
[2023.03.02-19.58.28:939][  0]LogTargetPlatformManager: Display: Loaded TargetPlatform 'MacNoEditor'
[2023.03.02-19.58.28:942][  0]LogTargetPlatformManager: Display: Loaded TargetPlatform 'Mac'
[2023.03.02-19.58.28:946][  0]LogTargetPlatformManager: Display: Loaded TargetPlatform 'MacClient'
[2023.03.02-19.58.28:949][  0]LogTargetPlatformManager: Display: Loaded TargetPlatform 'MacServer'
[2023.03.02-19.58.28:958][  0]LogTargetPlatformManager: Display: Loaded TargetPlatform 'TVOSClient'
[2023.03.02-19.58.28:958][  0]LogTargetPlatformManager: Display: Loaded TargetPlatform 'TVOS'
[2023.03.02-19.58.28:966][  0]LogTargetPlatformManager: Display: Loaded TargetPlatform 'WindowsNoEditor'
[2023.03.02-19.58.28:969][  0]LogTargetPlatformManager: Display: Loaded TargetPlatform 'Windows'
[2023.03.02-19.58.28:973][  0]LogTargetPlatformManager: Display: Loaded TargetPlatform 'WindowsClient'
[2023.03.02-19.58.28:977][  0]LogTargetPlatformManager: Display: Loaded TargetPlatform 'WindowsServer'
[2023.03.02-19.58.28:977][  0]LogTargetPlatformManager: Display: Building Assets For Windows
[2023.03.02-19.58.28:983][  0]LogAudioDebug: Display: Lib vorbis DLL was dynamically loaded.
[2023.03.02-19.58.29:008][  0]LogTextureFormatOodle: Display: Oodle Texture 2.9.0 init RDO Off
[2023.03.02-19.58.29:035][  0]LogRendererCore: Ray tracing is disabled. Reason: r.RayTracing=0.
[2023.03.02-19.58.29:035][  0]LogShaderCompilers: Guid format shader working directory is -4 characters bigger than the processId version (../../../../Zack's Portfolio (up-to-date)/Breaker/Intermediate/Shaders/WorkingDirectory/12476/).
[2023.03.02-19.58.29:035][  0]LogShaderCompilers: Cleaned the shader compiler working directory 'C:/Users/beyon/AppData/Local/Temp/UnrealShaderWorkingDir/239A34904EB4E4FAB2FD6E9BE8BF93F1/'.
[2023.03.02-19.58.29:035][  0]LogXGEController: Cannot use XGE Controller as Incredibuild is not installed on this machine.
[2023.03.02-19.58.29:035][  0]LogShaderCompilers: Cannot use XGE Shader Compiler as Incredibuild is not installed on this machine.
[2023.03.02-19.58.29:035][  0]LogShaderCompilers: Display: Using Local Shader Compiler.
[2023.03.02-19.58.29:771][  0]LogDerivedDataCache: Display: Max Cache Size: 512 MB
[2023.03.02-19.58.29:823][  0]LogDerivedDataCache: Loaded boot cache 0.05s 94MB C:/Users/beyon/AppData/Local/UnrealEngine/4.27/DerivedDataCache/Boot.ddc.
[2023.03.02-19.58.29:823][  0]LogDerivedDataCache: Display: Loaded Boot cache: C:/Users/beyon/AppData/Local/UnrealEngine/4.27/DerivedDataCache/Boot.ddc
[2023.03.02-19.58.29:823][  0]LogDerivedDataCache: FDerivedDataBackendGraph:  Pak pak cache file ../../../../Zack's Portfolio (up-to-date)/Breaker/DerivedDataCache/DDC.ddp not found, will not use a pak cache.
[2023.03.02-19.58.29:823][  0]LogDerivedDataCache: Unable to find inner node Pak for hierarchical cache Hierarchy.
[2023.03.02-19.58.29:823][  0]LogDerivedDataCache: FDerivedDataBackendGraph:  CompressedPak pak cache file ../../../../Zack's Portfolio (up-to-date)/Breaker/DerivedDataCache/Compressed.ddp not found, will not use a pak cache.
[2023.03.02-19.58.29:823][  0]LogDerivedDataCache: Unable to find inner node CompressedPak for hierarchical cache Hierarchy.
[2023.03.02-19.58.29:839][  0]LogDerivedDataCache: Display: Pak cache opened for reading ../../../Engine/DerivedDataCache/Compressed.ddp.
[2023.03.02-19.58.29:839][  0]LogDerivedDataCache: FDerivedDataBackendGraph:  EnterprisePak pak cache file ../../../Enterprise/DerivedDataCache/Compressed.ddp not found, will not use a pak cache.
[2023.03.02-19.58.29:839][  0]LogDerivedDataCache: Unable to find inner node EnterprisePak for hierarchical cache Hierarchy.
[2023.03.02-19.58.29:852][  0]LogDerivedDataCache: Speed tests for C:/Users/beyon/AppData/Local/UnrealEngine/Common/DerivedDataCache took 0.01 seconds
[2023.03.02-19.58.29:852][  0]LogDerivedDataCache: Display: Performance to C:/Users/beyon/AppData/Local/UnrealEngine/Common/DerivedDataCache: Latency=0.03ms. RandomReadSpeed=1210.69MBs, RandomWriteSpeed=74.16MBs. Assigned SpeedClass 'Local'
[2023.03.02-19.58.29:853][  0]LogDerivedDataCache: Using Local data cache path C:/Users/beyon/AppData/Local/UnrealEngine/Common/DerivedDataCache: Writable
[2023.03.02-19.58.29:853][  0]LogDerivedDataCache: Shared data cache path not found in *engine.ini, will not use an Shared cache.
[2023.03.02-19.58.29:853][  0]LogDerivedDataCache: Unable to find inner node Shared for hierarchical cache Hierarchy.
[2023.03.02-19.58.29:896][  0]LogSlate: Using FreeType 2.10.0
[2023.03.02-19.58.29:897][  0]LogSlate: SlateFontServices - WITH_FREETYPE: 1, WITH_HARFBUZZ: 1
[2023.03.02-19.58.29:918][  0]LogAssetRegistry: FAssetRegistry took 0.0023 seconds to start up
[2023.03.02-19.58.30:131][  0]LogInit: Selected Device Profile: [Windows]
[2023.03.02-19.58.30:131][  0]LogInit: Active device profile: [000002230B778C00][000002237DE7E540 49] Windows
[2023.03.02-19.58.30:131][  0]LogInit: Profiles: [000002230B778C00][000002237DE7E540 49] Windows, [000002230B726200][000002230AFBC680 49] WindowsNoEditor, [000002230B779A00][000002237DE827C0 49] WindowsServer, [000002230B726F00][000002237DE86900 49] WindowsClient, [000002230B77A600][000002237DE8EA80 49] IOS, [000002230B724E00][000002237DE92C00 49] iPadAir, [000002230B778A00][000002237DE96D80 49] iPadAir2, [000002230B6D4E00][000002230815D040 49] IPadPro, [000002230B6D4F00][000002237DE9B080 49] iPadAir3, [000002230B726300][0000022308161200 49] iPadAir4, [000002230B6D7400][0000022308165380 49] iPadMini2, [000002230B727200][0000022308169500 49] iPadMini3, [000002230B6D7A00][000002230816D680 49] iPadMini4, [000002230B727300][0000022308171800 49] iPadMini5, [000002230B6DC800][0000022308179AC0 49] iPhone6, [000002230B6DC900][0000022308175B00 49] iPodTouch6, [000002230B77B000][0000022308180240 49] iPhone7, [000002230B77B100][000002230817C280 49] iPodTouch7, [000002230B6D7000][0000022308184400 49] iPhone5S, [000002230B6D4600][0000022308188580 49] iPhone6Plus, [000002230B6DE800][000002230818C700 49] iPhone6S, [000002230B6D5600][000002237DE8A840 49] iPhone6SPlus, [000002230B6DE600][0000022308190980 49] iPhone7Plus, [000002230B6D4800][0000022308194AC0 49] iPhoneSE, [000002230B6DE500][000002230819CC40 49] iPhone8, [000002230B6D5800][00000223081A0DC0 49] iPhone8Plus, [000002230B77AA00][00000223081A4F40 49] iPhoneX, [000002230B6D6A00][00000223081A90C0 49] iPhoneXS, [000002230B77AD00][00000223081AD240 49] iPhoneXSMax, [000002230B6D4D00][00000223081B13C0 49] iPhoneXR, [000002230B778200][00000223080B9540 49] iPhone11, [000002230B6D6400][00000223080BD6C0 49] iPhone11Pro, [000002230B779100][00000223080C1840 49] iPhone11ProMax, [000002230B6D4100][00000223080C59C0 49] iPhoneSE2, [000002230B779600][00000223080C9B40 49] iPhone12Mini, [000002230B6D4A00][00000223080CC140 49] iPhone12, [000002230B779500][00000223080D02C0 49] iPhone12Pro, [000002230B6D5100][00000223080D4440 49] iPhone12ProMax, [000002230B779D00][00000223080D85C0 49] iPadPro105, [000002230B6D5500][00000223080DC740 49] iPadPro129, [000002230B778600][00000223080E08C0 49] iPadPro97, [000002230B6D4700][0000022308198A00 49] iPadPro2_129, [000002230B77BE00][00000223080E4B40 49] iPad5, [000002230B6D5F00][00000223080E8C80 49] iPad6, [000002230B778800][00000223080ECDC0 49] iPad7, [000002230B6D7700][00000223080F4F40 49] iPad8, [000002230B77A400][00000223080F90C0 49] iPadPro11, [000002230B6D4300][00000223080FD240 49] iPadPro2_11, [000002230B778E00][00000223081013C0 49] iPadPro3_129, [000002230B6D7D00][0000022308105540 49] iPadPro4_129, [000002230B77B600][00000223081096C0 49] AppleTV, [000002230B6D6000][000002230810D840 49] AppleTV4K, [000002230B77A500][00000223081119C0 49] TVOS, [000002230B6D7B00][0000022308115B40 49] Mac, [000002230B77A000][0000022308118140 49] MacClient, [000002230B6D7C00][000002230811C2C0 49] MacNoEditor, [000002230B778100][0000022308120440 49] MacServer, [000002230B6D5200][00000223081245C0 49] Linux, [000002230B77BB00][0000022308128740 49] LinuxAArch64, [000002230B6D4200][000002230812C8C0 49] LinuxNoEditor, [000002230B779B00][0000022308130A40 49] LinuxAArch64NoEditor, [000002230B6D5A00][00000223080F0B80 49] LinuxClient, [000002230B779700][0000022308134CC0 49] LinuxAArch64Client, [000002230B6D5000][0000022308138E00 49] LinuxServer, [000002230B77B900][000002230813CF40 49] LinuxAArch64Server, [000002230B6D5D00][00000223082390C0 49] Android, [000002230B779000][000002230823D240 49] Android_Low, [000002230B6D5900][00000223082413C0 49] Android_Mid, [000002230B77B800][0000022308245540 49] Android_High, [000002230B6D6600][00000223082496C0 49] Android_Default, [000002230B779200][000002230824D840 49] Android_Adreno4xx, [000002230B6D6E00][00000223082519C0 49] Android_Adreno5xx_Low, [000002230B778300][0000022308255B40 49] Android_Adreno5xx, [000002230B6DF800][0000022308258140 49] Android_Adreno6xx, [000002230B727700][000002230825C2C0 49] Android_Adreno6xx_Vulkan, [000002230B6DD000][0000022308260440 49] Android_Mali_T6xx, [000002230B726E00][00000223082645C0 49] Android_Mali_T7xx, [000002230B6DD400][0000022308268740 49] Android_Mali_T8xx, [000002230B725A00][000002230826C8C0 49] Android_Mali_G71, [000002230B6DCE00][0000022308270A40 49] Android_Mali_G72, [000002230B727900][0000022308274BC0 49] Android_Mali_G72_Vulkan, [000002230B6DC400][0000022308278D40 49] Android_Mali_G76, [000002230B727A00][0000022308140E80 49] Android_Mali_G76_Vulkan, [000002230B6DF400][000002230827CFC0 49] Android_Mali_G77, [000002230B726900][0000022308281100 49] Android_Mali_G77_Vulkan, [000002230B6DCB00][0000022308289280 49] Android_Mali_G78, [000002230B727400][000002230828D400 49] Android_Mali_G78_Vulkan, [000002230B6DF900][0000022308291580 49] Android_Mali_G710, [000002230B724F00][0000022308295700 49] Android_Mali_G710_Vulkan, [000002230B6DCF00][0000022308299880 49] Android_Vulkan_SM5, [000002230B727B00][000002230829DA00 49] Android_PowerVR_G6xxx, [000002230B6DD500][00000223082A1B80 49] Android_PowerVR_GT7xxx, [000002230B724100][00000223082A4180 49] Android_PowerVR_GE8xxx, [000002230B6DEB00][00000223082A8300 49] Android_PowerVR_GM9xxx, [000002230B724D00][00000223082AC480 49] Android_PowerVR_GM9xxx_Vulkan, [000002230B6DC100][00000223082B0600 49] Android_TegraK1, [000002230B726600][00000223082B4780 49] Android_Unknown_Vulkan, [000002230B6DD100][00000223082B8900 49] Lumin, [000002230B724300][00000223082BCA80 49] Lumin_Desktop, [000002230B6DD300][00000223082C0C00 49] HoloLens, 
[2023.03.02-19.58.30:249][  0]LogMeshReduction: Using QuadricMeshReduction for automatic static mesh reduction
[2023.03.02-19.58.30:249][  0]LogMeshReduction: Using SimplygonMeshReduction for automatic skeletal mesh reduction
[2023.03.02-19.58.30:249][  0]LogMeshReduction: Using ProxyLODMeshReduction for automatic mesh merging
[2023.03.02-19.58.30:249][  0]LogMeshReduction: No distributed automatic mesh merging module available
[2023.03.02-19.58.30:249][  0]LogMeshMerging: No distributed automatic mesh merging module available
[2023.03.02-19.58.30:265][  0]LogNetVersion: Breaker 1.0.0, NetCL: 17155196, EngineNetVer: 17, GameNetVer: 0 (Checksum: 3269151611)
[2023.03.02-19.58.30:622][  0]LogTexture: Default maximum texture size for cubemaps generated from long-lat sources has been changed from 512 to unlimited. In order to preserve old behaiour for '/Engine/MapTemplates/Sky/DaylightAmbientCubemap.DaylightAmbientCubemap', its maximum texture size has been explicitly set to 512.
[2023.03.02-19.58.30:673][  0]LogHMD: PokeAHoleMaterial loaded successfully
[2023.03.02-19.58.30:678][  0]LogUObjectArray: 17178 objects as part of root set at end of initial load.
[2023.03.02-19.58.30:678][  0]LogUObjectAllocator: 4302048 out of 0 bytes used by permanent object pool.
[2023.03.02-19.58.30:678][  0]LogUObjectArray: CloseDisregardForGC: 0/0 objects in disregard for GC pool
[2023.03.02-19.58.30:906][  0]LogPython: Using Python 3.7.7
[2023.03.02-19.58.31:425][  0]LogNiagaraDebuggerClient: Niagara Debugger Client Initialized | Session: 8B38FDDE44D2DE21C7823C9026F9B4B3 | Instance: 6AB7D8674E771BD23745D4983167A889 (DESKTOP-R57RUMI-12476).
[2023.03.02-19.58.31:559][  0]LogTcpMessaging: Initializing TcpMessaging bridge
[2023.03.02-19.58.31:562][  0]LogUdpMessaging: Initializing bridge on interface 0.0.0.0:0 to multicast group 230.0.0.1:6666.
[2023.03.02-19.58.31:723][  0]SourceControl: Source control is disabled
[2023.03.02-19.58.31:724][  0]SourceControl: Source control is disabled
[2023.03.02-19.58.31:726][  0]SourceControl: Source control is disabled
[2023.03.02-19.58.31:729][  0]SourceControl: Source control is disabled
[2023.03.02-19.58.31:737][  0]SourceControl: Source control is disabled
[2023.03.02-19.58.31:742][  0]LogUProjectInfo: Found projects:
[2023.03.02-19.58.31:903][  0]LogOpenImageDenoise: OIDN starting up
[2023.03.02-19.58.31:956][  0]LogAndroidPermission: UAndroidPermissionCallbackProxy::GetInstance
[2023.03.02-19.58.31:976][  0]LogAudioCaptureCore: Display: No Audio Capture implementations found. Audio input will be silent.
[2023.03.02-19.58.31:976][  0]LogAudioCaptureCore: Display: No Audio Capture implementations found. Audio input will be silent.
[2023.03.02-19.58.32:084][  0]LogCollectionManager: Loaded 0 collections in 0.000583 seconds
[2023.03.02-19.58.32:105][  0]LogFileCache: Scanning file cache for directory 'D:/Zack's Portfolio (up-to-date)/Breaker/Saved/Collections/' took 0.00s
[2023.03.02-19.58.32:105][  0]LogFileCache: Scanning file cache for directory 'D:/Zack's Portfolio (up-to-date)/Breaker/Content/Developers/beyon/Collections/' took 0.00s
[2023.03.02-19.58.32:105][  0]LogFileCache: Scanning file cache for directory 'D:/Zack's Portfolio (up-to-date)/Breaker/Content/Collections/' took 0.00s
[2023.03.02-19.58.32:105][  0]LogOcInput: OculusInput pre-init called
[2023.03.02-19.58.32:346][  0]LogEngine: Initializing Engine...
[2023.03.02-19.58.32:348][  0]LogHMD: Failed to enumerate extensions. Please check that you have a valid OpenXR runtime installed.
[2023.03.02-19.58.32:348][  0]LogHMD: Failed to initialize OpenVR with code 110
[2023.03.02-19.58.32:348][  0]LogMagicLeap: Warning: VR disabled because ZI is not enabled.  To enable, in the editor, Edit -> Project Settings -> Plugins -> Magic Leap Plugin -> Enable Zero Iteration
[2023.03.02-19.58.32:349][  0]LogStats: UGameplayTagsManager::InitializeManager -  0.000 s
[2023.03.02-19.58.32:476][  0]LogInit: Initializing FReadOnlyCVARCache
[2023.03.02-19.58.32:487][  0]LogAIModule: Creating AISystem for world Untitled
[2023.03.02-19.58.32:500][  0]LogAudio: Display: Initializing Audio Device Manager...
[2023.03.02-19.58.32:502][  0]LogAudio: Display: Loading Default Audio Settings Objects...
[2023.03.02-19.58.32:503][  0]LogAudio: Display: No default SoundConcurrencyObject specified (or failed to load).
[2023.03.02-19.58.32:503][  0]LogAudio: Display: Audio Device Manager Initialized
[2023.03.02-19.58.32:503][  0]LogAudio: Display: Creating Audio Device:                 Id: 1, Scope: Shared, Realtime: True
[2023.03.02-19.58.32:503][  0]LogAudioMixer: Display: Audio Mixer Platform Settings:
[2023.03.02-19.58.32:503][  0]LogAudioMixer: Display: 	Sample Rate:						  48000
[2023.03.02-19.58.32:503][  0]LogAudioMixer: Display: 	Callback Buffer Frame Size Requested: 1024
[2023.03.02-19.58.32:503][  0]LogAudioMixer: Display: 	Callback Buffer Frame Size To Use:	  1024
[2023.03.02-19.58.32:503][  0]LogAudioMixer: Display: 	Number of buffers to queue:			  2
[2023.03.02-19.58.32:503][  0]LogAudioMixer: Display: 	Max Channels (voices):				  32
[2023.03.02-19.58.32:503][  0]LogAudioMixer: Display: 	Number of Async Source Workers:		  0
[2023.03.02-19.58.32:504][  0]LogAudio: Display: AudioDevice MaxSources: 32
[2023.03.02-19.58.32:504][  0]LogAudio: Display: Audio Spatialization Plugin: None (built-in).
[2023.03.02-19.58.32:504][  0]LogAudio: Display: Audio Reverb Plugin: None (built-in).
[2023.03.02-19.58.32:504][  0]LogAudio: Display: Audio Occlusion Plugin: None (built-in).
[2023.03.02-19.58.32:504][  0]LogAudioMixer: Display: Initializing audio mixer.
[2023.03.02-19.58.32:511][  0]LogAudioMixer: Display: 0: FrontLeft
[2023.03.02-19.58.32:511][  0]LogAudioMixer: Display: 1: FrontRight
[2023.03.02-19.58.32:528][  0]LogAudioMixer: Display: Using Audio Device Speakers (Realtek(R) Audio)
[2023.03.02-19.58.32:531][  0]LogAudioMixer: Display: Initializing Sound Submixes...
[2023.03.02-19.58.32:534][  0]LogAudioMixer: Display: Creating Master Submix 'MasterSubmixDefault'
[2023.03.02-19.58.32:534][  0]LogAudioMixer: Display: Creating Master Submix 'MasterReverbSubmixDefault'
[2023.03.02-19.58.32:535][  0]LogAudioMixer: Display: Creating Master Submix 'MasterEQSubmixDefault'
[2023.03.02-19.58.32:535][  0]LogAudioMixer: FMixerPlatformXAudio2::StartAudioStream() called
[2023.03.02-19.58.32:535][  0]LogAudioMixer: Display: Output buffers initialized: Frames=1024, Channels=2, Samples=2048
[2023.03.02-19.58.32:535][  0]LogAudioMixer: Display: Starting AudioMixerPlatformInterface::RunInternal()
[2023.03.02-19.58.32:535][  0]LogAudioMixer: Display: FMixerPlatformXAudio2::SubmitBuffer() called for the first time
[2023.03.02-19.58.32:535][  0]LogInit: FAudioDevice initialized.
[2023.03.02-19.58.32:536][  0]LogAudio: Display: Audio Device (ID: 1) registered with world 'Untitled'.
[2023.03.02-19.58.32:536][  0]LogNetVersion: Set ProjectVersion to 1.0.0.0. Version Checksum will be recalculated on next use.
[2023.03.02-19.58.32:646][  0]LogDerivedDataCache: Saved boot cache 0.11s 94MB C:/Users/beyon/AppData/Local/UnrealEngine/4.27/DerivedDataCache/Boot.ddc.
[2023.03.02-19.58.32:647][  0]LogInit: Texture streaming: Enabled
[2023.03.02-19.58.32:657][  0]LogAnalytics: Display: [UEEditor.Rocket.Release] APIServer = https://datarouter.ol.epicgames.com/. AppVersion = 4.27.2-18319896+++UE4+Release-4.27
[2023.03.02-19.58.32:660][  0]LogEngineSessionManager: EngineSessionManager initialized
[2023.03.02-19.58.32:660][  0]LogEditorSessionSummary: Verbose: Initializing EditorSessionSummaryWriter for editor session tracking
[2023.03.02-19.58.32:662][  0]LogEditorSessionSummary: EditorSessionSummaryWriter initialized
[2023.03.02-19.58.32:683][  0]LogInit: Transaction tracking system initialized
[2023.03.02-19.58.32:702][  0]BlueprintLog: New page: Editor Load
[2023.03.02-19.58.32:752][  0]LocalizationService: Localization service is disabled
[2023.03.02-19.58.32:772][  0]TimingProfiler: Initialize
[2023.03.02-19.58.32:772][  0]TimingProfiler: OnSessionChanged
[2023.03.02-19.58.32:772][  0]LoadingProfiler: Initialize
[2023.03.02-19.58.32:772][  0]LoadingProfiler: OnSessionChanged
[2023.03.02-19.58.32:772][  0]NetworkingProfiler: Initialize
[2023.03.02-19.58.32:772][  0]NetworkingProfiler: OnSessionChanged
[2023.03.02-19.58.32:772][  0]MemoryProfiler: Initialize
[2023.03.02-19.58.32:772][  0]MemoryProfiler: OnSessionChanged
[2023.03.02-19.58.32:902][  0]LogCook: Display: CookSettings for Memory: MemoryMaxUsedVirtual 0MiB, MemoryMaxUsedPhysical 16384MiB, MemoryMinFreeVirtual 0MiB, MemoryMinFreePhysical 1024MiB
[2023.03.02-19.58.32:902][  0]LogCook: Display: Mobile HDR setting 1
[2023.03.02-19.58.33:054][  0]LogFileCache: Scanning file cache for directory 'D:/Zack's Portfolio (up-to-date)/Breaker/Content/' took 0.01s
[2023.03.02-19.58.33:226][  0]LogInit: Display: Engine is initialized. Leaving FEngineLoop::Init()
[2023.03.02-19.58.33:228][  0]SourceControl: Source control is disabled
[2023.03.02-19.58.33:228][  0]LogUnrealEdMisc: Loading editor; pre map load, took 6.691
[2023.03.02-19.58.33:228][  0]Cmd: MAP LOAD FILE="../../../../Zack's Portfolio (up-to-date)/Breaker/Content/Maps/LevelOne.umap" TEMPLATE=0 SHOWPROGRESS=1 FEATURELEVEL=3
[2023.03.02-19.58.33:251][  0]LightingResults: New page: Lighting Build
[2023.03.02-19.58.33:252][  0]LogWorld: UWorld::CleanupWorld for Untitled, bSessionEnded=true, bCleanupResources=true
[2023.03.02-19.58.33:252][  0]LogSlate: InvalidateAllWidgets triggered.  All widgets were invalidated
[2023.03.02-19.58.33:252][  0]MapCheck: New page: Map Check
[2023.03.02-19.58.33:252][  0]LightingResults: New page: Lighting Build
[2023.03.02-19.58.33:256][  0]LogAudio: Display: Audio Device unregistered from world 'None'.
[2023.03.02-19.58.33:258][  0]LogUObjectHash: Compacting FUObjectHashTables data took   0.78ms
[2023.03.02-19.58.33:464][  0]LogAudio: Display: Audio Device (ID: 1) registered with world 'LevelOne'.
[2023.03.02-19.58.33:465][  0]LogAIModule: Creating AISystem for world LevelOne
[2023.03.02-19.58.33:468][  0]LogEditorServer: Finished looking for orphan Actors (0.000 secs)
[2023.03.02-19.58.33:475][  0]LogUObjectHash: Compacting FUObjectHashTables data took   0.64ms
[2023.03.02-19.58.33:475][  0]Cmd: MAP CHECKDEP NOCLEARLOG
[2023.03.02-19.58.33:475][  0]MapCheck: Map check complete: 0 Error(s), 0 Warning(s), took 0.105ms to complete.
[2023.03.02-19.58.33:475][  0]LogFileHelpers: Loading map 'LevelOne' took 0.247
[2023.03.02-19.58.33:514][  0]LogUnrealEdMisc: Total Editor Startup Time, took 6.978
[2023.03.02-19.58.33:641][  0]LogSlate: Updating window title bar state: overlay mode, drag disabled, window buttons hidden, title bar hidden
[2023.03.02-19.58.33:646][  0]LogSlate: Updating window title bar state: overlay mode, drag disabled, window buttons hidden, title bar hidden
[2023.03.02-19.58.33:652][  0]LogSlate: Updating window title bar state: overlay mode, drag disabled, window buttons hidden, title bar hidden
[2023.03.02-19.58.33:658][  0]LogSlate: Updating window title bar state: overlay mode, drag disabled, window buttons hidden, title bar hidden
[2023.03.02-19.58.33:670][  0]LogNativeClassHierarchy: Verbose: Native class hierarchy populated in 0.0085 seconds. Added 3828 classes and 930 folders.
[2023.03.02-19.58.33:672][  0]LogNativeClassHierarchy: Verbose: Native class hierarchy updated for 'WidgetCarousel' in 0.0002 seconds. Added 0 classes and 0 folders.
[2023.03.02-19.58.33:674][  0]LogPakFile: PakFile PrimaryIndexSize=187
[2023.03.02-19.58.33:674][  0]LogPakFile: PakFile PathHashIndexSize=101
[2023.03.02-19.58.33:674][  0]LogPakFile: PakFile FullDirectoryIndexSize=148
[2023.03.02-19.58.33:674][  0]LogShaderLibrary: Display: ShaderCodeLibraryPakFileMountedCallback: PakFile 'D:/UE_4.27/FeaturePacks/FP_FirstPerson.upack' (chunk index -1, root 'root:/') mounted
[2023.03.02-19.58.33:674][  0]LogShaderLibrary: Display: ShaderCodeLibraryPakFileMountedCallback: pending pak file info (ChunkID:-1 Root:root:/ File:D:/UE_4.27/FeaturePacks/FP_FirstPerson.upack)
[2023.03.02-19.58.33:674][  0]LogPakFile: OnPakFileMounted2Time == 0.000046
[2023.03.02-19.58.33:674][  0]LogPakFile: PakFile PrimaryIndexSize=189
[2023.03.02-19.58.33:674][  0]LogPakFile: PakFile PathHashIndexSize=101
[2023.03.02-19.58.33:674][  0]LogPakFile: PakFile FullDirectoryIndexSize=152
[2023.03.02-19.58.33:674][  0]LogShaderLibrary: Display: ShaderCodeLibraryPakFileMountedCallback: PakFile 'D:/UE_4.27/FeaturePacks/FP_FirstPersonBP.upack' (chunk index -1, root 'root:/') mounted
[2023.03.02-19.58.33:674][  0]LogShaderLibrary: Display: ShaderCodeLibraryPakFileMountedCallback: pending pak file info (ChunkID:-1 Root:root:/ File:D:/UE_4.27/FeaturePacks/FP_FirstPersonBP.upack)
[2023.03.02-19.58.33:675][  0]LogPakFile: OnPakFileMounted2Time == 0.000035
[2023.03.02-19.58.33:675][  0]LogPakFile: PakFile PrimaryIndexSize=191
[2023.03.02-19.58.33:675][  0]LogPakFile: PakFile PathHashIndexSize=101
[2023.03.02-19.58.33:675][  0]LogPakFile: PakFile FullDirectoryIndexSize=160
[2023.03.02-19.58.33:675][  0]LogShaderLibrary: Display: ShaderCodeLibraryPakFileMountedCallback: PakFile 'D:/UE_4.27/FeaturePacks/MobileStarterContent.upack' (chunk index -1, root 'root:/') mounted
[2023.03.02-19.58.33:675][  0]LogShaderLibrary: Display: ShaderCodeLibraryPakFileMountedCallback: pending pak file info (ChunkID:-1 Root:root:/ File:D:/UE_4.27/FeaturePacks/MobileStarterContent.upack)
[2023.03.02-19.58.33:675][  0]LogPakFile: OnPakFileMounted2Time == 0.000031
[2023.03.02-19.58.33:676][  0]LogPakFile: PakFile PrimaryIndexSize=185
[2023.03.02-19.58.33:676][  0]LogPakFile: PakFile PathHashIndexSize=101
[2023.03.02-19.58.33:676][  0]LogPakFile: PakFile FullDirectoryIndexSize=148
[2023.03.02-19.58.33:676][  0]LogShaderLibrary: Display: ShaderCodeLibraryPakFileMountedCallback: PakFile 'D:/UE_4.27/FeaturePacks/StarterContent.upack' (chunk index -1, root 'root:/') mounted
[2023.03.02-19.58.33:676][  0]LogShaderLibrary: Display: ShaderCodeLibraryPakFileMountedCallback: pending pak file info (ChunkID:-1 Root:root:/ File:D:/UE_4.27/FeaturePacks/StarterContent.upack)
[2023.03.02-19.58.33:676][  0]LogPakFile: OnPakFileMounted2Time == 0.000032
[2023.03.02-19.58.33:677][  0]LogPakFile: PakFile PrimaryIndexSize=190
[2023.03.02-19.58.33:677][  0]LogPakFile: PakFile PathHashIndexSize=101
[2023.03.02-19.58.33:677][  0]LogPakFile: PakFile FullDirectoryIndexSize=154
[2023.03.02-19.58.33:677][  0]LogShaderLibrary: Display: ShaderCodeLibraryPakFileMountedCallback: PakFile 'D:/UE_4.27/FeaturePacks/TP_2DSideScroller.upack' (chunk index -1, root 'root:/') mounted
[2023.03.02-19.58.33:677][  0]LogShaderLibrary: Display: ShaderCodeLibraryPakFileMountedCallback: pending pak file info (ChunkID:-1 Root:root:/ File:D:/UE_4.27/FeaturePacks/TP_2DSideScroller.upack)
[2023.03.02-19.58.33:677][  0]LogPakFile: OnPakFileMounted2Time == 0.000032
[2023.03.02-19.58.33:677][  0]LogPakFile: PakFile PrimaryIndexSize=192
[2023.03.02-19.58.33:677][  0]LogPakFile: PakFile PathHashIndexSize=101
[2023.03.02-19.58.33:677][  0]LogPakFile: PakFile FullDirectoryIndexSize=158
[2023.03.02-19.58.33:677][  0]LogShaderLibrary: Display: ShaderCodeLibraryPakFileMountedCallback: PakFile 'D:/UE_4.27/FeaturePacks/TP_2DSideScrollerBP.upack' (chunk index -1, root 'root:/') mounted
[2023.03.02-19.58.33:677][  0]LogShaderLibrary: Display: ShaderCodeLibraryPakFileMountedCallback: pending pak file info (ChunkID:-1 Root:root:/ File:D:/UE_4.27/FeaturePacks/TP_2DSideScrollerBP.upack)
[2023.03.02-19.58.33:677][  0]LogPakFile: OnPakFileMounted2Time == 0.000035
[2023.03.02-19.58.33:678][  0]LogPakFile: PakFile PrimaryIndexSize=182
[2023.03.02-19.58.33:678][  0]LogPakFile: PakFile PathHashIndexSize=101
[2023.03.02-19.58.33:678][  0]LogPakFile: PakFile FullDirectoryIndexSize=138
[2023.03.02-19.58.33:678][  0]LogShaderLibrary: Display: ShaderCodeLibraryPakFileMountedCallback: PakFile 'D:/UE_4.27/FeaturePacks/TP_Flying.upack' (chunk index -1, root 'root:/') mounted
[2023.03.02-19.58.33:678][  0]LogShaderLibrary: Display: ShaderCodeLibraryPakFileMountedCallback: pending pak file info (ChunkID:-1 Root:root:/ File:D:/UE_4.27/FeaturePacks/TP_Flying.upack)
[2023.03.02-19.58.33:678][  0]LogPakFile: OnPakFileMounted2Time == 0.000035
[2023.03.02-19.58.33:679][  0]LogPakFile: PakFile PrimaryIndexSize=184
[2023.03.02-19.58.33:679][  0]LogPakFile: PakFile PathHashIndexSize=101
[2023.03.02-19.58.33:679][  0]LogPakFile: PakFile FullDirectoryIndexSize=142
[2023.03.02-19.58.33:679][  0]LogShaderLibrary: Display: ShaderCodeLibraryPakFileMountedCallback: PakFile 'D:/UE_4.27/FeaturePacks/TP_FlyingBP.upack' (chunk index -1, root 'root:/') mounted
[2023.03.02-19.58.33:679][  0]LogShaderLibrary: Display: ShaderCodeLibraryPakFileMountedCallback: pending pak file info (ChunkID:-1 Root:root:/ File:D:/UE_4.27/FeaturePacks/TP_FlyingBP.upack)
[2023.03.02-19.58.33:679][  0]LogPakFile: OnPakFileMounted2Time == 0.000037
[2023.03.02-19.58.33:680][  0]LogPakFile: PakFile PrimaryIndexSize=188
[2023.03.02-19.58.33:680][  0]LogPakFile: PakFile PathHashIndexSize=101
[2023.03.02-19.58.33:680][  0]LogPakFile: PakFile FullDirectoryIndexSize=150
[2023.03.02-19.58.33:680][  0]LogShaderLibrary: Display: ShaderCodeLibraryPakFileMountedCallback: PakFile 'D:/UE_4.27/FeaturePacks/TP_HandheldARBP.upack' (chunk index -1, root 'root:/') mounted
[2023.03.02-19.58.33:680][  0]LogShaderLibrary: Display: ShaderCodeLibraryPakFileMountedCallback: pending pak file info (ChunkID:-1 Root:root:/ File:D:/UE_4.27/FeaturePacks/TP_HandheldARBP.upack)
[2023.03.02-19.58.33:680][  0]LogPakFile: OnPakFileMounted2Time == 0.000032
[2023.03.02-19.58.33:681][  0]LogPakFile: PakFile PrimaryIndexSize=182
[2023.03.02-19.58.33:681][  0]LogPakFile: PakFile PathHashIndexSize=101
[2023.03.02-19.58.33:681][  0]LogPakFile: PakFile FullDirectoryIndexSize=138
[2023.03.02-19.58.33:681][  0]LogShaderLibrary: Display: ShaderCodeLibraryPakFileMountedCallback: PakFile 'D:/UE_4.27/FeaturePacks/TP_Puzzle.upack' (chunk index -1, root 'root:/') mounted
[2023.03.02-19.58.33:681][  0]LogShaderLibrary: Display: ShaderCodeLibraryPakFileMountedCallback: pending pak file info (ChunkID:-1 Root:root:/ File:D:/UE_4.27/FeaturePacks/TP_Puzzle.upack)
[2023.03.02-19.58.33:681][  0]LogPakFile: OnPakFileMounted2Time == 0.000031
[2023.03.02-19.58.33:681][  0]LogPakFile: PakFile PrimaryIndexSize=184
[2023.03.02-19.58.33:681][  0]LogPakFile: PakFile PathHashIndexSize=101
[2023.03.02-19.58.33:681][  0]LogPakFile: PakFile FullDirectoryIndexSize=142
[2023.03.02-19.58.33:681][  0]LogShaderLibrary: Display: ShaderCodeLibraryPakFileMountedCallback: PakFile 'D:/UE_4.27/FeaturePacks/TP_PuzzleBP.upack' (chunk index -1, root 'root:/') mounted
[2023.03.02-19.58.33:681][  0]LogShaderLibrary: Display: ShaderCodeLibraryPakFileMountedCallback: pending pak file info (ChunkID:-1 Root:root:/ File:D:/UE_4.27/FeaturePacks/TP_PuzzleBP.upack)
[2023.03.02-19.58.33:681][  0]LogPakFile: OnPakFileMounted2Time == 0.000033
[2023.03.02-19.58.33:682][  0]LogPakFile: PakFile PrimaryIndexSize=183
[2023.03.02-19.58.33:682][  0]LogPakFile: PakFile PathHashIndexSize=101
[2023.03.02-19.58.33:682][  0]LogPakFile: PakFile FullDirectoryIndexSize=140
[2023.03.02-19.58.33:682][  0]LogShaderLibrary: Display: ShaderCodeLibraryPakFileMountedCallback: PakFile 'D:/UE_4.27/FeaturePacks/TP_Rolling.upack' (chunk index -1, root 'root:/') mounted
[2023.03.02-19.58.33:682][  0]LogShaderLibrary: Display: ShaderCodeLibraryPakFileMountedCallback: pending pak file info (ChunkID:-1 Root:root:/ File:D:/UE_4.27/FeaturePacks/TP_Rolling.upack)
[2023.03.02-19.58.33:682][  0]LogPakFile: OnPakFileMounted2Time == 0.000030
[2023.03.02-19.58.33:683][  0]LogPakFile: PakFile PrimaryIndexSize=185
[2023.03.02-19.58.33:683][  0]LogPakFile: PakFile PathHashIndexSize=101
[2023.03.02-19.58.33:683][  0]LogPakFile: PakFile FullDirectoryIndexSize=144
[2023.03.02-19.58.33:683][  0]LogShaderLibrary: Display: ShaderCodeLibraryPakFileMountedCallback: PakFile 'D:/UE_4.27/FeaturePacks/TP_RollingBP.upack' (chunk index -1, root 'root:/') mounted
[2023.03.02-19.58.33:683][  0]LogShaderLibrary: Display: ShaderCodeLibraryPakFileMountedCallback: pending pak file info (ChunkID:-1 Root:root:/ File:D:/UE_4.27/FeaturePacks/TP_RollingBP.upack)
[2023.03.02-19.58.33:683][  0]LogPakFile: OnPakFileMounted2Time == 0.000031
[2023.03.02-19.58.33:683][  0]LogPakFile: PakFile PrimaryIndexSize=188
[2023.03.02-19.58.33:683][  0]LogPakFile: PakFile PathHashIndexSize=101
[2023.03.02-19.58.33:683][  0]LogPakFile: PakFile FullDirectoryIndexSize=150
[2023.03.02-19.58.33:683][  0]LogShaderLibrary: Display: ShaderCodeLibraryPakFileMountedCallback: PakFile 'D:/UE_4.27/FeaturePacks/TP_SideScroller.upack' (chunk index -1, root 'root:/') mounted
[2023.03.02-19.58.33:683][  0]LogShaderLibrary: Display: ShaderCodeLibraryPakFileMountedCallback: pending pak file info (ChunkID:-1 Root:root:/ File:D:/UE_4.27/FeaturePacks/TP_SideScroller.upack)
[2023.03.02-19.58.33:683][  0]LogPakFile: OnPakFileMounted2Time == 0.000032
[2023.03.02-19.58.33:684][  0]LogPakFile: PakFile PrimaryIndexSize=190
[2023.03.02-19.58.33:684][  0]LogPakFile: PakFile PathHashIndexSize=101
[2023.03.02-19.58.33:684][  0]LogPakFile: PakFile FullDirectoryIndexSize=154
[2023.03.02-19.58.33:684][  0]LogShaderLibrary: Display: ShaderCodeLibraryPakFileMountedCallback: PakFile 'D:/UE_4.27/FeaturePacks/TP_SideScrollerBP.upack' (chunk index -1, root 'root:/') mounted
[2023.03.02-19.58.33:684][  0]LogShaderLibrary: Display: ShaderCodeLibraryPakFileMountedCallback: pending pak file info (ChunkID:-1 Root:root:/ File:D:/UE_4.27/FeaturePacks/TP_SideScrollerBP.upack)
[2023.03.02-19.58.33:684][  0]LogPakFile: OnPakFileMounted2Time == 0.000031
[2023.03.02-19.58.33:685][  0]LogPakFile: PakFile PrimaryIndexSize=187
[2023.03.02-19.58.33:685][  0]LogPakFile: PakFile PathHashIndexSize=101
[2023.03.02-19.58.33:685][  0]LogPakFile: PakFile FullDirectoryIndexSize=148
[2023.03.02-19.58.33:685][  0]LogShaderLibrary: Display: ShaderCodeLibraryPakFileMountedCallback: PakFile 'D:/UE_4.27/FeaturePacks/TP_ThirdPerson.upack' (chunk index -1, root 'root:/') mounted
[2023.03.02-19.58.33:685][  0]LogShaderLibrary: Display: ShaderCodeLibraryPakFileMountedCallback: pending pak file info (ChunkID:-1 Root:root:/ File:D:/UE_4.27/FeaturePacks/TP_ThirdPerson.upack)
[2023.03.02-19.58.33:685][  0]LogPakFile: OnPakFileMounted2Time == 0.000033
[2023.03.02-19.58.33:685][  0]LogPakFile: PakFile PrimaryIndexSize=189
[2023.03.02-19.58.33:685][  0]LogPakFile: PakFile PathHashIndexSize=101
[2023.03.02-19.58.33:685][  0]LogPakFile: PakFile FullDirectoryIndexSize=152
[2023.03.02-19.58.33:685][  0]LogShaderLibrary: Display: ShaderCodeLibraryPakFileMountedCallback: PakFile 'D:/UE_4.27/FeaturePacks/TP_ThirdPersonBP.upack' (chunk index -1, root 'root:/') mounted
[2023.03.02-19.58.33:685][  0]LogShaderLibrary: Display: ShaderCodeLibraryPakFileMountedCallback: pending pak file info (ChunkID:-1 Root:root:/ File:D:/UE_4.27/FeaturePacks/TP_ThirdPersonBP.upack)
[2023.03.02-19.58.33:686][  0]LogPakFile: OnPakFileMounted2Time == 0.000036
[2023.03.02-19.58.33:686][  0]LogPakFile: PakFile PrimaryIndexSize=183
[2023.03.02-19.58.33:686][  0]LogPakFile: PakFile PathHashIndexSize=101
[2023.03.02-19.58.33:686][  0]LogPakFile: PakFile FullDirectoryIndexSize=140
[2023.03.02-19.58.33:686][  0]LogShaderLibrary: Display: ShaderCodeLibraryPakFileMountedCallback: PakFile 'D:/UE_4.27/FeaturePacks/TP_TopDown.upack' (chunk index -1, root 'root:/') mounted
[2023.03.02-19.58.33:686][  0]LogShaderLibrary: Display: ShaderCodeLibraryPakFileMountedCallback: pending pak file info (ChunkID:-1 Root:root:/ File:D:/UE_4.27/FeaturePacks/TP_TopDown.upack)
[2023.03.02-19.58.33:686][  0]LogPakFile: OnPakFileMounted2Time == 0.000036
[2023.03.02-19.58.33:687][  0]LogPakFile: PakFile PrimaryIndexSize=185
[2023.03.02-19.58.33:687][  0]LogPakFile: PakFile PathHashIndexSize=101
[2023.03.02-19.58.33:687][  0]LogPakFile: PakFile FullDirectoryIndexSize=144
[2023.03.02-19.58.33:687][  0]LogShaderLibrary: Display: ShaderCodeLibraryPakFileMountedCallback: PakFile 'D:/UE_4.27/FeaturePacks/TP_TopDownBP.upack' (chunk index -1, root 'root:/') mounted
[2023.03.02-19.58.33:687][  0]LogShaderLibrary: Display: ShaderCodeLibraryPakFileMountedCallback: pending pak file info (ChunkID:-1 Root:root:/ File:D:/UE_4.27/FeaturePacks/TP_TopDownBP.upack)
[2023.03.02-19.58.33:687][  0]LogPakFile: OnPakFileMounted2Time == 0.000033
[2023.03.02-19.58.33:688][  0]LogPakFile: PakFile PrimaryIndexSize=185
[2023.03.02-19.58.33:688][  0]LogPakFile: PakFile PathHashIndexSize=101
[2023.03.02-19.58.33:688][  0]LogPakFile: PakFile FullDirectoryIndexSize=144
[2023.03.02-19.58.33:688][  0]LogShaderLibrary: Display: ShaderCodeLibraryPakFileMountedCallback: PakFile 'D:/UE_4.27/FeaturePacks/TP_TwinStick.upack' (chunk index -1, root 'root:/') mounted
[2023.03.02-19.58.33:688][  0]LogShaderLibrary: Display: ShaderCodeLibraryPakFileMountedCallback: pending pak file info (ChunkID:-1 Root:root:/ File:D:/UE_4.27/FeaturePacks/TP_TwinStick.upack)
[2023.03.02-19.58.33:688][  0]LogPakFile: OnPakFileMounted2Time == 0.000033
[2023.03.02-19.58.33:688][  0]LogPakFile: PakFile PrimaryIndexSize=187
[2023.03.02-19.58.33:688][  0]LogPakFile: PakFile PathHashIndexSize=101
[2023.03.02-19.58.33:688][  0]LogPakFile: PakFile FullDirectoryIndexSize=148
[2023.03.02-19.58.33:688][  0]LogShaderLibrary: Display: ShaderCodeLibraryPakFileMountedCallback: PakFile 'D:/UE_4.27/FeaturePacks/TP_TwinStickBP.upack' (chunk index -1, root 'root:/') mounted
[2023.03.02-19.58.33:688][  0]LogShaderLibrary: Display: ShaderCodeLibraryPakFileMountedCallback: pending pak file info (ChunkID:-1 Root:root:/ File:D:/UE_4.27/FeaturePacks/TP_TwinStickBP.upack)
[2023.03.02-19.58.33:688][  0]LogPakFile: OnPakFileMounted2Time == 0.000031
[2023.03.02-19.58.33:689][  0]LogPakFile: PakFile PrimaryIndexSize=183
[2023.03.02-19.58.33:689][  0]LogPakFile: PakFile PathHashIndexSize=101
[2023.03.02-19.58.33:689][  0]LogPakFile: PakFile FullDirectoryIndexSize=140
[2023.03.02-19.58.33:689][  0]LogShaderLibrary: Display: ShaderCodeLibraryPakFileMountedCallback: PakFile 'D:/UE_4.27/FeaturePacks/TP_Vehicle.upack' (chunk index -1, root 'root:/') mounted
[2023.03.02-19.58.33:689][  0]LogShaderLibrary: Display: ShaderCodeLibraryPakFileMountedCallback: pending pak file info (ChunkID:-1 Root:root:/ File:D:/UE_4.27/FeaturePacks/TP_Vehicle.upack)
[2023.03.02-19.58.33:689][  0]LogPakFile: OnPakFileMounted2Time == 0.000031
[2023.03.02-19.58.33:690][  0]LogPakFile: PakFile PrimaryIndexSize=186
[2023.03.02-19.58.33:690][  0]LogPakFile: PakFile PathHashIndexSize=101
[2023.03.02-19.58.33:690][  0]LogPakFile: PakFile FullDirectoryIndexSize=146
[2023.03.02-19.58.33:690][  0]LogShaderLibrary: Display: ShaderCodeLibraryPakFileMountedCallback: PakFile 'D:/UE_4.27/FeaturePacks/TP_VehicleAdv.upack' (chunk index -1, root 'root:/') mounted
[2023.03.02-19.58.33:690][  0]LogShaderLibrary: Display: ShaderCodeLibraryPakFileMountedCallback: pending pak file info (ChunkID:-1 Root:root:/ File:D:/UE_4.27/FeaturePacks/TP_VehicleAdv.upack)
[2023.03.02-19.58.33:690][  0]LogPakFile: OnPakFileMounted2Time == 0.000033
[2023.03.02-19.58.33:690][  0]LogPakFile: PakFile PrimaryIndexSize=188
[2023.03.02-19.58.33:690][  0]LogPakFile: PakFile PathHashIndexSize=101
[2023.03.02-19.58.33:690][  0]LogPakFile: PakFile FullDirectoryIndexSize=150
[2023.03.02-19.58.33:690][  0]LogShaderLibrary: Display: ShaderCodeLibraryPakFileMountedCallback: PakFile 'D:/UE_4.27/FeaturePacks/TP_VehicleAdvBP.upack' (chunk index -1, root 'root:/') mounted
[2023.03.02-19.58.33:690][  0]LogShaderLibrary: Display: ShaderCodeLibraryPakFileMountedCallback: pending pak file info (ChunkID:-1 Root:root:/ File:D:/UE_4.27/FeaturePacks/TP_VehicleAdvBP.upack)
[2023.03.02-19.58.33:690][  0]LogPakFile: OnPakFileMounted2Time == 0.000034
[2023.03.02-19.58.33:691][  0]LogPakFile: PakFile PrimaryIndexSize=185
[2023.03.02-19.58.33:691][  0]LogPakFile: PakFile PathHashIndexSize=101
[2023.03.02-19.58.33:691][  0]LogPakFile: PakFile FullDirectoryIndexSize=144
[2023.03.02-19.58.33:691][  0]LogShaderLibrary: Display: ShaderCodeLibraryPakFileMountedCallback: PakFile 'D:/UE_4.27/FeaturePacks/TP_VehicleBP.upack' (chunk index -1, root 'root:/') mounted
[2023.03.02-19.58.33:691][  0]LogShaderLibrary: Display: ShaderCodeLibraryPakFileMountedCallback: pending pak file info (ChunkID:-1 Root:root:/ File:D:/UE_4.27/FeaturePacks/TP_VehicleBP.upack)
[2023.03.02-19.58.33:691][  0]LogPakFile: OnPakFileMounted2Time == 0.000031
[2023.03.02-19.58.33:692][  0]LogPakFile: PakFile PrimaryIndexSize=192
[2023.03.02-19.58.33:692][  0]LogPakFile: PakFile PathHashIndexSize=101
[2023.03.02-19.58.33:692][  0]LogPakFile: PakFile FullDirectoryIndexSize=158
[2023.03.02-19.58.33:692][  0]LogShaderLibrary: Display: ShaderCodeLibraryPakFileMountedCallback: PakFile 'D:/UE_4.27/FeaturePacks/TP_VirtualRealityBP.upack' (chunk index -1, root 'root:/') mounted
[2023.03.02-19.58.33:692][  0]LogShaderLibrary: Display: ShaderCodeLibraryPakFileMountedCallback: pending pak file info (ChunkID:-1 Root:root:/ File:D:/UE_4.27/FeaturePacks/TP_VirtualRealityBP.upack)
[2023.03.02-19.58.33:692][  0]LogPakFile: OnPakFileMounted2Time == 0.000031
[2023.03.02-19.58.33:741][  0]LogNativeClassHierarchy: Verbose: Native class hierarchy updated for 'AddContentDialog' in 0.0002 seconds. Added 0 classes and 0 folders.
[2023.03.02-19.58.33:742][  0]LogNativeClassHierarchy: Verbose: Native class hierarchy updated for 'SceneOutliner' in 0.0002 seconds. Added 2 classes and 0 folders.
[2023.03.02-19.58.34:071][  0]LogSlate: Only BGRA pngs, bmps or icos are supported in by External Image Picker
[2023.03.02-19.58.34:150][  0]LogSlate: Took 0.000194 seconds to synchronously load lazily loaded font '../../../Engine/Content/Slate/Fonts/Roboto-Regular.ttf' (155K)
[2023.03.02-19.58.34:151][  0]LogSlate: Took 0.000121 seconds to synchronously load lazily loaded font '../../../Engine/Content/Editor/Slate/Fonts/FontAwesome.ttf' (139K)
[2023.03.02-19.58.34:152][  0]LogSlate: Took 0.000152 seconds to synchronously load lazily loaded font '../../../Engine/Content/Slate/Fonts/Roboto-Bold.ttf' (160K)
[2023.03.02-19.58.34:265][  0]LogRenderer: Reallocating scene render targets to support 1056x556 Format 10 NumSamples 1 (Frame:1).
[2023.03.02-19.58.34:307][  0]LogSlate: Took 0.000168 seconds to synchronously load lazily loaded font '../../../Engine/Content/Slate/Fonts/Roboto-Light.ttf' (167K)
[2023.03.02-19.58.34:341][  0]LogNativeClassHierarchy: Verbose: Native class hierarchy updated for 'HierarchicalLODOutliner' in 0.0002 seconds. Added 0 classes and 0 folders.
[2023.03.02-19.58.34:341][  0]LogLoad: (Engine Initialization) Total time: 7.80 seconds
[2023.03.02-19.58.34:341][  0]LogLoad: (Engine Initialization) Total Blueprint compile time: 0.00 seconds
[2023.03.02-19.58.34:456][  0]LogAssetRegistry: Asset discovery search completed in 4.5387 seconds
[2023.03.02-19.58.34:484][  0]LogCollectionManager: Fixed up redirectors for 0 collections in 0.000003 seconds (updated 0 objects)
[2023.03.02-19.58.34:485][  0]LogContentStreaming: Texture pool size now 1000 MB
[2023.03.02-19.58.39:194][539]LogTemp: Repeating last play command: Selected Viewport
[2023.03.02-19.58.39:198][539]LogPlayLevel: PlayLevel: No blueprints needed recompiling
[2023.03.02-19.58.39:199][539]PIE: New page: PIE session: LevelOne (2 Mar 2023, 19:58:39)
[2023.03.02-19.58.39:200][539]LogOnline: OSS: Creating online subsystem instance for: NULL
[2023.03.02-19.58.39:201][539]LogOnline: OSS: TryLoadSubsystemAndSetDefault: Loaded subsystem for module [NULL]
[2023.03.02-19.58.39:201][539]LogPlayLevel: Creating play world package: /Game/Maps/UEDPIE_0_LevelOne
[2023.03.02-19.58.39:204][539]LogPlayLevel: PIE: StaticDuplicateObject took: (0.002683s)
[2023.03.02-19.58.39:204][539]LogAIModule: Creating AISystem for world LevelOne
[2023.03.02-19.58.39:205][539]LogPlayLevel: PIE: World Init took: (0.000949s)
[2023.03.02-19.58.39:205][539]LogPlayLevel: PIE: Created PIE world by copying editor world from /Game/Maps/LevelOne.LevelOne to /Game/Maps/UEDPIE_0_LevelOne.LevelOne (0.003788s)
[2023.03.02-19.58.39:209][539]LogUObjectHash: Compacting FUObjectHashTables data took   0.58ms
[2023.03.02-19.58.39:210][539]LogAudio: Display: Creating Audio Device:                 Id: 2, Scope: Unique, Realtime: True
[2023.03.02-19.58.39:210][539]LogAudioMixer: Display: Audio Mixer Platform Settings:
[2023.03.02-19.58.39:210][539]LogAudioMixer: Display: 	Sample Rate:						  48000
[2023.03.02-19.58.39:210][539]LogAudioMixer: Display: 	Callback Buffer Frame Size Requested: 1024
[2023.03.02-19.58.39:210][539]LogAudioMixer: Display: 	Callback Buffer Frame Size To Use:	  1024
[2023.03.02-19.58.39:210][539]LogAudioMixer: Display: 	Number of buffers to queue:			  2
[2023.03.02-19.58.39:210][539]LogAudioMixer: Display: 	Max Channels (voices):				  32
[2023.03.02-19.58.39:210][539]LogAudioMixer: Display: 	Number of Async Source Workers:		  0
[2023.03.02-19.58.39:210][539]LogAudio: Display: AudioDevice MaxSources: 32
[2023.03.02-19.58.39:210][539]LogAudio: Display: Audio Spatialization Plugin: None (built-in).
[2023.03.02-19.58.39:210][539]LogAudio: Display: Audio Reverb Plugin: None (built-in).
[2023.03.02-19.58.39:210][539]LogAudio: Display: Audio Occlusion Plugin: None (built-in).
[2023.03.02-19.58.39:210][539]LogAudioMixer: Display: Initializing audio mixer.
[2023.03.02-19.58.39:213][539]LogAudioMixer: Display: 0: FrontLeft
[2023.03.02-19.58.39:213][539]LogAudioMixer: Display: 1: FrontRight
[2023.03.02-19.58.39:225][539]LogAudioMixer: Display: Using Audio Device Speakers (Realtek(R) Audio)
[2023.03.02-19.58.39:225][539]LogAudioMixer: Display: Initializing Sound Submixes...
[2023.03.02-19.58.39:225][539]LogAudioMixer: Display: Creating Master Submix 'MasterSubmixDefault'
[2023.03.02-19.58.39:225][539]LogAudioMixer: Display: Creating Master Submix 'MasterReverbSubmixDefault'
[2023.03.02-19.58.39:225][539]LogAudioMixer: Display: Creating Master Submix 'MasterEQSubmixDefault'
[2023.03.02-19.58.39:225][539]LogAudioMixer: FMixerPlatformXAudio2::StartAudioStream() called
[2023.03.02-19.58.39:225][539]LogAudioMixer: Display: Output buffers initialized: Frames=1024, Channels=2, Samples=2048
[2023.03.02-19.58.39:226][539]LogAudioMixer: Display: Starting AudioMixerPlatformInterface::RunInternal()
[2023.03.02-19.58.39:226][539]LogAudioMixer: Display: FMixerPlatformXAudio2::SubmitBuffer() called for the first time
[2023.03.02-19.58.39:226][539]LogInit: FAudioDevice initialized.
[2023.03.02-19.58.39:226][539]LogAudio: Display: Audio Device (ID: 2) registered with world 'LevelOne'.
[2023.03.02-19.58.39:383][539]LogLoad: Game class is 'Mode_Blueprint_C'
[2023.03.02-19.58.39:386][539]LogWorld: Bringing World /Game/Maps/UEDPIE_0_LevelOne.LevelOne up for play (max tick rate 0) at 2023.03.02-19.58.39
[2023.03.02-19.58.39:386][539]LogWorld: Bringing up level for play took: 0.001504
[2023.03.02-19.58.39:386][539]LogOnline: OSS: Creating online subsystem instance for: :Context_3
[2023.03.02-19.58.39:389][539]LogNativeClassHierarchy: Verbose: Native class hierarchy updated for 'MovieSceneCapture' in 0.0003 seconds. Added 20 classes and 0 folders.
[2023.03.02-19.58.39:422][539]PIE: Server logged in
[2023.03.02-19.58.39:423][539]PIE: Play in editor total start time 0.225 seconds.
