Log file open, 02/19/23 17:50:57
LogWindows: Failed to load 'aqProf.dll' (GetLastError=126)
LogWindows: File 'aqProf.dll' does not exist
LogWindows: Failed to load 'VtuneApi.dll' (GetLastError=126)
LogWindows: File 'VtuneApi.dll' does not exist
LogWindows: Failed to load 'VtuneApi32e.dll' (GetLastError=126)
LogWindows: File 'VtuneApi32e.dll' does not exist
LogConsoleResponse: Display: Failed to find resolution value strings in scalability ini. Falling back to default.
LogConsoleResponse: Display: Failed to find resolution value strings in scalability ini. Falling back to default.
LogInit: Display: Running engine for game: Breaker
LogPlatformFile: Not using cached read wrapper
LogTaskGraph: Started task graph with 5 named threads and 20 total threads with 3 sets of task threads.
LogStats: Stats thread started at 0.380168
LogICUInternationalization: ICU TimeZone Detection - Raw Offset: +0:00, Platform Override: ''
LogInit: Display: Loading text-based GConfig....
LogPluginManager: Mounting plugin MeshPainting
LogPluginManager: Mounting plugin XGEController
LogPluginManager: Mounting plugin Paper2D
LogPluginManager: Mounting plugin EnvironmentQueryEditor
LogPluginManager: Mounting plugin AISupport
LogPluginManager: Mounting plugin LightPropagationVolume
LogPluginManager: Mounting plugin OodleData
LogPluginManager: Mounting plugin CameraShakePreviewer
LogPluginManager: Mounting plugin GameplayCameras
LogPluginManager: Mounting plugin OodleNetwork
LogPluginManager: Mounting plugin AssetManagerEditor
LogPluginManager: Mounting plugin CryptoKeys
LogPluginManager: Mounting plugin DataValidation
LogPluginManager: Mounting plugin LiveLink
LogPluginManager: Mounting plugin FacialAnimation
LogPluginManager: Mounting plugin CurveEditorTools
LogPluginManager: Mounting plugin GeometryMode
LogPluginManager: Mounting plugin GameplayTagsEditor
LogPluginManager: Mounting plugin MacGraphicsSwitching
LogPluginManager: Mounting plugin MaterialAnalyzer
LogPluginManager: Mounting plugin MobileLauncherProfileWizard
LogPluginManager: Mounting plugin PluginBrowser
LogPluginManager: Mounting plugin SpeedTreeImporter
LogPluginManager: Mounting plugin DatasmithContent
LogPluginManager: Mounting plugin Niagara
LogPluginManager: Mounting plugin LuminPlatformFeatures
LogPluginManager: Mounting plugin MagicLeap
LogPluginManager: Mounting plugin VariantManagerContent
LogPluginManager: Mounting plugin MagicLeapLightEstimation
LogPluginManager: Mounting plugin MagicLeapMedia
LogPluginManager: Mounting plugin MagicLeapPassableWorld
LogPluginManager: Mounting plugin MLSDK
LogPluginManager: Mounting plugin AlembicImporter
LogPluginManager: Mounting plugin AndroidMedia
LogPluginManager: Mounting plugin AvfMedia
LogPluginManager: Mounting plugin ImgMedia
LogPluginManager: Mounting plugin MediaCompositing
LogPluginManager: Mounting plugin MediaPlayerEditor
LogPluginManager: Mounting plugin WebMMedia
LogPluginManager: Mounting plugin WmfMedia
LogPluginManager: Mounting plugin BackChannel
LogPluginManager: Mounting plugin AutomationUtils
LogPluginManager: Mounting plugin ChaosCloth
LogPluginManager: Mounting plugin ChaosClothEditor
LogPluginManager: Mounting plugin ChaosEditor
LogPluginManager: Mounting plugin ChaosNiagara
LogPluginManager: Mounting plugin ChaosSolverPlugin
LogPluginManager: Mounting plugin CharacterAI
LogPluginManager: Mounting plugin GeometryCollectionPlugin
LogPluginManager: Mounting plugin GeometryCache
LogPluginManager: Mounting plugin GeometryProcessing
LogPluginManager: Mounting plugin TcpMessaging
LogPluginManager: Mounting plugin UdpMessaging
LogPluginManager: Mounting plugin OpenImageDenoise
LogPluginManager: Mounting plugin PlanarCut
LogPluginManager: Mounting plugin ProxyLODPlugin
LogPluginManager: Mounting plugin MotoSynth
LogPluginManager: Mounting plugin PythonScriptPlugin
LogPluginManager: Mounting plugin PlatformCrypto
LogPluginManager: Mounting plugin SkeletalReduction
LogPluginManager: Mounting plugin LevelSequenceEditor
LogPluginManager: Mounting plugin MatineeToLevelSequence
LogPluginManager: Mounting plugin OnlineSubsystem
LogPluginManager: Mounting plugin TemplateSequence
LogPluginManager: Mounting plugin ActorSequence
LogPluginManager: Mounting plugin OnlineSubsystemNull
LogPluginManager: Mounting plugin OnlineSubsystemUtils
LogPluginManager: Mounting plugin ActorLayerUtilities
LogPluginManager: Mounting plugin AndroidMoviePlayer
LogPluginManager: Mounting plugin AndroidDeviceProfileSelector
LogPluginManager: Mounting plugin AndroidPermission
LogPluginManager: Mounting plugin AppleImageUtils
LogPluginManager: Mounting plugin AppleMoviePlayer
LogPluginManager: Mounting plugin LauncherChunkInstaller
LogPluginManager: Mounting plugin AssetTags
LogPluginManager: Mounting plugin AudioCapture
LogPluginManager: Mounting plugin CableComponent
LogPluginManager: Mounting plugin AudioSynesthesia
LogPluginManager: Mounting plugin CustomMeshComponent
LogPluginManager: Mounting plugin ArchVisCharacter
LogPluginManager: Mounting plugin EditableMesh
LogPluginManager: Mounting plugin ChunkDownloader
LogPluginManager: Mounting plugin ExampleDeviceProfileSelector
LogPluginManager: Mounting plugin GoogleCloudMessaging
LogPluginManager: Mounting plugin GooglePAD
LogPluginManager: Mounting plugin IOSDeviceProfileSelector
LogPluginManager: Mounting plugin LocationServicesBPLibrary
LogPluginManager: Mounting plugin LinuxDeviceProfileSelector
LogPluginManager: Mounting plugin MobilePatchingUtils
LogPluginManager: Mounting plugin OpenXR
LogPluginManager: Mounting plugin OpenXRHandTracking
LogPluginManager: Mounting plugin OpenXREyeTracker
LogPluginManager: Mounting plugin PhysXVehicles
LogPluginManager: Mounting plugin PostSplashScreen
LogPluginManager: Mounting plugin PropertyAccessEditor
LogPluginManager: Mounting plugin RuntimePhysXCooking
LogPluginManager: Mounting plugin SignificanceManager
LogPluginManager: Mounting plugin SoundFields
LogPluginManager: Mounting plugin ProceduralMeshComponent
LogPluginManager: Mounting plugin CLionSourceCodeAccess
LogPluginManager: Mounting plugin AnimationSharing
LogPluginManager: Mounting plugin Synthesis
LogPluginManager: Mounting plugin WebMMoviePlayer
LogPluginManager: Mounting plugin WindowsMoviePlayer
LogPluginManager: Mounting plugin GitSourceControl
LogPluginManager: Mounting plugin CodeLiteSourceCodeAccess
LogPluginManager: Mounting plugin NullSourceCodeAccess
LogPluginManager: Mounting plugin KDevelopSourceCodeAccess
LogPluginManager: Mounting plugin PixWinPlugin
LogPluginManager: Mounting plugin PerforceSourceControl
LogPluginManager: Mounting plugin PluginUtils
LogPluginManager: Mounting plugin PropertyAccessNode
LogPluginManager: Mounting plugin SubversionSourceControl
LogPluginManager: Mounting plugin TextureFormatOodle
LogPluginManager: Mounting plugin RiderSourceCodeAccess
LogPluginManager: Mounting plugin PlasticSourceControl
LogPluginManager: Mounting plugin VisualStudioCodeSourceCodeAccess
LogPluginManager: Mounting plugin XCodeSourceCodeAccess
LogPluginManager: Mounting plugin VisualStudioSourceCodeAccess
LogPluginManager: Mounting plugin UObjectPlugin
LogPluginManager: Mounting plugin ScreenshotTools
LogPluginManager: Mounting plugin Takes
LogPluginManager: Mounting plugin ContentBrowserAssetDataSource
LogPluginManager: Mounting plugin ContentBrowserClassDataSource
LogPluginManager: Mounting plugin ContentBrowserFileDataSource
LogPluginManager: Mounting plugin OnlineSubsystemGooglePlay
LogPluginManager: Mounting plugin OnlineSubsystemIOS
LogPluginManager: Mounting plugin OculusVR
LogPluginManager: Mounting plugin SteamVR
LogInit: Using libcurl 7.55.1-DEV
LogInit:  - built for x86_64-pc-win32
LogInit:  - supports SSL with OpenSSL/1.1.1
LogInit:  - supports HTTP deflate (compression) using libz 1.2.8
LogInit:  - other features:
LogInit:      CURL_VERSION_SSL
LogInit:      CURL_VERSION_LIBZ
LogInit:      CURL_VERSION_IPV6
LogInit:      CURL_VERSION_ASYNCHDNS
LogInit:      CURL_VERSION_LARGEFILE
LogInit:      CURL_VERSION_IDN
LogInit:  CurlRequestOptions (configurable via config and command line):
LogInit:  - bVerifyPeer = true  - Libcurl will verify peer certificate
LogInit:  - bUseHttpProxy = false  - Libcurl will NOT use HTTP proxy
LogInit:  - bDontReuseConnections = false  - Libcurl will reuse connections
LogInit:  - MaxHostConnections = 16  - Libcurl will limit the number of connections to a host
LogInit:  - LocalHostAddr = Default
LogInit:  - BufferSize = 65536
LogOnline: OSS: Creating online subsystem instance for: NULL
LogInit: WinSock: version 1.1 (2.2), MaxSocks=32767, MaxUdp=65467
LogOnline: OSS: TryLoadSubsystemAndSetDefault: Loaded subsystem for module [NULL]
PixWinPlugin: PIX capture plugin failed to initialize! Check that the process is launched from PIX.
LogOculusPluginWrapper: OculusPlugin initialized successfully
LogHMD: Failed initializing OVRPlugin 1.59.0
LogInit: Build: ++UE4+Release-4.27-CL-18319896
LogInit: Engine Version: 4.27.2-18319896+++UE4+Release-4.27
LogInit: Compatible Engine Version: 4.27.0-17155196+++UE4+Release-4.27
LogInit: Net CL: 17155196
LogInit: OS: Windows 10 (Release 2009) (), CPU: Intel(R) Core(TM) i5-9400F CPU @ 2.90GHz, GPU: NVIDIA GeForce GTX 1660 SUPER
LogInit: Compiled (64-bit): Nov 30 2021 07:12:08
LogInit: Compiled with Visual C++: 19.24.28315.00
LogInit: Build Configuration: Development
LogInit: Branch Name: ++UE4+Release-4.27
LogInit: Command Line:  -skipcompile
LogInit: Base Directory: D:/UE_4.27/Engine/Binaries/Win64/
LogInit: Allocator: TBB
LogInit: Installed Engine Build: 1
LogDevObjectVersion: Number of dev versions registered: 29
LogDevObjectVersion:   Dev-Blueprints (B0D832E4-1F89-4F0D-ACCF-7EB736FD4AA2): 10
LogDevObjectVersion:   Dev-Build (E1C64328-A22C-4D53-A36C-8E866417BD8C): 0
LogDevObjectVersion:   Dev-Core (375EC13C-06E4-48FB-B500-84F0262A717E): 4
LogDevObjectVersion:   Dev-Editor (E4B068ED-F494-42E9-A231-DA0B2E46BB41): 40
LogDevObjectVersion:   Dev-Framework (CFFC743F-43B0-4480-9391-14DF171D2073): 37
LogDevObjectVersion:   Dev-Mobile (B02B49B5-BB20-44E9-A304-32B752E40360): 3
LogDevObjectVersion:   Dev-Networking (A4E4105C-59A1-49B5-A7C5-40C4547EDFEE): 0
LogDevObjectVersion:   Dev-Online (39C831C9-5AE6-47DC-9A44-9C173E1C8E7C): 0
LogDevObjectVersion:   Dev-Physics (78F01B33-EBEA-4F98-B9B4-84EACCB95AA2): 14
LogDevObjectVersion:   Dev-Platform (6631380F-2D4D-43E0-8009-CF276956A95A): 0
LogDevObjectVersion:   Dev-Rendering (12F88B9F-8875-4AFC-A67C-D90C383ABD29): 45
LogDevObjectVersion:   Dev-Sequencer (7B5AE74C-D270-4C10-A958-57980B212A5A): 13
LogDevObjectVersion:   Dev-VR (D7296918-1DD6-4BDD-9DE2-64A83CC13884): 3
LogDevObjectVersion:   Dev-LoadTimes (C2A15278-BFE7-4AFE-6C17-90FF531DF755): 1
LogDevObjectVersion:   Private-Geometry (6EACA3D4-40EC-4CC1-B786-8BED09428FC5): 3
LogDevObjectVersion:   Dev-AnimPhys (29E575DD-E0A3-4627-9D10-D276232CDCEA): 17
LogDevObjectVersion:   Dev-Anim (AF43A65D-7FD3-4947-9873-3E8ED9C1BB05): 15
LogDevObjectVersion:   Dev-ReflectionCapture (6B266CEC-1EC7-4B8F-A30B-E4D90942FC07): 1
LogDevObjectVersion:   Dev-Automation (0DF73D61-A23F-47EA-B727-89E90C41499A): 1
LogDevObjectVersion:   FortniteMain (601D1886-AC64-4F84-AA16-D3DE0DEAC7D6): 47
LogDevObjectVersion:   FortniteRelease (E7086368-6B23-4C58-8439-1B7016265E91): 1
LogDevObjectVersion:   Dev-Enterprise (9DFFBCD6-494F-0158-E221-12823C92A888): 10
LogDevObjectVersion:   Dev-Niagara (F2AED0AC-9AFE-416F-8664-AA7FFA26D6FC): 1
LogDevObjectVersion:   Dev-Destruction (174F1F0B-B4C6-45A5-B13F-2EE8D0FB917D): 10
LogDevObjectVersion:   Dev-Physics-Ext (35F94A83-E258-406C-A318-09F59610247C): 41
LogDevObjectVersion:   Dev-PhysicsMaterial-Chaos (B68FC16E-8B1B-42E2-B453-215C058844FE): 1
LogDevObjectVersion:   Dev-CineCamera (B2E18506-4273-CFC2-A54E-F4BB758BBA07): 1
LogDevObjectVersion:   Dev-VirtualProduction (64F58936-FD1B-42BA-BA96-7289D5D0FA4E): 1
LogDevObjectVersion:   Dev-MediaFramework (6F0ED827-A609-4895-9C91-998D90180EA4): 2
LogInit: Presizing for max 25165824 objects, including 0 objects not considered by GC, pre-allocating 0 bytes for permanent pool.
LogConfig: Applying CVar settings from Section [/Script/Engine.StreamingSettings] File [D:/Zack's Portfolio (up-to-date)/Breaker/Saved/Config/Windows/Engine.ini]
LogConfig: Setting CVar [[s.MinBulkDataSizeForAsyncLoading:131072]]
LogConfig: Setting CVar [[s.AsyncLoadingThreadEnabled:0]]
LogConfig: Setting CVar [[s.EventDrivenLoaderEnabled:1]]
LogConfig: Setting CVar [[s.WarnIfTimeLimitExceeded:0]]
LogConfig: Setting CVar [[s.TimeLimitExceededMultiplier:1.5]]
LogConfig: Setting CVar [[s.TimeLimitExceededMinTime:0.005]]
LogConfig: Setting CVar [[s.UseBackgroundLevelStreaming:1]]
LogConfig: Setting CVar [[s.PriorityAsyncLoadingExtraTime:15.0]]
LogConfig: Setting CVar [[s.LevelStreamingActorsUpdateTimeLimit:5.0]]
LogConfig: Setting CVar [[s.PriorityLevelStreamingActorsUpdateExtraTime:5.0]]
LogConfig: Setting CVar [[s.LevelStreamingComponentsRegistrationGranularity:10]]
LogConfig: Setting CVar [[s.UnregisterComponentsTimeLimit:1.0]]
LogConfig: Setting CVar [[s.LevelStreamingComponentsUnregistrationGranularity:5]]
LogConfig: Setting CVar [[s.FlushStreamingOnExit:1]]
LogInit: Object subsystem initialized
LogConfig: Setting CVar [[con.DebugEarlyDefault:1]]
LogConfig: Setting CVar [[r.setres:1280x720]]
[2023.02.19-17.51.00:142][  0]LogConfig: Setting CVar [[r.VSync:0]]
[2023.02.19-17.51.00:142][  0]LogConfig: Setting CVar [[r.RHICmdBypass:0]]
[2023.02.19-17.51.00:142][  0]LogConfig: Applying CVar settings from Section [/Script/Engine.RendererSettings] File [D:/Zack's Portfolio (up-to-date)/Breaker/Saved/Config/Windows/Engine.ini]
[2023.02.19-17.51.00:143][  0]LogConfig: Setting CVar [[r.GPUCrashDebugging:0]]
[2023.02.19-17.51.00:143][  0]LogConfig: Applying CVar settings from Section [/Script/Engine.RendererOverrideSettings] File [D:/Zack's Portfolio (up-to-date)/Breaker/Saved/Config/Windows/Engine.ini]
[2023.02.19-17.51.00:143][  0]LogConfig: Applying CVar settings from Section [/Script/Engine.StreamingSettings] File [D:/Zack's Portfolio (up-to-date)/Breaker/Saved/Config/Windows/Engine.ini]
[2023.02.19-17.51.00:143][  0]LogConfig: Setting CVar [[s.MinBulkDataSizeForAsyncLoading:131072]]
[2023.02.19-17.51.00:143][  0]LogConfig: Setting CVar [[s.AsyncLoadingThreadEnabled:0]]
[2023.02.19-17.51.00:143][  0]LogConfig: Setting CVar [[s.EventDrivenLoaderEnabled:1]]
[2023.02.19-17.51.00:143][  0]LogConfig: Setting CVar [[s.WarnIfTimeLimitExceeded:0]]
[2023.02.19-17.51.00:143][  0]LogConfig: Setting CVar [[s.TimeLimitExceededMultiplier:1.5]]
[2023.02.19-17.51.00:143][  0]LogConfig: Setting CVar [[s.TimeLimitExceededMinTime:0.005]]
[2023.02.19-17.51.00:143][  0]LogConfig: Setting CVar [[s.UseBackgroundLevelStreaming:1]]
[2023.02.19-17.51.00:143][  0]LogConfig: Setting CVar [[s.PriorityAsyncLoadingExtraTime:15.0]]
[2023.02.19-17.51.00:143][  0]LogConfig: Setting CVar [[s.LevelStreamingActorsUpdateTimeLimit:5.0]]
[2023.02.19-17.51.00:143][  0]LogConfig: Setting CVar [[s.PriorityLevelStreamingActorsUpdateExtraTime:5.0]]
[2023.02.19-17.51.00:144][  0]LogConfig: Setting CVar [[s.LevelStreamingComponentsRegistrationGranularity:10]]
[2023.02.19-17.51.00:144][  0]LogConfig: Setting CVar [[s.UnregisterComponentsTimeLimit:1.0]]
[2023.02.19-17.51.00:144][  0]LogConfig: Setting CVar [[s.LevelStreamingComponentsUnregistrationGranularity:5]]
[2023.02.19-17.51.00:144][  0]LogConfig: Setting CVar [[s.FlushStreamingOnExit:1]]
[2023.02.19-17.51.00:144][  0]LogConfig: Applying CVar settings from Section [/Script/Engine.GarbageCollectionSettings] File [D:/Zack's Portfolio (up-to-date)/Breaker/Saved/Config/Windows/Engine.ini]
[2023.02.19-17.51.00:144][  0]LogConfig: Setting CVar [[gc.MaxObjectsNotConsideredByGC:1]]
[2023.02.19-17.51.00:144][  0]LogConfig: Setting CVar [[gc.SizeOfPermanentObjectPool:0]]
[2023.02.19-17.51.00:144][  0]LogConfig: Setting CVar [[gc.FlushStreamingOnGC:0]]
[2023.02.19-17.51.00:144][  0]LogConfig: Setting CVar [[gc.NumRetriesBeforeForcingGC:10]]
[2023.02.19-17.51.00:144][  0]LogConfig: Setting CVar [[gc.AllowParallelGC:1]]
[2023.02.19-17.51.00:144][  0]LogConfig: Setting CVar [[gc.TimeBetweenPurgingPendingKillObjects:61.1]]
[2023.02.19-17.51.00:144][  0]LogConfig: Setting CVar [[gc.MaxObjectsInEditor:25165824]]
[2023.02.19-17.51.00:144][  0]LogConfig: Setting CVar [[gc.IncrementalBeginDestroyEnabled:1]]
[2023.02.19-17.51.00:144][  0]LogConfig: Setting CVar [[gc.CreateGCClusters:1]]
[2023.02.19-17.51.00:144][  0]LogConfig: Setting CVar [[gc.MinGCClusterSize:5]]
[2023.02.19-17.51.00:144][  0]LogConfig: Setting CVar [[gc.ActorClusteringEnabled:0]]
[2023.02.19-17.51.00:144][  0]LogConfig: Setting CVar [[gc.BlueprintClusteringEnabled:0]]
[2023.02.19-17.51.00:144][  0]LogConfig: Setting CVar [[gc.UseDisregardForGCOnDedicatedServers:0]]
[2023.02.19-17.51.00:144][  0]LogConfig: Setting CVar [[gc.MultithreadedDestructionEnabled:1]]
[2023.02.19-17.51.00:144][  0]LogConfig: Applying CVar settings from Section [/Script/Engine.NetworkSettings] File [D:/Zack's Portfolio (up-to-date)/Breaker/Saved/Config/Windows/Engine.ini]
[2023.02.19-17.51.00:144][  0]LogConfig: Applying CVar settings from Section [/Script/UnrealEd.CookerSettings] File [D:/Zack's Portfolio (up-to-date)/Breaker/Saved/Config/Windows/Engine.ini]
[2023.02.19-17.51.00:158][  0]LogConfig: Applying CVar settings from Section [ViewDistanceQuality@3] File [D:/Zack's Portfolio (up-to-date)/Breaker/Saved/Config/Windows/Scalability.ini]
[2023.02.19-17.51.00:158][  0]LogConfig: Setting CVar [[r.SkeletalMeshLODBias:0]]
[2023.02.19-17.51.00:159][  0]LogConfig: Setting CVar [[r.ViewDistanceScale:1.0]]
[2023.02.19-17.51.00:159][  0]LogConfig: Applying CVar settings from Section [AntiAliasingQuality@3] File [D:/Zack's Portfolio (up-to-date)/Breaker/Saved/Config/Windows/Scalability.ini]
[2023.02.19-17.51.00:159][  0]LogConfig: Setting CVar [[r.PostProcessAAQuality:4]]
[2023.02.19-17.51.00:159][  0]LogConfig: Applying CVar settings from Section [ShadowQuality@3] File [D:/Zack's Portfolio (up-to-date)/Breaker/Saved/Config/Windows/Scalability.ini]
[2023.02.19-17.51.00:159][  0]LogConfig: Setting CVar [[r.LightFunctionQuality:1]]
[2023.02.19-17.51.00:159][  0]LogConfig: Setting CVar [[r.ShadowQuality:5]]
[2023.02.19-17.51.00:159][  0]LogConfig: Setting CVar [[r.Shadow.CSM.MaxCascades:10]]
[2023.02.19-17.51.00:159][  0]LogConfig: Setting CVar [[r.Shadow.MaxResolution:2048]]
[2023.02.19-17.51.00:159][  0]LogConfig: Setting CVar [[r.Shadow.MaxCSMResolution:2048]]
[2023.02.19-17.51.00:159][  0]LogConfig: Setting CVar [[r.Shadow.RadiusThreshold:0.01]]
[2023.02.19-17.51.00:159][  0]LogConfig: Setting CVar [[r.Shadow.DistanceScale:1.0]]
[2023.02.19-17.51.00:159][  0]LogConfig: Setting CVar [[r.Shadow.CSM.TransitionScale:1.0]]
[2023.02.19-17.51.00:159][  0]LogConfig: Setting CVar [[r.Shadow.PreShadowResolutionFactor:1.0]]
[2023.02.19-17.51.00:159][  0]LogConfig: Setting CVar [[r.DistanceFieldShadowing:1]]
[2023.02.19-17.51.00:159][  0]LogConfig: Setting CVar [[r.DistanceFieldAO:1]]
[2023.02.19-17.51.00:159][  0]LogConfig: Setting CVar [[r.AOQuality:2]]
[2023.02.19-17.51.00:159][  0]LogConfig: Setting CVar [[r.VolumetricFog:1]]
[2023.02.19-17.51.00:159][  0]LogConfig: Setting CVar [[r.VolumetricFog.GridPixelSize:8]]
[2023.02.19-17.51.00:159][  0]LogConfig: Setting CVar [[r.VolumetricFog.GridSizeZ:128]]
[2023.02.19-17.51.00:159][  0]LogConfig: Setting CVar [[r.VolumetricFog.HistoryMissSupersampleCount:4]]
[2023.02.19-17.51.00:159][  0]LogConfig: Setting CVar [[r.LightMaxDrawDistanceScale:1]]
[2023.02.19-17.51.00:159][  0]LogConfig: Setting CVar [[r.CapsuleShadows:1]]
[2023.02.19-17.51.00:160][  0]LogConfig: Applying CVar settings from Section [PostProcessQuality@3] File [D:/Zack's Portfolio (up-to-date)/Breaker/Saved/Config/Windows/Scalability.ini]
[2023.02.19-17.51.00:160][  0]LogConfig: Setting CVar [[r.MotionBlurQuality:4]]
[2023.02.19-17.51.00:160][  0]LogConfig: Setting CVar [[r.AmbientOcclusionMipLevelFactor:0.4]]
[2023.02.19-17.51.00:160][  0]LogConfig: Setting CVar [[r.AmbientOcclusionMaxQuality:100]]
[2023.02.19-17.51.00:160][  0]LogConfig: Setting CVar [[r.AmbientOcclusionLevels:-1]]
[2023.02.19-17.51.00:160][  0]LogConfig: Setting CVar [[r.AmbientOcclusionRadiusScale:1.0]]
[2023.02.19-17.51.00:160][  0]LogConfig: Setting CVar [[r.DepthOfFieldQuality:2]]
[2023.02.19-17.51.00:160][  0]LogConfig: Setting CVar [[r.RenderTargetPoolMin:400]]
[2023.02.19-17.51.00:160][  0]LogConfig: Setting CVar [[r.LensFlareQuality:2]]
[2023.02.19-17.51.00:160][  0]LogConfig: Setting CVar [[r.SceneColorFringeQuality:1]]
[2023.02.19-17.51.00:160][  0]LogConfig: Setting CVar [[r.EyeAdaptationQuality:2]]
[2023.02.19-17.51.00:160][  0]LogConfig: Setting CVar [[r.BloomQuality:5]]
[2023.02.19-17.51.00:160][  0]LogConfig: Setting CVar [[r.FastBlurThreshold:100]]
[2023.02.19-17.51.00:160][  0]LogConfig: Setting CVar [[r.Upscale.Quality:3]]
[2023.02.19-17.51.00:160][  0]LogConfig: Setting CVar [[r.Tonemapper.GrainQuantization:1]]
[2023.02.19-17.51.00:160][  0]LogConfig: Setting CVar [[r.LightShaftQuality:1]]
[2023.02.19-17.51.00:160][  0]LogConfig: Setting CVar [[r.Filter.SizeScale:1]]
[2023.02.19-17.51.00:160][  0]LogConfig: Setting CVar [[r.Tonemapper.Quality:5]]
[2023.02.19-17.51.00:160][  0]LogConfig: Setting CVar [[r.DOF.Gather.AccumulatorQuality:1        ; higher gathering accumulator quality]]
[2023.02.19-17.51.00:160][  0]LogConfig: Setting CVar [[r.DOF.Gather.PostfilterMethod:1          ; Median3x3 postfilering method]]
[2023.02.19-17.51.00:160][  0]LogConfig: Setting CVar [[r.DOF.Gather.EnableBokehSettings:0       ; no bokeh simulation when gathering]]
[2023.02.19-17.51.00:160][  0]LogConfig: Setting CVar [[r.DOF.Gather.RingCount:4                 ; medium number of samples when gathering]]
[2023.02.19-17.51.00:160][  0]LogConfig: Setting CVar [[r.DOF.Scatter.ForegroundCompositing:1    ; additive foreground scattering]]
[2023.02.19-17.51.00:160][  0]LogConfig: Setting CVar [[r.DOF.Scatter.BackgroundCompositing:2    ; additive background scattering]]
[2023.02.19-17.51.00:160][  0]LogConfig: Setting CVar [[r.DOF.Scatter.EnableBokehSettings:1      ; bokeh simulation when scattering]]
[2023.02.19-17.51.00:160][  0]LogConfig: Setting CVar [[r.DOF.Scatter.MaxSpriteRatio:0.1         ; only a maximum of 10% of scattered bokeh]]
[2023.02.19-17.51.00:160][  0]LogConfig: Setting CVar [[r.DOF.Recombine.Quality:1                ; cheap slight out of focus]]
[2023.02.19-17.51.00:160][  0]LogConfig: Setting CVar [[r.DOF.Recombine.EnableBokehSettings:0    ; no bokeh simulation on slight out of focus]]
[2023.02.19-17.51.00:160][  0]LogConfig: Setting CVar [[r.DOF.TemporalAAQuality:1                ; more stable temporal accumulation]]
[2023.02.19-17.51.00:161][  0]LogConfig: Setting CVar [[r.DOF.Kernel.MaxForegroundRadius:0.025]]
[2023.02.19-17.51.00:161][  0]LogConfig: Setting CVar [[r.DOF.Kernel.MaxBackgroundRadius:0.025]]
[2023.02.19-17.51.00:161][  0]LogConfig: Applying CVar settings from Section [TextureQuality@3] File [D:/Zack's Portfolio (up-to-date)/Breaker/Saved/Config/Windows/Scalability.ini]
[2023.02.19-17.51.00:161][  0]LogConfig: Setting CVar [[r.Streaming.MipBias:0]]
[2023.02.19-17.51.00:161][  0]LogConfig: Setting CVar [[r.Streaming.AmortizeCPUToGPUCopy:0]]
[2023.02.19-17.51.00:161][  0]LogConfig: Setting CVar [[r.Streaming.MaxNumTexturesToStreamPerFrame:0]]
[2023.02.19-17.51.00:161][  0]LogConfig: Setting CVar [[r.Streaming.Boost:1]]
[2023.02.19-17.51.00:161][  0]LogConfig: Setting CVar [[r.MaxAnisotropy:8]]
[2023.02.19-17.51.00:161][  0]LogConfig: Setting CVar [[r.VT.MaxAnisotropy:8]]
[2023.02.19-17.51.00:161][  0]LogConfig: Setting CVar [[r.Streaming.LimitPoolSizeToVRAM:0]]
[2023.02.19-17.51.00:161][  0]LogConfig: Setting CVar [[r.Streaming.PoolSize:1000]]
[2023.02.19-17.51.00:161][  0]LogConfig: Setting CVar [[r.Streaming.MaxEffectiveScreenSize:0]]
[2023.02.19-17.51.00:161][  0]LogConfig: Applying CVar settings from Section [EffectsQuality@3] File [D:/Zack's Portfolio (up-to-date)/Breaker/Saved/Config/Windows/Scalability.ini]
[2023.02.19-17.51.00:161][  0]LogConfig: Setting CVar [[r.TranslucencyLightingVolumeDim:64]]
[2023.02.19-17.51.00:161][  0]LogConfig: Setting CVar [[r.RefractionQuality:2]]
[2023.02.19-17.51.00:161][  0]LogConfig: Setting CVar [[r.SSR.Quality:3]]
[2023.02.19-17.51.00:161][  0]LogConfig: Setting CVar [[r.SSR.HalfResSceneColor:0]]
[2023.02.19-17.51.00:161][  0]LogConfig: Setting CVar [[r.SceneColorFormat:4]]
[2023.02.19-17.51.00:161][  0]LogConfig: Setting CVar [[r.DetailMode:2]]
[2023.02.19-17.51.00:161][  0]LogConfig: Setting CVar [[r.TranslucencyVolumeBlur:1]]
[2023.02.19-17.51.00:161][  0]LogConfig: Setting CVar [[r.MaterialQualityLevel:1 ; High quality]]
[2023.02.19-17.51.00:161][  0]LogConfig: Setting CVar [[r.AnisotropicMaterials:1]]
[2023.02.19-17.51.00:161][  0]LogConfig: Setting CVar [[r.SSS.Scale:1]]
[2023.02.19-17.51.00:161][  0]LogConfig: Setting CVar [[r.SSS.SampleSet:2]]
[2023.02.19-17.51.00:161][  0]LogConfig: Setting CVar [[r.SSS.Quality:1]]
[2023.02.19-17.51.00:161][  0]LogConfig: Setting CVar [[r.SSS.HalfRes:0]]
[2023.02.19-17.51.00:161][  0]LogConfig: Setting CVar [[r.SSGI.Quality:3]]
[2023.02.19-17.51.00:161][  0]LogConfig: Setting CVar [[r.EmitterSpawnRateScale:1.0]]
[2023.02.19-17.51.00:161][  0]LogConfig: Setting CVar [[r.ParticleLightQuality:2]]
[2023.02.19-17.51.00:161][  0]LogConfig: Setting CVar [[r.SkyAtmosphere.AerialPerspectiveLUT.FastApplyOnOpaque:1 ; Always have FastSkyLUT 1 in this case to avoid wrong sky]]
[2023.02.19-17.51.00:161][  0]LogConfig: Setting CVar [[r.SkyAtmosphere.AerialPerspectiveLUT.SampleCountMaxPerSlice:4]]
[2023.02.19-17.51.00:161][  0]LogConfig: Setting CVar [[r.SkyAtmosphere.AerialPerspectiveLUT.DepthResolution:16.0]]
[2023.02.19-17.51.00:161][  0]LogConfig: Setting CVar [[r.SkyAtmosphere.FastSkyLUT:1]]
[2023.02.19-17.51.00:161][  0]LogConfig: Setting CVar [[r.SkyAtmosphere.FastSkyLUT.SampleCountMin:4.0]]
[2023.02.19-17.51.00:161][  0]LogConfig: Setting CVar [[r.SkyAtmosphere.FastSkyLUT.SampleCountMax:128.0]]
[2023.02.19-17.51.00:161][  0]LogConfig: Setting CVar [[r.SkyAtmosphere.SampleCountMin:4.0]]
[2023.02.19-17.51.00:162][  0]LogConfig: Setting CVar [[r.SkyAtmosphere.SampleCountMax:128.0]]
[2023.02.19-17.51.00:162][  0]LogConfig: Setting CVar [[r.SkyAtmosphere.TransmittanceLUT.UseSmallFormat:0]]
[2023.02.19-17.51.00:162][  0]LogConfig: Setting CVar [[r.SkyAtmosphere.TransmittanceLUT.SampleCount:10.0]]
[2023.02.19-17.51.00:162][  0]LogConfig: Setting CVar [[r.SkyAtmosphere.MultiScatteringLUT.SampleCount:15.0]]
[2023.02.19-17.51.00:162][  0]LogConfig: Setting CVar [[r.SkyLight.RealTimeReflectionCapture:1]]
[2023.02.19-17.51.00:162][  0]LogConfig: Applying CVar settings from Section [FoliageQuality@3] File [D:/Zack's Portfolio (up-to-date)/Breaker/Saved/Config/Windows/Scalability.ini]
[2023.02.19-17.51.00:162][  0]LogConfig: Setting CVar [[foliage.DensityScale:1.0]]
[2023.02.19-17.51.00:162][  0]LogConfig: Setting CVar [[grass.DensityScale:1.0]]
[2023.02.19-17.51.00:162][  0]LogConfig: Applying CVar settings from Section [ShadingQuality@3] File [D:/Zack's Portfolio (up-to-date)/Breaker/Saved/Config/Windows/Scalability.ini]
[2023.02.19-17.51.00:162][  0]LogConfig: Setting CVar [[r.HairStrands.SkyLighting.IntegrationType:2]]
[2023.02.19-17.51.00:162][  0]LogConfig: Setting CVar [[r.HairStrands.SkyAO.SampleCount:4]]
[2023.02.19-17.51.00:162][  0]LogConfig: Setting CVar [[r.HairStrands.Visibility.MSAA.SamplePerPixel:4]]
[2023.02.19-17.51.00:162][  0]LogInit: Selected Device Profile: [Windows]
[2023.02.19-17.51.00:162][  0]LogInit: Applying CVar settings loaded from the selected device profile: [Windows]
[2023.02.19-17.51.00:162][  0]LogHAL: Display: Platform has ~ 16 GB [17119625216 / 17179869184 / 16], which maps to Larger [LargestMinGB=32, LargerMinGB=12, DefaultMinGB=8, SmallerMinGB=6, SmallestMinGB=0)
[2023.02.19-17.51.00:162][  0]LogInit: Going up to parent DeviceProfile []
[2023.02.19-17.51.00:162][  0]LogConfig: Applying CVar settings from Section [ViewDistanceQuality@3] File [D:/Zack's Portfolio (up-to-date)/Breaker/Saved/Config/Windows/Scalability.ini]
[2023.02.19-17.51.00:162][  0]LogConfig: Setting CVar [[r.SkeletalMeshLODBias:0]]
[2023.02.19-17.51.00:162][  0]LogConfig: Setting CVar [[r.ViewDistanceScale:1.0]]
[2023.02.19-17.51.00:162][  0]LogConfig: Applying CVar settings from Section [AntiAliasingQuality@3] File [D:/Zack's Portfolio (up-to-date)/Breaker/Saved/Config/Windows/Scalability.ini]
[2023.02.19-17.51.00:162][  0]LogConfig: Setting CVar [[r.PostProcessAAQuality:4]]
[2023.02.19-17.51.00:162][  0]LogConfig: Applying CVar settings from Section [ShadowQuality@3] File [D:/Zack's Portfolio (up-to-date)/Breaker/Saved/Config/Windows/Scalability.ini]
[2023.02.19-17.51.00:162][  0]LogConfig: Setting CVar [[r.LightFunctionQuality:1]]
[2023.02.19-17.51.00:162][  0]LogConfig: Setting CVar [[r.ShadowQuality:5]]
[2023.02.19-17.51.00:162][  0]LogConfig: Setting CVar [[r.Shadow.CSM.MaxCascades:10]]
[2023.02.19-17.51.00:162][  0]LogConfig: Setting CVar [[r.Shadow.MaxResolution:2048]]
[2023.02.19-17.51.00:162][  0]LogConfig: Setting CVar [[r.Shadow.MaxCSMResolution:2048]]
[2023.02.19-17.51.00:162][  0]LogConfig: Setting CVar [[r.Shadow.RadiusThreshold:0.01]]
[2023.02.19-17.51.00:162][  0]LogConfig: Setting CVar [[r.Shadow.DistanceScale:1.0]]
[2023.02.19-17.51.00:162][  0]LogConfig: Setting CVar [[r.Shadow.CSM.TransitionScale:1.0]]
[2023.02.19-17.51.00:162][  0]LogConfig: Setting CVar [[r.Shadow.PreShadowResolutionFactor:1.0]]
[2023.02.19-17.51.00:162][  0]LogConfig: Setting CVar [[r.DistanceFieldShadowing:1]]
[2023.02.19-17.51.00:163][  0]LogConfig: Setting CVar [[r.DistanceFieldAO:1]]
[2023.02.19-17.51.00:163][  0]LogConfig: Setting CVar [[r.AOQuality:2]]
[2023.02.19-17.51.00:163][  0]LogConfig: Setting CVar [[r.VolumetricFog:1]]
[2023.02.19-17.51.00:163][  0]LogConfig: Setting CVar [[r.VolumetricFog.GridPixelSize:8]]
[2023.02.19-17.51.00:163][  0]LogConfig: Setting CVar [[r.VolumetricFog.GridSizeZ:128]]
[2023.02.19-17.51.00:163][  0]LogConfig: Setting CVar [[r.VolumetricFog.HistoryMissSupersampleCount:4]]
[2023.02.19-17.51.00:163][  0]LogConfig: Setting CVar [[r.LightMaxDrawDistanceScale:1]]
[2023.02.19-17.51.00:163][  0]LogConfig: Setting CVar [[r.CapsuleShadows:1]]
[2023.02.19-17.51.00:163][  0]LogConfig: Applying CVar settings from Section [PostProcessQuality@3] File [D:/Zack's Portfolio (up-to-date)/Breaker/Saved/Config/Windows/Scalability.ini]
[2023.02.19-17.51.00:163][  0]LogConfig: Setting CVar [[r.MotionBlurQuality:4]]
[2023.02.19-17.51.00:163][  0]LogConfig: Setting CVar [[r.AmbientOcclusionMipLevelFactor:0.4]]
[2023.02.19-17.51.00:163][  0]LogConfig: Setting CVar [[r.AmbientOcclusionMaxQuality:100]]
[2023.02.19-17.51.00:163][  0]LogConfig: Setting CVar [[r.AmbientOcclusionLevels:-1]]
[2023.02.19-17.51.00:163][  0]LogConfig: Setting CVar [[r.AmbientOcclusionRadiusScale:1.0]]
[2023.02.19-17.51.00:163][  0]LogConfig: Setting CVar [[r.DepthOfFieldQuality:2]]
[2023.02.19-17.51.00:163][  0]LogConfig: Setting CVar [[r.RenderTargetPoolMin:400]]
[2023.02.19-17.51.00:163][  0]LogConfig: Setting CVar [[r.LensFlareQuality:2]]
[2023.02.19-17.51.00:163][  0]LogConfig: Setting CVar [[r.SceneColorFringeQuality:1]]
[2023.02.19-17.51.00:163][  0]LogConfig: Setting CVar [[r.EyeAdaptationQuality:2]]
[2023.02.19-17.51.00:163][  0]LogConfig: Setting CVar [[r.BloomQuality:5]]
[2023.02.19-17.51.00:163][  0]LogConfig: Setting CVar [[r.FastBlurThreshold:100]]
[2023.02.19-17.51.00:163][  0]LogConfig: Setting CVar [[r.Upscale.Quality:3]]
[2023.02.19-17.51.00:163][  0]LogConfig: Setting CVar [[r.Tonemapper.GrainQuantization:1]]
[2023.02.19-17.51.00:163][  0]LogConfig: Setting CVar [[r.LightShaftQuality:1]]
[2023.02.19-17.51.00:163][  0]LogConfig: Setting CVar [[r.Filter.SizeScale:1]]
[2023.02.19-17.51.00:163][  0]LogConfig: Setting CVar [[r.Tonemapper.Quality:5]]
[2023.02.19-17.51.00:163][  0]LogConfig: Setting CVar [[r.DOF.Gather.AccumulatorQuality:1        ; higher gathering accumulator quality]]
[2023.02.19-17.51.00:163][  0]LogConfig: Setting CVar [[r.DOF.Gather.PostfilterMethod:1          ; Median3x3 postfilering method]]
[2023.02.19-17.51.00:163][  0]LogConfig: Setting CVar [[r.DOF.Gather.EnableBokehSettings:0       ; no bokeh simulation when gathering]]
[2023.02.19-17.51.00:163][  0]LogConfig: Setting CVar [[r.DOF.Gather.RingCount:4                 ; medium number of samples when gathering]]
[2023.02.19-17.51.00:163][  0]LogConfig: Setting CVar [[r.DOF.Scatter.ForegroundCompositing:1    ; additive foreground scattering]]
[2023.02.19-17.51.00:163][  0]LogConfig: Setting CVar [[r.DOF.Scatter.BackgroundCompositing:2    ; additive background scattering]]
[2023.02.19-17.51.00:163][  0]LogConfig: Setting CVar [[r.DOF.Scatter.EnableBokehSettings:1      ; bokeh simulation when scattering]]
[2023.02.19-17.51.00:163][  0]LogConfig: Setting CVar [[r.DOF.Scatter.MaxSpriteRatio:0.1         ; only a maximum of 10% of scattered bokeh]]
[2023.02.19-17.51.00:163][  0]LogConfig: Setting CVar [[r.DOF.Recombine.Quality:1                ; cheap slight out of focus]]
[2023.02.19-17.51.00:163][  0]LogConfig: Setting CVar [[r.DOF.Recombine.EnableBokehSettings:0    ; no bokeh simulation on slight out of focus]]
[2023.02.19-17.51.00:164][  0]LogConfig: Setting CVar [[r.DOF.TemporalAAQuality:1                ; more stable temporal accumulation]]
[2023.02.19-17.51.00:164][  0]LogConfig: Setting CVar [[r.DOF.Kernel.MaxForegroundRadius:0.025]]
[2023.02.19-17.51.00:164][  0]LogConfig: Setting CVar [[r.DOF.Kernel.MaxBackgroundRadius:0.025]]
[2023.02.19-17.51.00:164][  0]LogConfig: Applying CVar settings from Section [TextureQuality@3] File [D:/Zack's Portfolio (up-to-date)/Breaker/Saved/Config/Windows/Scalability.ini]
[2023.02.19-17.51.00:164][  0]LogConfig: Setting CVar [[r.Streaming.MipBias:0]]
[2023.02.19-17.51.00:164][  0]LogConfig: Setting CVar [[r.Streaming.AmortizeCPUToGPUCopy:0]]
[2023.02.19-17.51.00:164][  0]LogConfig: Setting CVar [[r.Streaming.MaxNumTexturesToStreamPerFrame:0]]
[2023.02.19-17.51.00:164][  0]LogConfig: Setting CVar [[r.Streaming.Boost:1]]
[2023.02.19-17.51.00:164][  0]LogConfig: Setting CVar [[r.MaxAnisotropy:8]]
[2023.02.19-17.51.00:164][  0]LogConfig: Setting CVar [[r.VT.MaxAnisotropy:8]]
[2023.02.19-17.51.00:164][  0]LogConfig: Setting CVar [[r.Streaming.LimitPoolSizeToVRAM:0]]
[2023.02.19-17.51.00:164][  0]LogConfig: Setting CVar [[r.Streaming.PoolSize:1000]]
[2023.02.19-17.51.00:164][  0]LogConfig: Setting CVar [[r.Streaming.MaxEffectiveScreenSize:0]]
[2023.02.19-17.51.00:164][  0]LogConfig: Applying CVar settings from Section [EffectsQuality@3] File [D:/Zack's Portfolio (up-to-date)/Breaker/Saved/Config/Windows/Scalability.ini]
[2023.02.19-17.51.00:164][  0]LogConfig: Setting CVar [[r.TranslucencyLightingVolumeDim:64]]
[2023.02.19-17.51.00:164][  0]LogConfig: Setting CVar [[r.RefractionQuality:2]]
[2023.02.19-17.51.00:164][  0]LogConfig: Setting CVar [[r.SSR.Quality:3]]
[2023.02.19-17.51.00:164][  0]LogConfig: Setting CVar [[r.SSR.HalfResSceneColor:0]]
[2023.02.19-17.51.00:164][  0]LogConfig: Setting CVar [[r.SceneColorFormat:4]]
[2023.02.19-17.51.00:164][  0]LogConfig: Setting CVar [[r.DetailMode:2]]
[2023.02.19-17.51.00:164][  0]LogConfig: Setting CVar [[r.TranslucencyVolumeBlur:1]]
[2023.02.19-17.51.00:164][  0]LogConfig: Setting CVar [[r.MaterialQualityLevel:1 ; High quality]]
[2023.02.19-17.51.00:164][  0]LogConfig: Setting CVar [[r.AnisotropicMaterials:1]]
[2023.02.19-17.51.00:164][  0]LogConfig: Setting CVar [[r.SSS.Scale:1]]
[2023.02.19-17.51.00:164][  0]LogConfig: Setting CVar [[r.SSS.SampleSet:2]]
[2023.02.19-17.51.00:164][  0]LogConfig: Setting CVar [[r.SSS.Quality:1]]
[2023.02.19-17.51.00:164][  0]LogConfig: Setting CVar [[r.SSS.HalfRes:0]]
[2023.02.19-17.51.00:164][  0]LogConfig: Setting CVar [[r.SSGI.Quality:3]]
[2023.02.19-17.51.00:164][  0]LogConfig: Setting CVar [[r.EmitterSpawnRateScale:1.0]]
[2023.02.19-17.51.00:164][  0]LogConfig: Setting CVar [[r.ParticleLightQuality:2]]
[2023.02.19-17.51.00:164][  0]LogConfig: Setting CVar [[r.SkyAtmosphere.AerialPerspectiveLUT.FastApplyOnOpaque:1 ; Always have FastSkyLUT 1 in this case to avoid wrong sky]]
[2023.02.19-17.51.00:164][  0]LogConfig: Setting CVar [[r.SkyAtmosphere.AerialPerspectiveLUT.SampleCountMaxPerSlice:4]]
[2023.02.19-17.51.00:164][  0]LogConfig: Setting CVar [[r.SkyAtmosphere.AerialPerspectiveLUT.DepthResolution:16.0]]
[2023.02.19-17.51.00:164][  0]LogConfig: Setting CVar [[r.SkyAtmosphere.FastSkyLUT:1]]
[2023.02.19-17.51.00:164][  0]LogConfig: Setting CVar [[r.SkyAtmosphere.FastSkyLUT.SampleCountMin:4.0]]
[2023.02.19-17.51.00:164][  0]LogConfig: Setting CVar [[r.SkyAtmosphere.FastSkyLUT.SampleCountMax:128.0]]
[2023.02.19-17.51.00:165][  0]LogConfig: Setting CVar [[r.SkyAtmosphere.SampleCountMin:4.0]]
[2023.02.19-17.51.00:165][  0]LogConfig: Setting CVar [[r.SkyAtmosphere.SampleCountMax:128.0]]
[2023.02.19-17.51.00:165][  0]LogConfig: Setting CVar [[r.SkyAtmosphere.TransmittanceLUT.UseSmallFormat:0]]
[2023.02.19-17.51.00:165][  0]LogConfig: Setting CVar [[r.SkyAtmosphere.TransmittanceLUT.SampleCount:10.0]]
[2023.02.19-17.51.00:165][  0]LogConfig: Setting CVar [[r.SkyAtmosphere.MultiScatteringLUT.SampleCount:15.0]]
[2023.02.19-17.51.00:165][  0]LogConfig: Setting CVar [[r.SkyLight.RealTimeReflectionCapture:1]]
[2023.02.19-17.51.00:165][  0]LogConfig: Applying CVar settings from Section [FoliageQuality@3] File [D:/Zack's Portfolio (up-to-date)/Breaker/Saved/Config/Windows/Scalability.ini]
[2023.02.19-17.51.00:165][  0]LogConfig: Setting CVar [[foliage.DensityScale:1.0]]
[2023.02.19-17.51.00:165][  0]LogConfig: Setting CVar [[grass.DensityScale:1.0]]
[2023.02.19-17.51.00:165][  0]LogConfig: Applying CVar settings from Section [ShadingQuality@3] File [D:/Zack's Portfolio (up-to-date)/Breaker/Saved/Config/Windows/Scalability.ini]
[2023.02.19-17.51.00:165][  0]LogConfig: Setting CVar [[r.HairStrands.SkyLighting.IntegrationType:2]]
[2023.02.19-17.51.00:165][  0]LogConfig: Setting CVar [[r.HairStrands.SkyAO.SampleCount:4]]
[2023.02.19-17.51.00:165][  0]LogConfig: Setting CVar [[r.HairStrands.Visibility.MSAA.SamplePerPixel:4]]
[2023.02.19-17.51.00:165][  0]LogConfig: Applying CVar settings from Section [Startup] File [../../../Engine/Config/ConsoleVariables.ini]
[2023.02.19-17.51.00:165][  0]LogConfig: Setting CVar [[net.UseAdaptiveNetUpdateFrequency:0]]
[2023.02.19-17.51.00:165][  0]LogConfig: Setting CVar [[p.chaos.AllowCreatePhysxBodies:1]]
[2023.02.19-17.51.00:165][  0]LogConfig: Setting CVar [[fx.SkipVectorVMBackendOptimizations:1]]
[2023.02.19-17.51.00:165][  0]LogConfig: Applying CVar settings from Section [ConsoleVariables] File [D:/Zack's Portfolio (up-to-date)/Breaker/Saved/Config/Windows/Engine.ini]
[2023.02.19-17.51.00:165][  0]LogConfig: Applying CVar settings from Section [ConsoleVariables] File [D:/Zack's Portfolio (up-to-date)/Breaker/Saved/Config/Windows/Editor.ini]
[2023.02.19-17.51.00:165][  0]LogInit: Computer: DESKTOP-R57RUMI
[2023.02.19-17.51.00:165][  0]LogInit: User: beyon
[2023.02.19-17.51.00:165][  0]LogInit: CPU Page size=4096, Cores=6
[2023.02.19-17.51.00:165][  0]LogInit: High frequency timer resolution =10.000000 MHz
[2023.02.19-17.51.00:165][  0]LogMemory: Memory total: Physical=15.9GB (16GB approx)
[2023.02.19-17.51.00:166][  0]LogMemory: Platform Memory Stats for Windows
[2023.02.19-17.51.00:166][  0]LogMemory: Process Physical Memory: 140.98 MB used, 140.99 MB peak
[2023.02.19-17.51.00:166][  0]LogMemory: Process Virtual Memory: 111.89 MB used, 111.89 MB peak
[2023.02.19-17.51.00:166][  0]LogMemory: Physical Memory: 9924.78 MB used,  6401.77 MB free, 16326.55 MB total
[2023.02.19-17.51.00:166][  0]LogMemory: Virtual Memory: 134214416.00 MB used,  3308.73 MB free, 134217728.00 MB total
[2023.02.19-17.51.00:172][  0]LogWindows: WindowsPlatformFeatures enabled
[2023.02.19-17.51.02:503][  0]LogInit: Physics initialised using underlying interface: PhysX
[2023.02.19-17.51.02:523][  0]LogInit: Using OS detected language (en-GB).
[2023.02.19-17.51.02:523][  0]LogInit: Using OS detected locale (en-GB).
[2023.02.19-17.51.02:874][  0]LogTextLocalizationManager: No specific localization for 'en-GB' exists, so the 'en' localization will be used.
[2023.02.19-17.51.04:823][  0]LogInit: Setting process to per monitor DPI aware
[2023.02.19-17.51.04:940][  0]LogWindowsTextInputMethodSystem: Display: IME system deactivated.
[2023.02.19-17.51.05:078][  0]LogSlate: New Slate User Created.  User Index 0, Is Virtual User: 0
[2023.02.19-17.51.05:078][  0]LogSlate: Slate User Registered.  User Index 0, Is Virtual User: 0
[2023.02.19-17.51.06:032][  0]LogD3D11RHI: Loaded GFSDK_Aftermath_Lib.x64.dll
[2023.02.19-17.51.06:051][  0]LogHMD: Failed to initialize OpenVR with code 110
[2023.02.19-17.51.06:051][  0]LogD3D11RHI: D3D11 min allowed feature level: 11_0
[2023.02.19-17.51.06:051][  0]LogD3D11RHI: D3D11 max allowed feature level: 11_0
[2023.02.19-17.51.06:051][  0]LogD3D11RHI: D3D11 adapters:
[2023.02.19-17.51.06:177][  0]LogD3D11RHI:    0. 'NVIDIA GeForce GTX 1660 SUPER' (Feature Level 11_0)
[2023.02.19-17.51.06:177][  0]LogD3D11RHI:       5980/0/8163 MB DedicatedVideo/DedicatedSystem/SharedSystem, Outputs:2, VendorId:0x10de
[2023.02.19-17.51.06:185][  0]LogD3D11RHI:    1. 'Microsoft Basic Render Driver' (Feature Level 11_0)
[2023.02.19-17.51.06:185][  0]LogD3D11RHI:       0/0/8163 MB DedicatedVideo/DedicatedSystem/SharedSystem, Outputs:0, VendorId:0x1414
[2023.02.19-17.51.06:185][  0]LogD3D11RHI: Chosen D3D11 Adapter:
[2023.02.19-17.51.06:185][  0]LogD3D11RHI:     Description : NVIDIA GeForce GTX 1660 SUPER
[2023.02.19-17.51.06:185][  0]LogD3D11RHI:     VendorId    : 10de
[2023.02.19-17.51.06:185][  0]LogD3D11RHI:     DeviceId    : 21c4
[2023.02.19-17.51.06:185][  0]LogD3D11RHI:     SubSysId    : 40121458
[2023.02.19-17.51.06:185][  0]LogD3D11RHI:     Revision    : 00a1
[2023.02.19-17.51.06:185][  0]LogD3D11RHI:     DedicatedVideoMemory : 6270484480 bytes
[2023.02.19-17.51.06:186][  0]LogD3D11RHI:     DedicatedSystemMemory : 0 bytes
[2023.02.19-17.51.06:186][  0]LogD3D11RHI:     SharedSystemMemory : 8559812608 bytes
[2023.02.19-17.51.06:186][  0]LogD3D11RHI:     AdapterLuid : 0 51081
[2023.02.19-17.51.06:190][  0]LogD3D11RHI: Creating new Direct3DDevice
[2023.02.19-17.51.06:190][  0]LogD3D11RHI:     GPU DeviceId: 0x21c4 (for the marketing name, search the web for "GPU Device Id")
[2023.02.19-17.51.06:190][  0]LogWindows: EnumDisplayDevices:
[2023.02.19-17.51.06:190][  0]LogWindows:    0. 'NVIDIA GeForce GTX 1660 SUPER' (P:1 D:1)
[2023.02.19-17.51.06:191][  0]LogWindows:    1. 'NVIDIA GeForce GTX 1660 SUPER' (P:0 D:1)
[2023.02.19-17.51.06:191][  0]LogWindows:    2. 'NVIDIA GeForce GTX 1660 SUPER' (P:0 D:0)
[2023.02.19-17.51.06:191][  0]LogWindows:    3. 'NVIDIA GeForce GTX 1660 SUPER' (P:0 D:0)
[2023.02.19-17.51.06:191][  0]LogWindows: DebugString: FoundDriverCount:4 
[2023.02.19-17.51.06:191][  0]LogD3D11RHI:     Adapter Name: NVIDIA GeForce GTX 1660 SUPER
[2023.02.19-17.51.06:191][  0]LogD3D11RHI:   Driver Version: 528.24 (internal:31.0.15.2824, unified:528.24)
[2023.02.19-17.51.06:191][  0]LogD3D11RHI:      Driver Date: 1-15-2023
[2023.02.19-17.51.06:191][  0]LogRHI: Texture pool is 4186 MB (70% of 5980 MB)
[2023.02.19-17.51.06:192][  0]LogD3D11RHI: Creating D3DDevice using adapter:
[2023.02.19-17.51.06:192][  0]LogD3D11RHI:     Description : NVIDIA GeForce GTX 1660 SUPER
[2023.02.19-17.51.06:192][  0]LogD3D11RHI:     VendorId    : 10de
[2023.02.19-17.51.06:192][  0]LogD3D11RHI:     DeviceId    : 21c4
[2023.02.19-17.51.06:192][  0]LogD3D11RHI:     SubSysId    : 40121458
[2023.02.19-17.51.06:192][  0]LogD3D11RHI:     Revision    : 00a1
[2023.02.19-17.51.06:192][  0]LogD3D11RHI:     DedicatedVideoMemory : 6270484480 bytes
[2023.02.19-17.51.06:192][  0]LogD3D11RHI:     DedicatedSystemMemory : 0 bytes
[2023.02.19-17.51.06:192][  0]LogD3D11RHI:     SharedSystemMemory : 8559812608 bytes
[2023.02.19-17.51.06:192][  0]LogD3D11RHI:     AdapterLuid : 0 51081
[2023.02.19-17.51.06:272][  0]LogD3D11RHI: RHI has support for 64 bit atomics
[2023.02.19-17.51.06:272][  0]LogD3D11RHI: Async texture creation enabled
[2023.02.19-17.51.06:272][  0]LogD3D11RHI: Array index from any shader is supported
[2023.02.19-17.51.06:287][  0]LogD3D11RHI: GPU Timing Frequency: 1000.000000 (Debug: 2 1)
[2023.02.19-17.51.06:405][  0]LogRHI: GeForceNow SDK initialized: 1
[2023.02.19-17.51.06:694][  0]LogTargetPlatformManager: Display: Loaded TargetPlatform 'AllDesktop'
[2023.02.19-17.51.06:720][  0]LogTargetPlatformManager: Display: Loaded TargetPlatform 'Android'
[2023.02.19-17.51.06:720][  0]LogTargetPlatformManager: Display: Loaded TargetPlatform 'Android_ASTC'
[2023.02.19-17.51.06:720][  0]LogTargetPlatformManager: Display: Loaded TargetPlatform 'Android_DXT'
[2023.02.19-17.51.06:720][  0]LogTargetPlatformManager: Display: Loaded TargetPlatform 'Android_ETC2'
[2023.02.19-17.51.06:720][  0]LogTargetPlatformManager: Display: Loaded TargetPlatform 'AndroidClient'
[2023.02.19-17.51.06:720][  0]LogTargetPlatformManager: Display: Loaded TargetPlatform 'Android_ASTCClient'
[2023.02.19-17.51.06:720][  0]LogTargetPlatformManager: Display: Loaded TargetPlatform 'Android_DXTClient'
[2023.02.19-17.51.06:720][  0]LogTargetPlatformManager: Display: Loaded TargetPlatform 'Android_ETC2Client'
[2023.02.19-17.51.06:720][  0]LogTargetPlatformManager: Display: Loaded TargetPlatform 'Android_Multi'
[2023.02.19-17.51.06:720][  0]LogTargetPlatformManager: Display: Loaded TargetPlatform 'Android_MultiClient'
[2023.02.19-17.51.06:805][  0]LogTargetPlatformManager: Display: Loaded TargetPlatform 'IOSClient'
[2023.02.19-17.51.06:805][  0]LogTargetPlatformManager: Display: Loaded TargetPlatform 'IOS'
[2023.02.19-17.51.06:848][  0]LogTargetPlatformManager: Display: Loaded TargetPlatform 'Linux'
[2023.02.19-17.51.06:866][  0]LogTargetPlatformManager: Display: Loaded TargetPlatform 'LinuxNoEditor'
[2023.02.19-17.51.06:882][  0]LogTargetPlatformManager: Display: Loaded TargetPlatform 'LinuxClient'
[2023.02.19-17.51.06:892][  0]LogTargetPlatformManager: Display: Loaded TargetPlatform 'LinuxServer'
[2023.02.19-17.51.06:910][  0]LogTargetPlatformManager: Display: Loaded TargetPlatform 'LinuxAArch64NoEditor'
[2023.02.19-17.51.06:929][  0]LogTargetPlatformManager: Display: Loaded TargetPlatform 'LinuxAArch64Client'
[2023.02.19-17.51.06:942][  0]LogTargetPlatformManager: Display: Loaded TargetPlatform 'LinuxAArch64Server'
[2023.02.19-17.51.06:979][  0]LogTargetPlatformManager: Display: Loaded TargetPlatform 'Lumin'
[2023.02.19-17.51.06:979][  0]LogTargetPlatformManager: Display: Loaded TargetPlatform 'LuminClient'
[2023.02.19-17.51.07:005][  0]LogTargetPlatformManager: Display: Loaded TargetPlatform 'MacNoEditor'
[2023.02.19-17.51.07:049][  0]LogTargetPlatformManager: Display: Loaded TargetPlatform 'Mac'
[2023.02.19-17.51.07:061][  0]LogTargetPlatformManager: Display: Loaded TargetPlatform 'MacClient'
[2023.02.19-17.51.07:081][  0]LogTargetPlatformManager: Display: Loaded TargetPlatform 'MacServer'
[2023.02.19-17.51.07:108][  0]LogTargetPlatformManager: Display: Loaded TargetPlatform 'TVOSClient'
[2023.02.19-17.51.07:108][  0]LogTargetPlatformManager: Display: Loaded TargetPlatform 'TVOS'
[2023.02.19-17.51.07:133][  0]LogTargetPlatformManager: Display: Loaded TargetPlatform 'WindowsNoEditor'
[2023.02.19-17.51.07:143][  0]LogTargetPlatformManager: Display: Loaded TargetPlatform 'Windows'
[2023.02.19-17.51.07:150][  0]LogTargetPlatformManager: Display: Loaded TargetPlatform 'WindowsClient'
[2023.02.19-17.51.07:162][  0]LogTargetPlatformManager: Display: Loaded TargetPlatform 'WindowsServer'
[2023.02.19-17.51.07:162][  0]LogTargetPlatformManager: Display: Building Assets For Windows
[2023.02.19-17.51.07:300][  0]LogAudioDebug: Display: Lib vorbis DLL was dynamically loaded.
[2023.02.19-17.51.07:643][  0]LogTextureFormatOodle: Display: Oodle Texture 2.9.0 init RDO Off
[2023.02.19-17.51.08:002][  0]LogRendererCore: Ray tracing is disabled. Reason: r.RayTracing=0.
[2023.02.19-17.51.08:002][  0]LogShaderCompilers: Guid format shader working directory is -4 characters bigger than the processId version (../../../../Zack's Portfolio (up-to-date)/Breaker/Intermediate/Shaders/WorkingDirectory/16496/).
[2023.02.19-17.51.08:002][  0]LogShaderCompilers: Cleaned the shader compiler working directory 'C:/Users/beyon/AppData/Local/Temp/UnrealShaderWorkingDir/8FA5389040D4043FBD22FEA4D1510873/'.
[2023.02.19-17.51.08:002][  0]LogXGEController: Cannot use XGE Controller as Incredibuild is not installed on this machine.
[2023.02.19-17.51.08:002][  0]LogShaderCompilers: Cannot use XGE Shader Compiler as Incredibuild is not installed on this machine.
[2023.02.19-17.51.08:002][  0]LogShaderCompilers: Display: Using Local Shader Compiler.
[2023.02.19-17.51.09:560][  0]LogDerivedDataCache: Display: Max Cache Size: 512 MB
[2023.02.19-17.51.09:757][  0]LogDerivedDataCache: Loaded boot cache 0.20s 94MB C:/Users/beyon/AppData/Local/UnrealEngine/4.27/DerivedDataCache/Boot.ddc.
[2023.02.19-17.51.09:757][  0]LogDerivedDataCache: Display: Loaded Boot cache: C:/Users/beyon/AppData/Local/UnrealEngine/4.27/DerivedDataCache/Boot.ddc
[2023.02.19-17.51.09:757][  0]LogDerivedDataCache: FDerivedDataBackendGraph:  Pak pak cache file ../../../../Zack's Portfolio (up-to-date)/Breaker/DerivedDataCache/DDC.ddp not found, will not use a pak cache.
[2023.02.19-17.51.09:757][  0]LogDerivedDataCache: Unable to find inner node Pak for hierarchical cache Hierarchy.
[2023.02.19-17.51.09:757][  0]LogDerivedDataCache: FDerivedDataBackendGraph:  CompressedPak pak cache file ../../../../Zack's Portfolio (up-to-date)/Breaker/DerivedDataCache/Compressed.ddp not found, will not use a pak cache.
[2023.02.19-17.51.09:758][  0]LogDerivedDataCache: Unable to find inner node CompressedPak for hierarchical cache Hierarchy.
[2023.02.19-17.51.09:789][  0]LogDerivedDataCache: Display: Pak cache opened for reading ../../../Engine/DerivedDataCache/Compressed.ddp.
[2023.02.19-17.51.09:789][  0]LogDerivedDataCache: FDerivedDataBackendGraph:  EnterprisePak pak cache file ../../../Enterprise/DerivedDataCache/Compressed.ddp not found, will not use a pak cache.
[2023.02.19-17.51.09:789][  0]LogDerivedDataCache: Unable to find inner node EnterprisePak for hierarchical cache Hierarchy.
[2023.02.19-17.51.09:804][  0]LogDerivedDataCache: Speed tests for C:/Users/beyon/AppData/Local/UnrealEngine/Common/DerivedDataCache took 0.01 seconds
[2023.02.19-17.51.09:805][  0]LogDerivedDataCache: Display: Performance to C:/Users/beyon/AppData/Local/UnrealEngine/Common/DerivedDataCache: Latency=0.03ms. RandomReadSpeed=113.27MBs, RandomWriteSpeed=175.16MBs. Assigned SpeedClass 'Local'
[2023.02.19-17.51.09:808][  0]LogDerivedDataCache: Using Local data cache path C:/Users/beyon/AppData/Local/UnrealEngine/Common/DerivedDataCache: Writable
[2023.02.19-17.51.09:808][  0]LogDerivedDataCache: Shared data cache path not found in *engine.ini, will not use an Shared cache.
[2023.02.19-17.51.09:808][  0]LogDerivedDataCache: Unable to find inner node Shared for hierarchical cache Hierarchy.
[2023.02.19-17.51.09:864][  0]LogSlate: Using FreeType 2.10.0
[2023.02.19-17.51.09:881][  0]LogSlate: SlateFontServices - WITH_FREETYPE: 1, WITH_HARFBUZZ: 1
[2023.02.19-17.51.10:646][  0]LogAssetRegistry: FAssetRegistry took 0.0048 seconds to start up
[2023.02.19-17.51.10:869][  0]LogInit: Selected Device Profile: [Windows]
[2023.02.19-17.51.10:869][  0]LogInit: Active device profile: [000001EF0F5ECC00][000001EF07EBE640 49] Windows
[2023.02.19-17.51.10:869][  0]LogInit: Profiles: [000001EF0F5ECC00][000001EF07EBE640 49] Windows, [000001EF0F5CA200][000001EF0E9D2780 49] WindowsNoEditor, [000001EF0F5EDA00][000001EF0E9D68C0 49] WindowsServer, [000001EF0F5CAF00][000001EF0E9DEA40 49] WindowsClient, [000001EF0F5EE600][000001EF0E9E2BC0 49] IOS, [000001EF0F5C8E00][000001EF0E9E6D40 49] iPadAir, [000001EF0F5ECA00][000001EF0E9EAEC0 49] iPadAir2, [000001EF0F578E00][000001EF0E9F3180 49] IPadPro, [000001EF0F578F00][000001EF0E9EF1C0 49] iPadAir3, [000001EF0F5CA300][000001EF0E9F7340 49] iPadAir4, [000001EF0F57B400][000001EF0E9FB4C0 49] iPadMini2, [000001EF0F5CB200][000001EF0E9FF640 49] iPadMini3, [000001EF0F57BA00][000001EF0EA037C0 49] iPadMini4, [000001EF0F5CB300][000001EF0EA07940 49] iPadMini5, [000001EF0F580800][000001EF01A15C00 49] iPhone6, [000001EF0F580900][000001EF0EA0A0C0 49] iPodTouch6, [000001EF0F5EF000][000001EF01A1C380 49] iPhone7, [000001EF0F5EF100][000001EF01A183C0 49] iPodTouch7, [000001EF0F57B000][000001EF01A20540 49] iPhone5S, [000001EF0F578600][000001EF01A246C0 49] iPhone6Plus, [000001EF0F582800][000001EF0E9DA800 49] iPhone6S, [000001EF0F579600][000001EF01A28940 49] iPhone6SPlus, [000001EF0F582600][000001EF01A2CA80 49] iPhone7Plus, [000001EF0F578800][000001EF01A30BC0 49] iPhoneSE, [000001EF0F582500][000001EF01A38D40 49] iPhone8, [000001EF0F579800][000001EF01A3CEC0 49] iPhone8Plus, [000001EF0F5EEA00][000001EF0FA21040 49] iPhoneX, [000001EF0F57AA00][000001EF0FA251C0 49] iPhoneXS, [000001EF0F5EED00][000001EF0FA29340 49] iPhoneXSMax, [000001EF0F578D00][000001EF0FA2D4C0 49] iPhoneXR, [000001EF0F5EC200][000001EF0FA31640 49] iPhone11, [000001EF0F57A400][000001EF0FA357C0 49] iPhone11Pro, [000001EF0F5ED100][000001EF0FA39940 49] iPhone11ProMax, [000001EF0F578100][000001EF0FA3DAC0 49] iPhoneSE2, [000001EF0F5ED600][000001EF0FA400C0 49] iPhone12Mini, [000001EF0F578A00][000001EF0FA44240 49] iPhone12, [000001EF0F5ED500][000001EF0FA483C0 49] iPhone12Pro, [000001EF0F579100][000001EF0FA4C540 49] iPhone12ProMax, [000001EF0F5EDD00][000001EF0FA506C0 49] iPadPro105, [000001EF0F579500][000001EF0FA54840 49] iPadPro129, [000001EF0F5EC600][000001EF01A34980 49] iPadPro97, [000001EF0F578700][000001EF0FA58AC0 49] iPadPro2_129, [000001EF0F5EFE00][000001EF0FA5CC00 49] iPad5, [000001EF0F579F00][000001EF0FA60D40 49] iPad6, [000001EF0F5EC800][000001EF0FA68EC0 49] iPad7, [000001EF0F57B700][000001EF0FA6D040 49] iPad8, [000001EF0F5EE400][000001EF0FA711C0 49] iPadPro11, [000001EF0F578300][000001EF0FA75340 49] iPadPro2_11, [000001EF0F5ECE00][000001EF0FA794C0 49] iPadPro3_129, [000001EF0F57BD00][000001EF0FA7D640 49] iPadPro4_129, [000001EF0F5EF600][000001EF0FA817C0 49] AppleTV, [000001EF0F57A000][000001EF0FA85940 49] AppleTV4K, [000001EF0F5EE500][000001EF0FA89AC0 49] TVOS, [000001EF0F57BB00][000001EF0FA8C0C0 49] Mac, [000001EF0F5EE000][000001EF0FA90240 49] MacClient, [000001EF0F57BC00][000001EF0FA943C0 49] MacNoEditor, [000001EF0F5EC100][000001EF0FA98540 49] MacServer, [000001EF0F579200][000001EF0FA9C6C0 49] Linux, [000001EF0F5EFB00][000001EF0FAA0840 49] LinuxAArch64, [000001EF0F578200][000001EF0FAA49C0 49] LinuxNoEditor, [000001EF0F5EDB00][000001EF0FAA8B40 49] LinuxAArch64NoEditor, [000001EF0F579A00][000001EF0FA64C80 49] LinuxClient, [000001EF0F5ED700][000001EF0FAACDC0 49] LinuxAArch64Client, [000001EF0F579000][000001EF0FAB0F00 49] LinuxServer, [000001EF0F5EF900][000001EF0FAB9080 49] LinuxAArch64Server, [000001EF0F579D00][000001EF0FABD200 49] Android, [000001EF0F5ED000][000001EF0FAC1380 49] Android_Low, [000001EF0F579900][000001EF0FAC5500 49] Android_Mid, [000001EF0F5EF800][000001EF0FAC9680 49] Android_High, [000001EF0F57A600][000001EF0FACD800 49] Android_Default, [000001EF0F5ED200][000001EF0FAD1980 49] Android_Adreno4xx, [000001EF0F57AE00][000001EF0FAD5B00 49] Android_Adreno5xx_Low, [000001EF0F5EC300][000001EF0FAD8100 49] Android_Adreno5xx, [000001EF0F583800][000001EF0FADC280 49] Android_Adreno6xx, [000001EF0F5CB700][000001EF0FAE0400 49] Android_Adreno6xx_Vulkan, [000001EF0F581000][000001EF0FAE4580 49] Android_Mali_T6xx, [000001EF0F5CAE00][000001EF0FAE8700 49] Android_Mali_T7xx, [000001EF0F581400][000001EF0FAEC880 49] Android_Mali_T8xx, [000001EF0F5C9A00][000001EF0FAF0A00 49] Android_Mali_G71, [000001EF0F580E00][000001EF0FAF4B80 49] Android_Mali_G72, [000001EF0F5CB900][000001EF0FAF8D00 49] Android_Mali_G72_Vulkan, [000001EF0F580400][000001EF0FAB4E40 49] Android_Mali_G76, [000001EF0F5CBD00][000001EF0FAFCF80 49] Android_Mali_G76_Vulkan, [000001EF0F583400][000001EF0FB010C0 49] Android_Mali_G77, [000001EF0F5CA900][000001EF0FB09240 49] Android_Mali_G77_Vulkan, [000001EF0F580B00][000001EF0FB0D3C0 49] Android_Mali_G78, [000001EF0F5CB400][000001EF0FB11540 49] Android_Mali_G78_Vulkan, [000001EF0F583900][000001EF0FB156C0 49] Android_Mali_G710, [000001EF0F5C8F00][000001EF0FB19840 49] Android_Mali_G710_Vulkan, [000001EF0F580F00][000001EF0FB1D9C0 49] Android_Vulkan_SM5, [000001EF0F5CBE00][000001EF0FB21B40 49] Android_PowerVR_G6xxx, [000001EF0F581500][000001EF0FB24140 49] Android_PowerVR_GT7xxx, [000001EF0F5C8100][000001EF0FB282C0 49] Android_PowerVR_GE8xxx, [000001EF0F582B00][000001EF0FB2C440 49] Android_PowerVR_GM9xxx, [000001EF0F5C8D00][000001EF0FB305C0 49] Android_PowerVR_GM9xxx_Vulkan, [000001EF0F580100][000001EF0FB34740 49] Android_TegraK1, [000001EF0F5CA600][000001EF0FB388C0 49] Android_Unknown_Vulkan, [000001EF0F581100][000001EF0FB3CA40 49] Lumin, [000001EF0F5C8300][000001EF0FB40BC0 49] Lumin_Desktop, [000001EF0F581300][000001EF0FB44D40 49] HoloLens, 
[2023.02.19-17.51.11:886][  0]LogMeshReduction: Using QuadricMeshReduction for automatic static mesh reduction
[2023.02.19-17.51.11:887][  0]LogMeshReduction: Using SimplygonMeshReduction for automatic skeletal mesh reduction
[2023.02.19-17.51.11:887][  0]LogMeshReduction: Using ProxyLODMeshReduction for automatic mesh merging
[2023.02.19-17.51.11:887][  0]LogMeshReduction: No distributed automatic mesh merging module available
[2023.02.19-17.51.11:887][  0]LogMeshMerging: No distributed automatic mesh merging module available
[2023.02.19-17.51.12:010][  0]LogNetVersion: Breaker 1.0.0, NetCL: 17155196, EngineNetVer: 17, GameNetVer: 0 (Checksum: 3269151611)
[2023.02.19-17.51.20:655][  0]LogTexture: Default maximum texture size for cubemaps generated from long-lat sources has been changed from 512 to unlimited. In order to preserve old behaiour for '/Engine/MapTemplates/Sky/DaylightAmbientCubemap.DaylightAmbientCubemap', its maximum texture size has been explicitly set to 512.
[2023.02.19-17.51.20:878][  0]LogHMD: PokeAHoleMaterial loaded successfully
[2023.02.19-17.51.20:885][  0]LogUObjectArray: 17178 objects as part of root set at end of initial load.
[2023.02.19-17.51.20:885][  0]LogUObjectAllocator: 4302048 out of 0 bytes used by permanent object pool.
[2023.02.19-17.51.20:886][  0]LogUObjectArray: CloseDisregardForGC: 0/0 objects in disregard for GC pool
[2023.02.19-17.51.23:080][  0]LogNiagaraDebuggerClient: Niagara Debugger Client Initialized | Session: 1A00C9F14F5E1552043FC29590E7F5C2 | Instance: 1BBAF7EA4EA15F8AED3D8BA2DEA43C66 (DESKTOP-R57RUMI-16496).
[2023.02.19-17.51.23:731][  0]LogTcpMessaging: Initializing TcpMessaging bridge
[2023.02.19-17.51.23:747][  0]LogUdpMessaging: Initializing bridge on interface 0.0.0.0:0 to multicast group 230.0.0.1:6666.
[2023.02.19-17.51.23:819][  0]LogPython: Using Python 3.7.7
[2023.02.19-17.51.26:664][  0]LogOpenImageDenoise: OIDN starting up
[2023.02.19-17.51.26:849][  0]LogAndroidPermission: UAndroidPermissionCallbackProxy::GetInstance
[2023.02.19-17.51.26:938][  0]LogAudioCaptureCore: Display: No Audio Capture implementations found. Audio input will be silent.
[2023.02.19-17.51.26:938][  0]LogAudioCaptureCore: Display: No Audio Capture implementations found. Audio input will be silent.
[2023.02.19-17.51.27:570][  0]SourceControl: Source control is disabled
[2023.02.19-17.51.27:571][  0]SourceControl: Source control is disabled
[2023.02.19-17.51.27:597][  0]SourceControl: Source control is disabled
[2023.02.19-17.51.27:617][  0]SourceControl: Source control is disabled
[2023.02.19-17.51.27:655][  0]SourceControl: Source control is disabled
[2023.02.19-17.51.27:659][  0]LogUProjectInfo: Found projects:
[2023.02.19-17.51.27:810][  0]LogCollectionManager: Loaded 0 collections in 0.001394 seconds
[2023.02.19-17.51.27:904][  0]LogFileCache: Scanning file cache for directory 'D:/Zack's Portfolio (up-to-date)/Breaker/Saved/Collections/' took 0.00s
[2023.02.19-17.51.27:904][  0]LogFileCache: Scanning file cache for directory 'D:/Zack's Portfolio (up-to-date)/Breaker/Content/Developers/beyon/Collections/' took 0.00s
[2023.02.19-17.51.27:905][  0]LogFileCache: Scanning file cache for directory 'D:/Zack's Portfolio (up-to-date)/Breaker/Content/Collections/' took 0.00s
[2023.02.19-17.51.27:926][  0]LogOcInput: OculusInput pre-init called
[2023.02.19-17.51.28:393][  0]LogEngine: Initializing Engine...
[2023.02.19-17.51.28:438][  0]LogHMD: Failed to enumerate extensions. Please check that you have a valid OpenXR runtime installed.
[2023.02.19-17.51.28:439][  0]LogHMD: Failed to initialize OpenVR with code 110
[2023.02.19-17.51.28:439][  0]LogMagicLeap: Warning: VR disabled because ZI is not enabled.  To enable, in the editor, Edit -> Project Settings -> Plugins -> Magic Leap Plugin -> Enable Zero Iteration
[2023.02.19-17.51.28:443][  0]LogStats: UGameplayTagsManager::InitializeManager -  0.001 s
[2023.02.19-17.51.28:853][  0]LogInit: Initializing FReadOnlyCVARCache
[2023.02.19-17.51.28:903][  0]LogAIModule: Creating AISystem for world Untitled
[2023.02.19-17.51.28:903][  0]LogAudio: Display: Initializing Audio Device Manager...
[2023.02.19-17.51.28:933][  0]LogAudio: Display: Loading Default Audio Settings Objects...
[2023.02.19-17.51.28:949][  0]LogAudio: Display: No default SoundConcurrencyObject specified (or failed to load).
[2023.02.19-17.51.28:949][  0]LogAudio: Display: Audio Device Manager Initialized
[2023.02.19-17.51.28:950][  0]LogAudio: Display: Creating Audio Device:                 Id: 1, Scope: Shared, Realtime: True
[2023.02.19-17.51.28:950][  0]LogAudioMixer: Display: Audio Mixer Platform Settings:
[2023.02.19-17.51.28:950][  0]LogAudioMixer: Display: 	Sample Rate:						  48000
[2023.02.19-17.51.28:950][  0]LogAudioMixer: Display: 	Callback Buffer Frame Size Requested: 1024
[2023.02.19-17.51.28:950][  0]LogAudioMixer: Display: 	Callback Buffer Frame Size To Use:	  1024
[2023.02.19-17.51.28:950][  0]LogAudioMixer: Display: 	Number of buffers to queue:			  2
[2023.02.19-17.51.28:950][  0]LogAudioMixer: Display: 	Max Channels (voices):				  32
[2023.02.19-17.51.28:950][  0]LogAudioMixer: Display: 	Number of Async Source Workers:		  0
[2023.02.19-17.51.28:950][  0]LogAudio: Display: AudioDevice MaxSources: 32
[2023.02.19-17.51.28:950][  0]LogAudio: Display: Audio Spatialization Plugin: None (built-in).
[2023.02.19-17.51.28:950][  0]LogAudio: Display: Audio Reverb Plugin: None (built-in).
[2023.02.19-17.51.28:951][  0]LogAudio: Display: Audio Occlusion Plugin: None (built-in).
[2023.02.19-17.51.28:951][  0]LogAudioMixer: Display: Initializing audio mixer.
[2023.02.19-17.51.28:987][  0]LogAudioMixer: Display: 0: FrontLeft
[2023.02.19-17.51.28:988][  0]LogAudioMixer: Display: 1: FrontRight
[2023.02.19-17.51.29:012][  0]LogAudioMixer: Display: Using Audio Device Speakers (Realtek(R) Audio)
[2023.02.19-17.51.29:013][  0]LogAudioMixer: Display: Initializing Sound Submixes...
[2023.02.19-17.51.29:048][  0]LogAudioMixer: Display: Creating Master Submix 'MasterSubmixDefault'
[2023.02.19-17.51.29:048][  0]LogAudioMixer: Display: Creating Master Submix 'MasterReverbSubmixDefault'
[2023.02.19-17.51.29:048][  0]LogAudioMixer: Display: Creating Master Submix 'MasterEQSubmixDefault'
[2023.02.19-17.51.29:048][  0]LogAudioMixer: FMixerPlatformXAudio2::StartAudioStream() called
[2023.02.19-17.51.29:048][  0]LogAudioMixer: Display: Output buffers initialized: Frames=1024, Channels=2, Samples=2048
[2023.02.19-17.51.29:050][  0]LogAudioMixer: Display: Starting AudioMixerPlatformInterface::RunInternal()
[2023.02.19-17.51.29:050][  0]LogAudioMixer: Display: FMixerPlatformXAudio2::SubmitBuffer() called for the first time
[2023.02.19-17.51.29:051][  0]LogInit: FAudioDevice initialized.
[2023.02.19-17.51.29:051][  0]LogAudio: Display: Audio Device (ID: 1) registered with world 'Untitled'.
[2023.02.19-17.51.29:051][  0]LogNetVersion: Set ProjectVersion to 1.0.0.0. Version Checksum will be recalculated on next use.
[2023.02.19-17.51.29:215][  0]LogDerivedDataCache: Saved boot cache 0.16s 94MB C:/Users/beyon/AppData/Local/UnrealEngine/4.27/DerivedDataCache/Boot.ddc.
[2023.02.19-17.51.29:215][  0]LogInit: Texture streaming: Enabled
[2023.02.19-17.51.29:300][  0]LogAnalytics: Display: [UEEditor.Rocket.Release] APIServer = https://datarouter.ol.epicgames.com/. AppVersion = 4.27.2-18319896+++UE4+Release-4.27
[2023.02.19-17.51.29:326][  0]LogEngineSessionManager: EngineSessionManager initialized
[2023.02.19-17.51.29:326][  0]LogEditorSessionSummary: Verbose: Initializing EditorSessionSummaryWriter for editor session tracking
[2023.02.19-17.51.29:327][  0]LogEditorSessionSummary: EditorSessionSummaryWriter initialized
[2023.02.19-17.51.29:465][  0]LogInit: Transaction tracking system initialized
[2023.02.19-17.51.29:765][  0]BlueprintLog: New page: Editor Load
[2023.02.19-17.51.30:240][  0]LocalizationService: Localization service is disabled
[2023.02.19-17.51.30:418][  0]TimingProfiler: Initialize
[2023.02.19-17.51.30:418][  0]TimingProfiler: OnSessionChanged
[2023.02.19-17.51.30:418][  0]LoadingProfiler: Initialize
[2023.02.19-17.51.30:418][  0]LoadingProfiler: OnSessionChanged
[2023.02.19-17.51.30:418][  0]NetworkingProfiler: Initialize
[2023.02.19-17.51.30:418][  0]NetworkingProfiler: OnSessionChanged
[2023.02.19-17.51.30:418][  0]MemoryProfiler: Initialize
[2023.02.19-17.51.30:419][  0]MemoryProfiler: OnSessionChanged
[2023.02.19-17.51.31:183][  0]LogCook: Display: CookSettings for Memory: MemoryMaxUsedVirtual 0MiB, MemoryMaxUsedPhysical 16384MiB, MemoryMinFreeVirtual 0MiB, MemoryMinFreePhysical 1024MiB
[2023.02.19-17.51.31:183][  0]LogCook: Display: Mobile HDR setting 1
[2023.02.19-17.51.31:827][  0]LogFileCache: Scanning file cache for directory 'D:/Zack's Portfolio (up-to-date)/Breaker/Content/' took 0.00s
[2023.02.19-17.51.32:740][  0]LogInit: Display: Engine is initialized. Leaving FEngineLoop::Init()
[2023.02.19-17.51.32:761][  0]SourceControl: Source control is disabled
[2023.02.19-17.51.32:762][  0]LogUnrealEdMisc: Loading editor; pre map load, took 36.408
[2023.02.19-17.51.32:762][  0]Cmd: MAP LOAD FILE="../../../../Zack's Portfolio (up-to-date)/Breaker/Content/Maps/LevelOne.umap" TEMPLATE=0 SHOWPROGRESS=1 FEATURELEVEL=3
[2023.02.19-17.51.32:763][  0]LightingResults: New page: Lighting Build
[2023.02.19-17.51.32:779][  0]LogWorld: UWorld::CleanupWorld for Untitled, bSessionEnded=true, bCleanupResources=true
[2023.02.19-17.51.32:779][  0]LogSlate: InvalidateAllWidgets triggered.  All widgets were invalidated
[2023.02.19-17.51.32:780][  0]MapCheck: New page: Map Check
[2023.02.19-17.51.32:780][  0]LightingResults: New page: Lighting Build
[2023.02.19-17.51.32:797][  0]LogAudio: Display: Audio Device unregistered from world 'None'.
[2023.02.19-17.51.32:809][  0]LogUObjectHash: Compacting FUObjectHashTables data took   3.22ms
[2023.02.19-17.51.32:957][  0]LogStaticMesh: Building static mesh BackdropMesh...
[2023.02.19-17.51.32:977][  0]LogStaticMesh: Built static mesh [0.02s] /Game/Meshes/BackdropMesh.BackdropMesh
[2023.02.19-17.51.32:983][  0]LogStaticMesh: Building static mesh WallMesh...
[2023.02.19-17.51.32:991][  0]LogStaticMesh: Built static mesh [0.01s] /Game/Meshes/WallMesh.WallMesh
[2023.02.19-17.51.32:997][  0]LogAudio: Display: Audio Device (ID: 1) registered with world 'LevelOne'.
[2023.02.19-17.51.32:998][  0]LogAIModule: Creating AISystem for world LevelOne
[2023.02.19-17.51.33:000][  0]LogEditorServer: Finished looking for orphan Actors (0.000 secs)
[2023.02.19-17.51.33:016][  0]LogUObjectHash: Compacting FUObjectHashTables data took   3.07ms
[2023.02.19-17.51.33:017][  0]Cmd: MAP CHECKDEP NOCLEARLOG
[2023.02.19-17.51.33:017][  0]MapCheck: Map check complete: 0 Error(s), 0 Warning(s), took 0.147ms to complete.
[2023.02.19-17.51.33:017][  0]LogFileHelpers: Loading map 'LevelOne' took 0.255
[2023.02.19-17.51.33:021][  0]LogUnrealEdMisc: Total Editor Startup Time, took 36.668
[2023.02.19-17.51.33:181][  0]LogSlate: Updating window title bar state: overlay mode, drag disabled, window buttons hidden, title bar hidden
[2023.02.19-17.51.33:187][  0]LogSlate: Updating window title bar state: overlay mode, drag disabled, window buttons hidden, title bar hidden
[2023.02.19-17.51.33:193][  0]LogSlate: Updating window title bar state: overlay mode, drag disabled, window buttons hidden, title bar hidden
[2023.02.19-17.51.33:200][  0]LogSlate: Updating window title bar state: overlay mode, drag disabled, window buttons hidden, title bar hidden
[2023.02.19-17.51.33:235][  0]LogNativeClassHierarchy: Verbose: Native class hierarchy populated in 0.0085 seconds. Added 3825 classes and 930 folders.
[2023.02.19-17.51.33:296][  0]LogNativeClassHierarchy: Verbose: Native class hierarchy updated for 'WidgetCarousel' in 0.0003 seconds. Added 0 classes and 0 folders.
[2023.02.19-17.51.33:327][  0]LogPakFile: PakFile PrimaryIndexSize=187
[2023.02.19-17.51.33:327][  0]LogPakFile: PakFile PathHashIndexSize=101
[2023.02.19-17.51.33:327][  0]LogPakFile: PakFile FullDirectoryIndexSize=148
[2023.02.19-17.51.33:327][  0]LogShaderLibrary: Display: ShaderCodeLibraryPakFileMountedCallback: PakFile 'D:/UE_4.27/FeaturePacks/FP_FirstPerson.upack' (chunk index -1, root 'root:/') mounted
[2023.02.19-17.51.33:327][  0]LogShaderLibrary: Display: ShaderCodeLibraryPakFileMountedCallback: pending pak file info (ChunkID:-1 Root:root:/ File:D:/UE_4.27/FeaturePacks/FP_FirstPerson.upack)
[2023.02.19-17.51.33:327][  0]LogPakFile: OnPakFileMounted2Time == 0.000142
[2023.02.19-17.51.33:341][  0]LogPakFile: PakFile PrimaryIndexSize=189
[2023.02.19-17.51.33:341][  0]LogPakFile: PakFile PathHashIndexSize=101
[2023.02.19-17.51.33:341][  0]LogPakFile: PakFile FullDirectoryIndexSize=152
[2023.02.19-17.51.33:341][  0]LogShaderLibrary: Display: ShaderCodeLibraryPakFileMountedCallback: PakFile 'D:/UE_4.27/FeaturePacks/FP_FirstPersonBP.upack' (chunk index -1, root 'root:/') mounted
[2023.02.19-17.51.33:341][  0]LogShaderLibrary: Display: ShaderCodeLibraryPakFileMountedCallback: pending pak file info (ChunkID:-1 Root:root:/ File:D:/UE_4.27/FeaturePacks/FP_FirstPersonBP.upack)
[2023.02.19-17.51.33:341][  0]LogPakFile: OnPakFileMounted2Time == 0.000119
[2023.02.19-17.51.33:370][  0]LogPakFile: PakFile PrimaryIndexSize=191
[2023.02.19-17.51.33:370][  0]LogPakFile: PakFile PathHashIndexSize=101
[2023.02.19-17.51.33:370][  0]LogPakFile: PakFile FullDirectoryIndexSize=160
[2023.02.19-17.51.33:370][  0]LogShaderLibrary: Display: ShaderCodeLibraryPakFileMountedCallback: PakFile 'D:/UE_4.27/FeaturePacks/MobileStarterContent.upack' (chunk index -1, root 'root:/') mounted
[2023.02.19-17.51.33:370][  0]LogShaderLibrary: Display: ShaderCodeLibraryPakFileMountedCallback: pending pak file info (ChunkID:-1 Root:root:/ File:D:/UE_4.27/FeaturePacks/MobileStarterContent.upack)
[2023.02.19-17.51.33:371][  0]LogPakFile: OnPakFileMounted2Time == 0.000142
[2023.02.19-17.51.33:380][  0]LogPakFile: PakFile PrimaryIndexSize=185
[2023.02.19-17.51.33:380][  0]LogPakFile: PakFile PathHashIndexSize=101
[2023.02.19-17.51.33:380][  0]LogPakFile: PakFile FullDirectoryIndexSize=148
[2023.02.19-17.51.33:380][  0]LogShaderLibrary: Display: ShaderCodeLibraryPakFileMountedCallback: PakFile 'D:/UE_4.27/FeaturePacks/StarterContent.upack' (chunk index -1, root 'root:/') mounted
[2023.02.19-17.51.33:380][  0]LogShaderLibrary: Display: ShaderCodeLibraryPakFileMountedCallback: pending pak file info (ChunkID:-1 Root:root:/ File:D:/UE_4.27/FeaturePacks/StarterContent.upack)
[2023.02.19-17.51.33:380][  0]LogPakFile: OnPakFileMounted2Time == 0.000114
[2023.02.19-17.51.33:390][  0]LogPakFile: PakFile PrimaryIndexSize=190
[2023.02.19-17.51.33:390][  0]LogPakFile: PakFile PathHashIndexSize=101
[2023.02.19-17.51.33:390][  0]LogPakFile: PakFile FullDirectoryIndexSize=154
[2023.02.19-17.51.33:390][  0]LogShaderLibrary: Display: ShaderCodeLibraryPakFileMountedCallback: PakFile 'D:/UE_4.27/FeaturePacks/TP_2DSideScroller.upack' (chunk index -1, root 'root:/') mounted
[2023.02.19-17.51.33:391][  0]LogShaderLibrary: Display: ShaderCodeLibraryPakFileMountedCallback: pending pak file info (ChunkID:-1 Root:root:/ File:D:/UE_4.27/FeaturePacks/TP_2DSideScroller.upack)
[2023.02.19-17.51.33:391][  0]LogPakFile: OnPakFileMounted2Time == 0.000119
[2023.02.19-17.51.33:411][  0]LogPakFile: PakFile PrimaryIndexSize=192
[2023.02.19-17.51.33:411][  0]LogPakFile: PakFile PathHashIndexSize=101
[2023.02.19-17.51.33:411][  0]LogPakFile: PakFile FullDirectoryIndexSize=158
[2023.02.19-17.51.33:411][  0]LogShaderLibrary: Display: ShaderCodeLibraryPakFileMountedCallback: PakFile 'D:/UE_4.27/FeaturePacks/TP_2DSideScrollerBP.upack' (chunk index -1, root 'root:/') mounted
[2023.02.19-17.51.33:411][  0]LogShaderLibrary: Display: ShaderCodeLibraryPakFileMountedCallback: pending pak file info (ChunkID:-1 Root:root:/ File:D:/UE_4.27/FeaturePacks/TP_2DSideScrollerBP.upack)
[2023.02.19-17.51.33:411][  0]LogPakFile: OnPakFileMounted2Time == 0.000158
[2023.02.19-17.51.33:424][  0]LogPakFile: PakFile PrimaryIndexSize=182
[2023.02.19-17.51.33:424][  0]LogPakFile: PakFile PathHashIndexSize=101
[2023.02.19-17.51.33:424][  0]LogPakFile: PakFile FullDirectoryIndexSize=138
[2023.02.19-17.51.33:424][  0]LogShaderLibrary: Display: ShaderCodeLibraryPakFileMountedCallback: PakFile 'D:/UE_4.27/FeaturePacks/TP_Flying.upack' (chunk index -1, root 'root:/') mounted
[2023.02.19-17.51.33:425][  0]LogShaderLibrary: Display: ShaderCodeLibraryPakFileMountedCallback: pending pak file info (ChunkID:-1 Root:root:/ File:D:/UE_4.27/FeaturePacks/TP_Flying.upack)
[2023.02.19-17.51.33:425][  0]LogPakFile: OnPakFileMounted2Time == 0.000170
[2023.02.19-17.51.33:434][  0]LogPakFile: PakFile PrimaryIndexSize=184
[2023.02.19-17.51.33:434][  0]LogPakFile: PakFile PathHashIndexSize=101
[2023.02.19-17.51.33:434][  0]LogPakFile: PakFile FullDirectoryIndexSize=142
[2023.02.19-17.51.33:434][  0]LogShaderLibrary: Display: ShaderCodeLibraryPakFileMountedCallback: PakFile 'D:/UE_4.27/FeaturePacks/TP_FlyingBP.upack' (chunk index -1, root 'root:/') mounted
[2023.02.19-17.51.33:434][  0]LogShaderLibrary: Display: ShaderCodeLibraryPakFileMountedCallback: pending pak file info (ChunkID:-1 Root:root:/ File:D:/UE_4.27/FeaturePacks/TP_FlyingBP.upack)
[2023.02.19-17.51.33:434][  0]LogPakFile: OnPakFileMounted2Time == 0.000137
[2023.02.19-17.51.33:457][  0]LogPakFile: PakFile PrimaryIndexSize=188
[2023.02.19-17.51.33:457][  0]LogPakFile: PakFile PathHashIndexSize=101
[2023.02.19-17.51.33:457][  0]LogPakFile: PakFile FullDirectoryIndexSize=150
[2023.02.19-17.51.33:457][  0]LogShaderLibrary: Display: ShaderCodeLibraryPakFileMountedCallback: PakFile 'D:/UE_4.27/FeaturePacks/TP_HandheldARBP.upack' (chunk index -1, root 'root:/') mounted
[2023.02.19-17.51.33:457][  0]LogShaderLibrary: Display: ShaderCodeLibraryPakFileMountedCallback: pending pak file info (ChunkID:-1 Root:root:/ File:D:/UE_4.27/FeaturePacks/TP_HandheldARBP.upack)
[2023.02.19-17.51.33:457][  0]LogPakFile: OnPakFileMounted2Time == 0.000112
[2023.02.19-17.51.33:475][  0]LogPakFile: PakFile PrimaryIndexSize=182
[2023.02.19-17.51.33:475][  0]LogPakFile: PakFile PathHashIndexSize=101
[2023.02.19-17.51.33:475][  0]LogPakFile: PakFile FullDirectoryIndexSize=138
[2023.02.19-17.51.33:475][  0]LogShaderLibrary: Display: ShaderCodeLibraryPakFileMountedCallback: PakFile 'D:/UE_4.27/FeaturePacks/TP_Puzzle.upack' (chunk index -1, root 'root:/') mounted
[2023.02.19-17.51.33:475][  0]LogShaderLibrary: Display: ShaderCodeLibraryPakFileMountedCallback: pending pak file info (ChunkID:-1 Root:root:/ File:D:/UE_4.27/FeaturePacks/TP_Puzzle.upack)
[2023.02.19-17.51.33:475][  0]LogPakFile: OnPakFileMounted2Time == 0.000187
[2023.02.19-17.51.33:489][  0]LogPakFile: PakFile PrimaryIndexSize=184
[2023.02.19-17.51.33:489][  0]LogPakFile: PakFile PathHashIndexSize=101
[2023.02.19-17.51.33:490][  0]LogPakFile: PakFile FullDirectoryIndexSize=142
[2023.02.19-17.51.33:490][  0]LogShaderLibrary: Display: ShaderCodeLibraryPakFileMountedCallback: PakFile 'D:/UE_4.27/FeaturePacks/TP_PuzzleBP.upack' (chunk index -1, root 'root:/') mounted
[2023.02.19-17.51.33:490][  0]LogShaderLibrary: Display: ShaderCodeLibraryPakFileMountedCallback: pending pak file info (ChunkID:-1 Root:root:/ File:D:/UE_4.27/FeaturePacks/TP_PuzzleBP.upack)
[2023.02.19-17.51.33:491][  0]LogPakFile: OnPakFileMounted2Time == 0.001013
[2023.02.19-17.51.33:493][  0]LogPakFile: PakFile PrimaryIndexSize=183
[2023.02.19-17.51.33:494][  0]LogPakFile: PakFile PathHashIndexSize=101
[2023.02.19-17.51.33:494][  0]LogPakFile: PakFile FullDirectoryIndexSize=140
[2023.02.19-17.51.33:494][  0]LogShaderLibrary: Display: ShaderCodeLibraryPakFileMountedCallback: PakFile 'D:/UE_4.27/FeaturePacks/TP_Rolling.upack' (chunk index -1, root 'root:/') mounted
[2023.02.19-17.51.33:494][  0]LogShaderLibrary: Display: ShaderCodeLibraryPakFileMountedCallback: pending pak file info (ChunkID:-1 Root:root:/ File:D:/UE_4.27/FeaturePacks/TP_Rolling.upack)
[2023.02.19-17.51.33:494][  0]LogPakFile: OnPakFileMounted2Time == 0.000142
[2023.02.19-17.51.33:510][  0]LogPakFile: PakFile PrimaryIndexSize=185
[2023.02.19-17.51.33:510][  0]LogPakFile: PakFile PathHashIndexSize=101
[2023.02.19-17.51.33:510][  0]LogPakFile: PakFile FullDirectoryIndexSize=144
[2023.02.19-17.51.33:510][  0]LogShaderLibrary: Display: ShaderCodeLibraryPakFileMountedCallback: PakFile 'D:/UE_4.27/FeaturePacks/TP_RollingBP.upack' (chunk index -1, root 'root:/') mounted
[2023.02.19-17.51.33:510][  0]LogShaderLibrary: Display: ShaderCodeLibraryPakFileMountedCallback: pending pak file info (ChunkID:-1 Root:root:/ File:D:/UE_4.27/FeaturePacks/TP_RollingBP.upack)
[2023.02.19-17.51.33:510][  0]LogPakFile: OnPakFileMounted2Time == 0.000116
[2023.02.19-17.51.33:551][  0]LogPakFile: PakFile PrimaryIndexSize=188
[2023.02.19-17.51.33:552][  0]LogPakFile: PakFile PathHashIndexSize=101
[2023.02.19-17.51.33:552][  0]LogPakFile: PakFile FullDirectoryIndexSize=150
[2023.02.19-17.51.33:552][  0]LogShaderLibrary: Display: ShaderCodeLibraryPakFileMountedCallback: PakFile 'D:/UE_4.27/FeaturePacks/TP_SideScroller.upack' (chunk index -1, root 'root:/') mounted
[2023.02.19-17.51.33:552][  0]LogShaderLibrary: Display: ShaderCodeLibraryPakFileMountedCallback: pending pak file info (ChunkID:-1 Root:root:/ File:D:/UE_4.27/FeaturePacks/TP_SideScroller.upack)
[2023.02.19-17.51.33:552][  0]LogPakFile: OnPakFileMounted2Time == 0.000113
[2023.02.19-17.51.33:553][  0]LogPakFile: PakFile PrimaryIndexSize=190
[2023.02.19-17.51.33:553][  0]LogPakFile: PakFile PathHashIndexSize=101
[2023.02.19-17.51.33:553][  0]LogPakFile: PakFile FullDirectoryIndexSize=154
[2023.02.19-17.51.33:554][  0]LogShaderLibrary: Display: ShaderCodeLibraryPakFileMountedCallback: PakFile 'D:/UE_4.27/FeaturePacks/TP_SideScrollerBP.upack' (chunk index -1, root 'root:/') mounted
[2023.02.19-17.51.33:554][  0]LogShaderLibrary: Display: ShaderCodeLibraryPakFileMountedCallback: pending pak file info (ChunkID:-1 Root:root:/ File:D:/UE_4.27/FeaturePacks/TP_SideScrollerBP.upack)
[2023.02.19-17.51.33:554][  0]LogPakFile: OnPakFileMounted2Time == 0.000123
[2023.02.19-17.51.33:555][  0]LogPakFile: PakFile PrimaryIndexSize=187
[2023.02.19-17.51.33:555][  0]LogPakFile: PakFile PathHashIndexSize=101
[2023.02.19-17.51.33:555][  0]LogPakFile: PakFile FullDirectoryIndexSize=148
[2023.02.19-17.51.33:555][  0]LogShaderLibrary: Display: ShaderCodeLibraryPakFileMountedCallback: PakFile 'D:/UE_4.27/FeaturePacks/TP_ThirdPerson.upack' (chunk index -1, root 'root:/') mounted
[2023.02.19-17.51.33:556][  0]LogShaderLibrary: Display: ShaderCodeLibraryPakFileMountedCallback: pending pak file info (ChunkID:-1 Root:root:/ File:D:/UE_4.27/FeaturePacks/TP_ThirdPerson.upack)
[2023.02.19-17.51.33:556][  0]LogPakFile: OnPakFileMounted2Time == 0.000113
[2023.02.19-17.51.33:557][  0]LogPakFile: PakFile PrimaryIndexSize=189
[2023.02.19-17.51.33:557][  0]LogPakFile: PakFile PathHashIndexSize=101
[2023.02.19-17.51.33:557][  0]LogPakFile: PakFile FullDirectoryIndexSize=152
[2023.02.19-17.51.33:557][  0]LogShaderLibrary: Display: ShaderCodeLibraryPakFileMountedCallback: PakFile 'D:/UE_4.27/FeaturePacks/TP_ThirdPersonBP.upack' (chunk index -1, root 'root:/') mounted
[2023.02.19-17.51.33:557][  0]LogShaderLibrary: Display: ShaderCodeLibraryPakFileMountedCallback: pending pak file info (ChunkID:-1 Root:root:/ File:D:/UE_4.27/FeaturePacks/TP_ThirdPersonBP.upack)
[2023.02.19-17.51.33:557][  0]LogPakFile: OnPakFileMounted2Time == 0.000151
[2023.02.19-17.51.33:559][  0]LogPakFile: PakFile PrimaryIndexSize=183
[2023.02.19-17.51.33:560][  0]LogPakFile: PakFile PathHashIndexSize=101
[2023.02.19-17.51.33:560][  0]LogPakFile: PakFile FullDirectoryIndexSize=140
[2023.02.19-17.51.33:560][  0]LogShaderLibrary: Display: ShaderCodeLibraryPakFileMountedCallback: PakFile 'D:/UE_4.27/FeaturePacks/TP_TopDown.upack' (chunk index -1, root 'root:/') mounted
[2023.02.19-17.51.33:560][  0]LogShaderLibrary: Display: ShaderCodeLibraryPakFileMountedCallback: pending pak file info (ChunkID:-1 Root:root:/ File:D:/UE_4.27/FeaturePacks/TP_TopDown.upack)
[2023.02.19-17.51.33:560][  0]LogPakFile: OnPakFileMounted2Time == 0.000117
[2023.02.19-17.51.33:561][  0]LogPakFile: PakFile PrimaryIndexSize=185
[2023.02.19-17.51.33:561][  0]LogPakFile: PakFile PathHashIndexSize=101
[2023.02.19-17.51.33:561][  0]LogPakFile: PakFile FullDirectoryIndexSize=144
[2023.02.19-17.51.33:561][  0]LogShaderLibrary: Display: ShaderCodeLibraryPakFileMountedCallback: PakFile 'D:/UE_4.27/FeaturePacks/TP_TopDownBP.upack' (chunk index -1, root 'root:/') mounted
[2023.02.19-17.51.33:561][  0]LogShaderLibrary: Display: ShaderCodeLibraryPakFileMountedCallback: pending pak file info (ChunkID:-1 Root:root:/ File:D:/UE_4.27/FeaturePacks/TP_TopDownBP.upack)
[2023.02.19-17.51.33:562][  0]LogPakFile: OnPakFileMounted2Time == 0.000159
[2023.02.19-17.51.33:563][  0]LogPakFile: PakFile PrimaryIndexSize=185
[2023.02.19-17.51.33:563][  0]LogPakFile: PakFile PathHashIndexSize=101
[2023.02.19-17.51.33:563][  0]LogPakFile: PakFile FullDirectoryIndexSize=144
[2023.02.19-17.51.33:563][  0]LogShaderLibrary: Display: ShaderCodeLibraryPakFileMountedCallback: PakFile 'D:/UE_4.27/FeaturePacks/TP_TwinStick.upack' (chunk index -1, root 'root:/') mounted
[2023.02.19-17.51.33:564][  0]LogShaderLibrary: Display: ShaderCodeLibraryPakFileMountedCallback: pending pak file info (ChunkID:-1 Root:root:/ File:D:/UE_4.27/FeaturePacks/TP_TwinStick.upack)
[2023.02.19-17.51.33:564][  0]LogPakFile: OnPakFileMounted2Time == 0.000130
[2023.02.19-17.51.33:565][  0]LogPakFile: PakFile PrimaryIndexSize=187
[2023.02.19-17.51.33:565][  0]LogPakFile: PakFile PathHashIndexSize=101
[2023.02.19-17.51.33:565][  0]LogPakFile: PakFile FullDirectoryIndexSize=148
[2023.02.19-17.51.33:565][  0]LogShaderLibrary: Display: ShaderCodeLibraryPakFileMountedCallback: PakFile 'D:/UE_4.27/FeaturePacks/TP_TwinStickBP.upack' (chunk index -1, root 'root:/') mounted
[2023.02.19-17.51.33:565][  0]LogShaderLibrary: Display: ShaderCodeLibraryPakFileMountedCallback: pending pak file info (ChunkID:-1 Root:root:/ File:D:/UE_4.27/FeaturePacks/TP_TwinStickBP.upack)
[2023.02.19-17.51.33:565][  0]LogPakFile: OnPakFileMounted2Time == 0.000109
[2023.02.19-17.51.33:582][  0]LogPakFile: PakFile PrimaryIndexSize=183
[2023.02.19-17.51.33:582][  0]LogPakFile: PakFile PathHashIndexSize=101
[2023.02.19-17.51.33:582][  0]LogPakFile: PakFile FullDirectoryIndexSize=140
[2023.02.19-17.51.33:582][  0]LogShaderLibrary: Display: ShaderCodeLibraryPakFileMountedCallback: PakFile 'D:/UE_4.27/FeaturePacks/TP_Vehicle.upack' (chunk index -1, root 'root:/') mounted
[2023.02.19-17.51.33:582][  0]LogShaderLibrary: Display: ShaderCodeLibraryPakFileMountedCallback: pending pak file info (ChunkID:-1 Root:root:/ File:D:/UE_4.27/FeaturePacks/TP_Vehicle.upack)
[2023.02.19-17.51.33:582][  0]LogPakFile: OnPakFileMounted2Time == 0.000161
[2023.02.19-17.51.33:584][  0]LogPakFile: PakFile PrimaryIndexSize=186
[2023.02.19-17.51.33:584][  0]LogPakFile: PakFile PathHashIndexSize=101
[2023.02.19-17.51.33:584][  0]LogPakFile: PakFile FullDirectoryIndexSize=146
[2023.02.19-17.51.33:584][  0]LogShaderLibrary: Display: ShaderCodeLibraryPakFileMountedCallback: PakFile 'D:/UE_4.27/FeaturePacks/TP_VehicleAdv.upack' (chunk index -1, root 'root:/') mounted
[2023.02.19-17.51.33:584][  0]LogShaderLibrary: Display: ShaderCodeLibraryPakFileMountedCallback: pending pak file info (ChunkID:-1 Root:root:/ File:D:/UE_4.27/FeaturePacks/TP_VehicleAdv.upack)
[2023.02.19-17.51.33:585][  0]LogPakFile: OnPakFileMounted2Time == 0.000154
[2023.02.19-17.51.33:587][  0]LogPakFile: PakFile PrimaryIndexSize=188
[2023.02.19-17.51.33:587][  0]LogPakFile: PakFile PathHashIndexSize=101
[2023.02.19-17.51.33:587][  0]LogPakFile: PakFile FullDirectoryIndexSize=150
[2023.02.19-17.51.33:587][  0]LogShaderLibrary: Display: ShaderCodeLibraryPakFileMountedCallback: PakFile 'D:/UE_4.27/FeaturePacks/TP_VehicleAdvBP.upack' (chunk index -1, root 'root:/') mounted
[2023.02.19-17.51.33:587][  0]LogShaderLibrary: Display: ShaderCodeLibraryPakFileMountedCallback: pending pak file info (ChunkID:-1 Root:root:/ File:D:/UE_4.27/FeaturePacks/TP_VehicleAdvBP.upack)
[2023.02.19-17.51.33:587][  0]LogPakFile: OnPakFileMounted2Time == 0.000137
[2023.02.19-17.51.33:589][  0]LogPakFile: PakFile PrimaryIndexSize=185
[2023.02.19-17.51.33:589][  0]LogPakFile: PakFile PathHashIndexSize=101
[2023.02.19-17.51.33:589][  0]LogPakFile: PakFile FullDirectoryIndexSize=144
[2023.02.19-17.51.33:589][  0]LogShaderLibrary: Display: ShaderCodeLibraryPakFileMountedCallback: PakFile 'D:/UE_4.27/FeaturePacks/TP_VehicleBP.upack' (chunk index -1, root 'root:/') mounted
[2023.02.19-17.51.33:589][  0]LogShaderLibrary: Display: ShaderCodeLibraryPakFileMountedCallback: pending pak file info (ChunkID:-1 Root:root:/ File:D:/UE_4.27/FeaturePacks/TP_VehicleBP.upack)
[2023.02.19-17.51.33:589][  0]LogPakFile: OnPakFileMounted2Time == 0.000105
[2023.02.19-17.51.33:591][  0]LogPakFile: PakFile PrimaryIndexSize=192
[2023.02.19-17.51.33:591][  0]LogPakFile: PakFile PathHashIndexSize=101
[2023.02.19-17.51.33:591][  0]LogPakFile: PakFile FullDirectoryIndexSize=158
[2023.02.19-17.51.33:591][  0]LogShaderLibrary: Display: ShaderCodeLibraryPakFileMountedCallback: PakFile 'D:/UE_4.27/FeaturePacks/TP_VirtualRealityBP.upack' (chunk index -1, root 'root:/') mounted
[2023.02.19-17.51.33:591][  0]LogShaderLibrary: Display: ShaderCodeLibraryPakFileMountedCallback: pending pak file info (ChunkID:-1 Root:root:/ File:D:/UE_4.27/FeaturePacks/TP_VirtualRealityBP.upack)
[2023.02.19-17.51.33:591][  0]LogPakFile: OnPakFileMounted2Time == 0.000141
[2023.02.19-17.51.34:077][  0]LogNativeClassHierarchy: Verbose: Native class hierarchy updated for 'AddContentDialog' in 0.0003 seconds. Added 0 classes and 0 folders.
[2023.02.19-17.51.34:078][  0]LogNativeClassHierarchy: Verbose: Native class hierarchy updated for 'SceneOutliner' in 0.0003 seconds. Added 2 classes and 0 folders.
[2023.02.19-17.51.34:129][  0]LogSlate: Took 0.019092 seconds to synchronously load lazily loaded font '../../../Engine/Content/Slate/Fonts/Roboto-Regular.ttf' (155K)
[2023.02.19-17.51.34:151][  0]LogSlate: Took 0.021134 seconds to synchronously load lazily loaded font '../../../Engine/Content/Editor/Slate/Fonts/FontAwesome.ttf' (139K)
[2023.02.19-17.51.34:163][  0]LogSlate: Took 0.011066 seconds to synchronously load lazily loaded font '../../../Engine/Content/Slate/Fonts/Roboto-Bold.ttf' (160K)
[2023.02.19-17.51.34:333][  0]LogRenderer: Reallocating scene render targets to support 1208x572 Format 10 NumSamples 1 (Frame:1).
[2023.02.19-17.51.34:371][  0]LogSlate: Took 0.010842 seconds to synchronously load lazily loaded font '../../../Engine/Content/Slate/Fonts/Roboto-Light.ttf' (167K)
[2023.02.19-17.51.34:509][  0]LogNativeClassHierarchy: Verbose: Native class hierarchy updated for 'HierarchicalLODOutliner' in 0.0002 seconds. Added 0 classes and 0 folders.
[2023.02.19-17.51.34:509][  0]LogLoad: (Engine Initialization) Total time: 38.16 seconds
[2023.02.19-17.51.34:509][  0]LogLoad: (Engine Initialization) Total Blueprint compile time: 0.00 seconds
[2023.02.19-17.51.34:544][  0]LogAssetRegistry: Asset discovery search completed in 23.9017 seconds
[2023.02.19-17.51.34:857][  0]LogCollectionManager: Fixed up redirectors for 0 collections in 0.000006 seconds (updated 0 objects)
[2023.02.19-17.51.34:861][  0]LogContentStreaming: Texture pool size now 1000 MB
[2023.02.19-17.51.41:340][660]LogUObjectHash: Compacting FUObjectHashTables data took   0.60ms
[2023.02.19-17.51.41:394][660]LogSlate: Window 'Breaker - Unreal Editor' being destroyed
[2023.02.19-17.51.41:646][661]Cmd: QUIT_EDITOR
[2023.02.19-17.51.41:646][661]LogCore: Engine exit requested (reason: UUnrealEdEngine::CloseEditor())
[2023.02.19-17.51.41:711][661]LogCore: Engine exit requested (reason: EngineExit() was called; note: exit was already requested)
[2023.02.19-17.51.41:876][661]LogAudio: Display: Beginning Audio Device Manager Shutdown (Module: AudioMixerXAudio2)...
[2023.02.19-17.51.41:876][661]LogAudio: Display: Destroying 1 Remaining Audio Device(s)...
[2023.02.19-17.51.41:877][661]LogAudio: Display: Audio Device unregistered from world 'LevelOne'.
[2023.02.19-17.51.41:879][661]LogAudioMixer: FMixerPlatformXAudio2::StopAudioStream() called
[2023.02.19-17.51.41:880][661]LogAudioMixer: FMixerPlatformXAudio2::StopAudioStream() called
[2023.02.19-17.51.41:894][661]LogAudio: Display: Audio Device Manager Shutdown
[2023.02.19-17.51.41:900][661]LogWindowsTextInputMethodSystem: Display: IME system deactivated.
[2023.02.19-17.51.41:912][661]LogExit: Preparing to exit.
[2023.02.19-17.51.42:041][661]LogUObjectHash: Compacting FUObjectHashTables data took   0.69ms
[2023.02.19-17.51.42:883][661]LogWorld: UWorld::CleanupWorld for World_0, bSessionEnded=true, bCleanupResources=true
[2023.02.19-17.51.43:049][661]LogDemo: Cleaned up 0 splitscreen connections with owner deletion
[2023.02.19-17.51.43:412][661]LogExit: Editor shut down
[2023.02.19-17.51.43:415][661]LogExit: Transaction tracking system shut down
